<?xml version="1.0" encoding="UTF-8"?>
<testsuite name="capstone.jejuTourrecommend.domain.Service.SpotListServiceTest" tests="1" skipped="0" failures="0" errors="0" timestamp="2022-10-10T05:33:46" hostname="Heon-MacBookPro.local" time="0.169">
  <properties/>
  <testcase name="postSpotListTest()" classname="capstone.jejuTourrecommend.domain.Service.SpotListServiceTest" time="0.169"/>
  <system-out><![CDATA[2022-10-10 14:33:46.766  INFO 4460 --- [    Test worker] .b.t.c.SpringBootTestContextBootstrapper : Neither @ContextConfiguration nor @ContextHierarchy found for test class [capstone.jejuTourrecommend.domain.Service.SpotListServiceTest], using SpringBootContextLoader
2022-10-10 14:33:46.767  INFO 4460 --- [    Test worker] o.s.t.c.support.AbstractContextLoader    : Could not detect default resource locations for test class [capstone.jejuTourrecommend.domain.Service.SpotListServiceTest]: no resource found for suffixes {-context.xml, Context.groovy}.
2022-10-10 14:33:46.767  INFO 4460 --- [    Test worker] t.c.s.AnnotationConfigContextLoaderUtils : Could not detect default configuration classes for test class [capstone.jejuTourrecommend.domain.Service.SpotListServiceTest]: SpotListServiceTest does not declare any static, non-private, non-final, nested classes annotated with @Configuration.
2022-10-10 14:33:46.767  INFO 4460 --- [    Test worker] .b.t.c.SpringBootTestContextBootstrapper : Found @SpringBootConfiguration capstone.jejuTourrecommend.JejuTourRecommendApplication for test class capstone.jejuTourrecommend.domain.Service.SpotListServiceTest
2022-10-10 14:33:46.768  INFO 4460 --- [    Test worker] .b.t.c.SpringBootTestContextBootstrapper : Loaded default TestExecutionListener class names from location [META-INF/spring.factories]: [org.springframework.boot.test.autoconfigure.restdocs.RestDocsTestExecutionListener, org.springframework.boot.test.autoconfigure.web.client.MockRestServiceServerResetTestExecutionListener, org.springframework.boot.test.autoconfigure.web.servlet.MockMvcPrintOnlyOnFailureTestExecutionListener, org.springframework.boot.test.autoconfigure.web.servlet.WebDriverTestExecutionListener, org.springframework.boot.test.autoconfigure.webservices.client.MockWebServiceServerTestExecutionListener, org.springframework.boot.test.mock.mockito.MockitoTestExecutionListener, org.springframework.boot.test.mock.mockito.ResetMocksTestExecutionListener, org.springframework.test.context.web.ServletTestExecutionListener, org.springframework.test.context.support.DirtiesContextBeforeModesTestExecutionListener, org.springframework.test.context.event.ApplicationEventsTestExecutionListener, org.springframework.test.context.support.DependencyInjectionTestExecutionListener, org.springframework.test.context.support.DirtiesContextTestExecutionListener, org.springframework.test.context.transaction.TransactionalTestExecutionListener, org.springframework.test.context.jdbc.SqlScriptsTestExecutionListener, org.springframework.test.context.event.EventPublishingTestExecutionListener]
2022-10-10 14:33:46.768  INFO 4460 --- [    Test worker] .b.t.c.SpringBootTestContextBootstrapper : Using TestExecutionListeners: [org.springframework.test.context.web.ServletTestExecutionListener@586fe6ee, org.springframework.test.context.support.DirtiesContextBeforeModesTestExecutionListener@51dcf51b, org.springframework.test.context.event.ApplicationEventsTestExecutionListener@6eb58fdd, org.springframework.boot.test.mock.mockito.MockitoTestExecutionListener@7a0619a8, org.springframework.boot.test.autoconfigure.SpringBootDependencyInjectionTestExecutionListener@5df9d890, org.springframework.test.context.support.DirtiesContextTestExecutionListener@6b3b9a19, org.springframework.test.context.transaction.TransactionalTestExecutionListener@29b23bc4, org.springframework.test.context.jdbc.SqlScriptsTestExecutionListener@6333ac03, org.springframework.test.context.event.EventPublishingTestExecutionListener@701dc5ad, org.springframework.boot.test.autoconfigure.restdocs.RestDocsTestExecutionListener@474172e5, org.springframework.boot.test.autoconfigure.web.client.MockRestServiceServerResetTestExecutionListener@7f951dd2, org.springframework.boot.test.autoconfigure.web.servlet.MockMvcPrintOnlyOnFailureTestExecutionListener@138f597, org.springframework.boot.test.autoconfigure.web.servlet.WebDriverTestExecutionListener@1f9678b0, org.springframework.boot.test.autoconfigure.webservices.client.MockWebServiceServerTestExecutionListener@538cf7fd, org.springframework.boot.test.mock.mockito.ResetMocksTestExecutionListener@4201bd3]
2022-10-10 14:33:46.769  INFO 4460 --- [    Test worker] o.s.t.c.transaction.TransactionContext   : Began transaction (1) for test context [DefaultTestContext@5a8a50b8 testClass = SpotListServiceTest, testInstance = capstone.jejuTourrecommend.domain.Service.SpotListServiceTest@5e7026b9, testMethod = postSpotListTest@SpotListServiceTest, testException = [null], mergedContextConfiguration = [WebMergedContextConfiguration@a426150 testClass = SpotListServiceTest, locations = '{}', classes = '{class capstone.jejuTourrecommend.JejuTourRecommendApplication}', contextInitializerClasses = '[]', activeProfiles = '{}', propertySourceLocations = '{}', propertySourceProperties = '{org.springframework.boot.test.context.SpringBootTestContextBootstrapper=true}', contextCustomizers = set[org.springframework.boot.test.autoconfigure.actuate.metrics.MetricsExportContextCustomizerFactory$DisableMetricExportContextCustomizer@749c877b, org.springframework.boot.test.autoconfigure.properties.PropertyMappingContextCustomizer@0, org.springframework.boot.test.autoconfigure.web.servlet.WebDriverContextCustomizerFactory$Customizer@60f7cc1d, org.springframework.boot.test.context.filter.ExcludeFilterContextCustomizer@207ea13, org.springframework.boot.test.json.DuplicateJsonObjectContextCustomizerFactory$DuplicateJsonObjectContextCustomizer@5827af16, org.springframework.boot.test.mock.mockito.MockitoContextCustomizer@0, org.springframework.boot.test.web.client.TestRestTemplateContextCustomizer@50fe837a, org.springframework.boot.test.context.SpringBootTestArgs@1, org.springframework.boot.test.context.SpringBootTestWebEnvironment@51bd8b5c], resourceBasePath = 'src/main/webapp', contextLoader = 'org.springframework.boot.test.context.SpringBootContextLoader', parent = [null]], attributes = map['org.springframework.test.context.web.ServletTestExecutionListener.activateListener' -> true, 'org.springframework.test.context.web.ServletTestExecutionListener.populatedRequestContextHolder' -> true, 'org.springframework.test.context.web.ServletTestExecutionListener.resetRequestContextHolder' -> true, 'org.springframework.test.context.event.ApplicationEventsTestExecutionListener.recordApplicationEvents' -> false]]; transaction manager [org.springframework.orm.jpa.JpaTransactionManager@4545ac62]; rollback [true]
2022-10-10 14:33:46.771  INFO 4460 --- [    Test worker] c.j.domain.Service.SpotListServiceTest   : member1 =Member(id=8, username=member1, email=member1@gmail.com, password=1234)
2022-10-10 14:33:46.771  INFO 4460 --- [    Test worker] p6spy                                    : #1665380026771 | took 0ms | statement | connection 18| url jdbc:h2:mem:ad3a9e80-f26d-4a3e-9691-17f803db5723
call next value for hibernate_sequence
call next value for hibernate_sequence;
2022-10-10 14:33:46.771  INFO 4460 --- [    Test worker] p6spy                                    : #1665380026771 | took 0ms | statement | connection 18| url jdbc:h2:mem:ad3a9e80-f26d-4a3e-9691-17f803db5723
call next value for hibernate_sequence
call next value for hibernate_sequence;
2022-10-10 14:33:46.771  INFO 4460 --- [    Test worker] p6spy                                    : #1665380026771 | took 0ms | statement | connection 18| url jdbc:h2:mem:ad3a9e80-f26d-4a3e-9691-17f803db5723
call next value for hibernate_sequence
call next value for hibernate_sequence;
2022-10-10 14:33:46.771  INFO 4460 --- [    Test worker] p6spy                                    : #1665380026771 | took 0ms | statement | connection 18| url jdbc:h2:mem:ad3a9e80-f26d-4a3e-9691-17f803db5723
call next value for hibernate_sequence
call next value for hibernate_sequence;
2022-10-10 14:33:46.772  INFO 4460 --- [    Test worker] p6spy                                    : #1665380026772 | took 0ms | statement | connection 18| url jdbc:h2:mem:ad3a9e80-f26d-4a3e-9691-17f803db5723
call next value for hibernate_sequence
call next value for hibernate_sequence;
2022-10-10 14:33:46.772  INFO 4460 --- [    Test worker] p6spy                                    : #1665380026772 | took 0ms | statement | connection 18| url jdbc:h2:mem:ad3a9e80-f26d-4a3e-9691-17f803db5723
call next value for hibernate_sequence
call next value for hibernate_sequence;
2022-10-10 14:33:46.772  INFO 4460 --- [    Test worker] p6spy                                    : #1665380026772 | took 0ms | statement | connection 18| url jdbc:h2:mem:ad3a9e80-f26d-4a3e-9691-17f803db5723
call next value for hibernate_sequence
call next value for hibernate_sequence;
2022-10-10 14:33:46.772  INFO 4460 --- [    Test worker] p6spy                                    : #1665380026772 | took 0ms | statement | connection 18| url jdbc:h2:mem:ad3a9e80-f26d-4a3e-9691-17f803db5723
call next value for hibernate_sequence
call next value for hibernate_sequence;
2022-10-10 14:33:46.772  INFO 4460 --- [    Test worker] p6spy                                    : #1665380026772 | took 0ms | statement | connection 18| url jdbc:h2:mem:ad3a9e80-f26d-4a3e-9691-17f803db5723
call next value for hibernate_sequence
call next value for hibernate_sequence;
2022-10-10 14:33:46.772  INFO 4460 --- [    Test worker] p6spy                                    : #1665380026772 | took 0ms | statement | connection 18| url jdbc:h2:mem:ad3a9e80-f26d-4a3e-9691-17f803db5723
call next value for hibernate_sequence
call next value for hibernate_sequence;
2022-10-10 14:33:46.772  INFO 4460 --- [    Test worker] p6spy                                    : #1665380026772 | took 0ms | statement | connection 18| url jdbc:h2:mem:ad3a9e80-f26d-4a3e-9691-17f803db5723
call next value for hibernate_sequence
call next value for hibernate_sequence;
2022-10-10 14:33:46.772  INFO 4460 --- [    Test worker] p6spy                                    : #1665380026772 | took 0ms | statement | connection 18| url jdbc:h2:mem:ad3a9e80-f26d-4a3e-9691-17f803db5723
call next value for hibernate_sequence
call next value for hibernate_sequence;
2022-10-10 14:33:46.772  INFO 4460 --- [    Test worker] p6spy                                    : #1665380026772 | took 0ms | statement | connection 18| url jdbc:h2:mem:ad3a9e80-f26d-4a3e-9691-17f803db5723
call next value for hibernate_sequence
call next value for hibernate_sequence;
2022-10-10 14:33:46.773  INFO 4460 --- [    Test worker] p6spy                                    : #1665380026773 | took 0ms | statement | connection 18| url jdbc:h2:mem:ad3a9e80-f26d-4a3e-9691-17f803db5723
call next value for hibernate_sequence
call next value for hibernate_sequence;
2022-10-10 14:33:46.773  INFO 4460 --- [    Test worker] p6spy                                    : #1665380026773 | took 0ms | statement | connection 18| url jdbc:h2:mem:ad3a9e80-f26d-4a3e-9691-17f803db5723
call next value for hibernate_sequence
call next value for hibernate_sequence;
2022-10-10 14:33:46.773  INFO 4460 --- [    Test worker] p6spy                                    : #1665380026773 | took 0ms | statement | connection 18| url jdbc:h2:mem:ad3a9e80-f26d-4a3e-9691-17f803db5723
call next value for hibernate_sequence
call next value for hibernate_sequence;
2022-10-10 14:33:46.773  INFO 4460 --- [    Test worker] p6spy                                    : #1665380026773 | took 0ms | statement | connection 18| url jdbc:h2:mem:ad3a9e80-f26d-4a3e-9691-17f803db5723
call next value for hibernate_sequence
call next value for hibernate_sequence;
2022-10-10 14:33:46.773  INFO 4460 --- [    Test worker] p6spy                                    : #1665380026773 | took 0ms | statement | connection 18| url jdbc:h2:mem:ad3a9e80-f26d-4a3e-9691-17f803db5723
call next value for hibernate_sequence
call next value for hibernate_sequence;
2022-10-10 14:33:46.773  INFO 4460 --- [    Test worker] p6spy                                    : #1665380026773 | took 0ms | statement | connection 18| url jdbc:h2:mem:ad3a9e80-f26d-4a3e-9691-17f803db5723
call next value for hibernate_sequence
call next value for hibernate_sequence;
2022-10-10 14:33:46.773  INFO 4460 --- [    Test worker] p6spy                                    : #1665380026773 | took 0ms | statement | connection 18| url jdbc:h2:mem:ad3a9e80-f26d-4a3e-9691-17f803db5723
call next value for hibernate_sequence
call next value for hibernate_sequence;
2022-10-10 14:33:46.773  INFO 4460 --- [    Test worker] p6spy                                    : #1665380026773 | took 0ms | statement | connection 18| url jdbc:h2:mem:ad3a9e80-f26d-4a3e-9691-17f803db5723
call next value for hibernate_sequence
call next value for hibernate_sequence;
2022-10-10 14:33:46.773  INFO 4460 --- [    Test worker] p6spy                                    : #1665380026773 | took 0ms | statement | connection 18| url jdbc:h2:mem:ad3a9e80-f26d-4a3e-9691-17f803db5723
call next value for hibernate_sequence
call next value for hibernate_sequence;
2022-10-10 14:33:46.773  INFO 4460 --- [    Test worker] p6spy                                    : #1665380026773 | took 0ms | statement | connection 18| url jdbc:h2:mem:ad3a9e80-f26d-4a3e-9691-17f803db5723
call next value for hibernate_sequence
call next value for hibernate_sequence;
2022-10-10 14:33:46.774  INFO 4460 --- [    Test worker] p6spy                                    : #1665380026774 | took 0ms | statement | connection 18| url jdbc:h2:mem:ad3a9e80-f26d-4a3e-9691-17f803db5723
call next value for hibernate_sequence
call next value for hibernate_sequence;
2022-10-10 14:33:46.774  INFO 4460 --- [    Test worker] p6spy                                    : #1665380026774 | took 0ms | statement | connection 18| url jdbc:h2:mem:ad3a9e80-f26d-4a3e-9691-17f803db5723
call next value for hibernate_sequence
call next value for hibernate_sequence;
2022-10-10 14:33:46.774  INFO 4460 --- [    Test worker] p6spy                                    : #1665380026774 | took 0ms | statement | connection 18| url jdbc:h2:mem:ad3a9e80-f26d-4a3e-9691-17f803db5723
call next value for hibernate_sequence
call next value for hibernate_sequence;
2022-10-10 14:33:46.774  INFO 4460 --- [    Test worker] p6spy                                    : #1665380026774 | took 0ms | statement | connection 18| url jdbc:h2:mem:ad3a9e80-f26d-4a3e-9691-17f803db5723
call next value for hibernate_sequence
call next value for hibernate_sequence;
2022-10-10 14:33:46.774  INFO 4460 --- [    Test worker] p6spy                                    : #1665380026774 | took 0ms | statement | connection 18| url jdbc:h2:mem:ad3a9e80-f26d-4a3e-9691-17f803db5723
call next value for hibernate_sequence
call next value for hibernate_sequence;
2022-10-10 14:33:46.774  INFO 4460 --- [    Test worker] p6spy                                    : #1665380026774 | took 0ms | statement | connection 18| url jdbc:h2:mem:ad3a9e80-f26d-4a3e-9691-17f803db5723
call next value for hibernate_sequence
call next value for hibernate_sequence;
2022-10-10 14:33:46.775  INFO 4460 --- [    Test worker] p6spy                                    : #1665380026775 | took 0ms | statement | connection 18| url jdbc:h2:mem:ad3a9e80-f26d-4a3e-9691-17f803db5723
call next value for hibernate_sequence
call next value for hibernate_sequence;
2022-10-10 14:33:46.775  INFO 4460 --- [    Test worker] p6spy                                    : #1665380026775 | took 0ms | statement | connection 18| url jdbc:h2:mem:ad3a9e80-f26d-4a3e-9691-17f803db5723
call next value for hibernate_sequence
call next value for hibernate_sequence;
2022-10-10 14:33:46.775  INFO 4460 --- [    Test worker] p6spy                                    : #1665380026775 | took 0ms | statement | connection 18| url jdbc:h2:mem:ad3a9e80-f26d-4a3e-9691-17f803db5723
call next value for hibernate_sequence
call next value for hibernate_sequence;
2022-10-10 14:33:46.775  INFO 4460 --- [    Test worker] p6spy                                    : #1665380026775 | took 0ms | statement | connection 18| url jdbc:h2:mem:ad3a9e80-f26d-4a3e-9691-17f803db5723
call next value for hibernate_sequence
call next value for hibernate_sequence;
2022-10-10 14:33:46.775  INFO 4460 --- [    Test worker] p6spy                                    : #1665380026775 | took 0ms | statement | connection 18| url jdbc:h2:mem:ad3a9e80-f26d-4a3e-9691-17f803db5723
call next value for hibernate_sequence
call next value for hibernate_sequence;
2022-10-10 14:33:46.775  INFO 4460 --- [    Test worker] p6spy                                    : #1665380026775 | took 0ms | statement | connection 18| url jdbc:h2:mem:ad3a9e80-f26d-4a3e-9691-17f803db5723
call next value for hibernate_sequence
call next value for hibernate_sequence;
2022-10-10 14:33:46.775  INFO 4460 --- [    Test worker] p6spy                                    : #1665380026775 | took 0ms | statement | connection 18| url jdbc:h2:mem:ad3a9e80-f26d-4a3e-9691-17f803db5723
call next value for hibernate_sequence
call next value for hibernate_sequence;
2022-10-10 14:33:46.775  INFO 4460 --- [    Test worker] p6spy                                    : #1665380026775 | took 0ms | statement | connection 18| url jdbc:h2:mem:ad3a9e80-f26d-4a3e-9691-17f803db5723
call next value for hibernate_sequence
call next value for hibernate_sequence;
2022-10-10 14:33:46.775  INFO 4460 --- [    Test worker] p6spy                                    : #1665380026775 | took 0ms | statement | connection 18| url jdbc:h2:mem:ad3a9e80-f26d-4a3e-9691-17f803db5723
call next value for hibernate_sequence
call next value for hibernate_sequence;
2022-10-10 14:33:46.776  INFO 4460 --- [    Test worker] p6spy                                    : #1665380026776 | took 0ms | statement | connection 18| url jdbc:h2:mem:ad3a9e80-f26d-4a3e-9691-17f803db5723
call next value for hibernate_sequence
call next value for hibernate_sequence;
2022-10-10 14:33:46.776  INFO 4460 --- [    Test worker] p6spy                                    : #1665380026776 | took 0ms | statement | connection 18| url jdbc:h2:mem:ad3a9e80-f26d-4a3e-9691-17f803db5723
call next value for hibernate_sequence
call next value for hibernate_sequence;
2022-10-10 14:33:46.776  INFO 4460 --- [    Test worker] p6spy                                    : #1665380026776 | took 0ms | statement | connection 18| url jdbc:h2:mem:ad3a9e80-f26d-4a3e-9691-17f803db5723
call next value for hibernate_sequence
call next value for hibernate_sequence;
2022-10-10 14:33:46.776  INFO 4460 --- [    Test worker] p6spy                                    : #1665380026776 | took 0ms | statement | connection 18| url jdbc:h2:mem:ad3a9e80-f26d-4a3e-9691-17f803db5723
call next value for hibernate_sequence
call next value for hibernate_sequence;
2022-10-10 14:33:46.776  INFO 4460 --- [    Test worker] p6spy                                    : #1665380026776 | took 0ms | statement | connection 18| url jdbc:h2:mem:ad3a9e80-f26d-4a3e-9691-17f803db5723
call next value for hibernate_sequence
call next value for hibernate_sequence;
2022-10-10 14:33:46.776  INFO 4460 --- [    Test worker] p6spy                                    : #1665380026776 | took 0ms | statement | connection 18| url jdbc:h2:mem:ad3a9e80-f26d-4a3e-9691-17f803db5723
call next value for hibernate_sequence
call next value for hibernate_sequence;
2022-10-10 14:33:46.776  INFO 4460 --- [    Test worker] p6spy                                    : #1665380026776 | took 0ms | statement | connection 18| url jdbc:h2:mem:ad3a9e80-f26d-4a3e-9691-17f803db5723
call next value for hibernate_sequence
call next value for hibernate_sequence;
2022-10-10 14:33:46.776  INFO 4460 --- [    Test worker] p6spy                                    : #1665380026776 | took 0ms | statement | connection 18| url jdbc:h2:mem:ad3a9e80-f26d-4a3e-9691-17f803db5723
call next value for hibernate_sequence
call next value for hibernate_sequence;
2022-10-10 14:33:46.776  INFO 4460 --- [    Test worker] p6spy                                    : #1665380026776 | took 0ms | statement | connection 18| url jdbc:h2:mem:ad3a9e80-f26d-4a3e-9691-17f803db5723
call next value for hibernate_sequence
call next value for hibernate_sequence;
2022-10-10 14:33:46.777  INFO 4460 --- [    Test worker] p6spy                                    : #1665380026776 | took 0ms | statement | connection 18| url jdbc:h2:mem:ad3a9e80-f26d-4a3e-9691-17f803db5723
call next value for hibernate_sequence
call next value for hibernate_sequence;
2022-10-10 14:33:46.777  INFO 4460 --- [    Test worker] p6spy                                    : #1665380026777 | took 0ms | statement | connection 18| url jdbc:h2:mem:ad3a9e80-f26d-4a3e-9691-17f803db5723
call next value for hibernate_sequence
call next value for hibernate_sequence;
2022-10-10 14:33:46.777  INFO 4460 --- [    Test worker] p6spy                                    : #1665380026777 | took 0ms | statement | connection 18| url jdbc:h2:mem:ad3a9e80-f26d-4a3e-9691-17f803db5723
call next value for hibernate_sequence
call next value for hibernate_sequence;
2022-10-10 14:33:46.777  INFO 4460 --- [    Test worker] p6spy                                    : #1665380026777 | took 0ms | statement | connection 18| url jdbc:h2:mem:ad3a9e80-f26d-4a3e-9691-17f803db5723
call next value for hibernate_sequence
call next value for hibernate_sequence;
2022-10-10 14:33:46.777  INFO 4460 --- [    Test worker] p6spy                                    : #1665380026777 | took 0ms | statement | connection 18| url jdbc:h2:mem:ad3a9e80-f26d-4a3e-9691-17f803db5723
call next value for hibernate_sequence
call next value for hibernate_sequence;
2022-10-10 14:33:46.777  INFO 4460 --- [    Test worker] p6spy                                    : #1665380026777 | took 0ms | statement | connection 18| url jdbc:h2:mem:ad3a9e80-f26d-4a3e-9691-17f803db5723
call next value for hibernate_sequence
call next value for hibernate_sequence;
2022-10-10 14:33:46.777  INFO 4460 --- [    Test worker] p6spy                                    : #1665380026777 | took 0ms | statement | connection 18| url jdbc:h2:mem:ad3a9e80-f26d-4a3e-9691-17f803db5723
call next value for hibernate_sequence
call next value for hibernate_sequence;
2022-10-10 14:33:46.777  INFO 4460 --- [    Test worker] p6spy                                    : #1665380026777 | took 0ms | statement | connection 18| url jdbc:h2:mem:ad3a9e80-f26d-4a3e-9691-17f803db5723
call next value for hibernate_sequence
call next value for hibernate_sequence;
2022-10-10 14:33:46.777  INFO 4460 --- [    Test worker] p6spy                                    : #1665380026777 | took 0ms | statement | connection 18| url jdbc:h2:mem:ad3a9e80-f26d-4a3e-9691-17f803db5723
call next value for hibernate_sequence
call next value for hibernate_sequence;
2022-10-10 14:33:46.777  INFO 4460 --- [    Test worker] p6spy                                    : #1665380026777 | took 0ms | statement | connection 18| url jdbc:h2:mem:ad3a9e80-f26d-4a3e-9691-17f803db5723
call next value for hibernate_sequence
call next value for hibernate_sequence;
2022-10-10 14:33:46.778  INFO 4460 --- [    Test worker] p6spy                                    : #1665380026778 | took 0ms | statement | connection 18| url jdbc:h2:mem:ad3a9e80-f26d-4a3e-9691-17f803db5723
call next value for hibernate_sequence
call next value for hibernate_sequence;
2022-10-10 14:33:46.778  INFO 4460 --- [    Test worker] p6spy                                    : #1665380026778 | took 0ms | statement | connection 18| url jdbc:h2:mem:ad3a9e80-f26d-4a3e-9691-17f803db5723
call next value for hibernate_sequence
call next value for hibernate_sequence;
2022-10-10 14:33:46.778  INFO 4460 --- [    Test worker] p6spy                                    : #1665380026778 | took 0ms | statement | connection 18| url jdbc:h2:mem:ad3a9e80-f26d-4a3e-9691-17f803db5723
call next value for hibernate_sequence
call next value for hibernate_sequence;
2022-10-10 14:33:46.778  INFO 4460 --- [    Test worker] p6spy                                    : #1665380026778 | took 0ms | statement | connection 18| url jdbc:h2:mem:ad3a9e80-f26d-4a3e-9691-17f803db5723
call next value for hibernate_sequence
call next value for hibernate_sequence;
2022-10-10 14:33:46.778  INFO 4460 --- [    Test worker] p6spy                                    : #1665380026778 | took 0ms | statement | connection 18| url jdbc:h2:mem:ad3a9e80-f26d-4a3e-9691-17f803db5723
call next value for hibernate_sequence
call next value for hibernate_sequence;
2022-10-10 14:33:46.778  INFO 4460 --- [    Test worker] p6spy                                    : #1665380026778 | took 0ms | statement | connection 18| url jdbc:h2:mem:ad3a9e80-f26d-4a3e-9691-17f803db5723
call next value for hibernate_sequence
call next value for hibernate_sequence;
2022-10-10 14:33:46.778  INFO 4460 --- [    Test worker] p6spy                                    : #1665380026778 | took 0ms | statement | connection 18| url jdbc:h2:mem:ad3a9e80-f26d-4a3e-9691-17f803db5723
call next value for hibernate_sequence
call next value for hibernate_sequence;
2022-10-10 14:33:46.778  INFO 4460 --- [    Test worker] p6spy                                    : #1665380026778 | took 0ms | statement | connection 18| url jdbc:h2:mem:ad3a9e80-f26d-4a3e-9691-17f803db5723
call next value for hibernate_sequence
call next value for hibernate_sequence;
2022-10-10 14:33:46.778  INFO 4460 --- [    Test worker] p6spy                                    : #1665380026778 | took 0ms | statement | connection 18| url jdbc:h2:mem:ad3a9e80-f26d-4a3e-9691-17f803db5723
call next value for hibernate_sequence
call next value for hibernate_sequence;
2022-10-10 14:33:46.778  INFO 4460 --- [    Test worker] p6spy                                    : #1665380026778 | took 0ms | statement | connection 18| url jdbc:h2:mem:ad3a9e80-f26d-4a3e-9691-17f803db5723
call next value for hibernate_sequence
call next value for hibernate_sequence;
2022-10-10 14:33:46.779  INFO 4460 --- [    Test worker] p6spy                                    : #1665380026779 | took 0ms | statement | connection 18| url jdbc:h2:mem:ad3a9e80-f26d-4a3e-9691-17f803db5723
call next value for hibernate_sequence
call next value for hibernate_sequence;
2022-10-10 14:33:46.779  INFO 4460 --- [    Test worker] p6spy                                    : #1665380026779 | took 0ms | statement | connection 18| url jdbc:h2:mem:ad3a9e80-f26d-4a3e-9691-17f803db5723
call next value for hibernate_sequence
call next value for hibernate_sequence;
2022-10-10 14:33:46.779  INFO 4460 --- [    Test worker] p6spy                                    : #1665380026779 | took 0ms | statement | connection 18| url jdbc:h2:mem:ad3a9e80-f26d-4a3e-9691-17f803db5723
call next value for hibernate_sequence
call next value for hibernate_sequence;
2022-10-10 14:33:46.779  INFO 4460 --- [    Test worker] p6spy                                    : #1665380026779 | took 0ms | statement | connection 18| url jdbc:h2:mem:ad3a9e80-f26d-4a3e-9691-17f803db5723
call next value for hibernate_sequence
call next value for hibernate_sequence;
2022-10-10 14:33:46.779  INFO 4460 --- [    Test worker] p6spy                                    : #1665380026779 | took 0ms | statement | connection 18| url jdbc:h2:mem:ad3a9e80-f26d-4a3e-9691-17f803db5723
call next value for hibernate_sequence
call next value for hibernate_sequence;
2022-10-10 14:33:46.779  INFO 4460 --- [    Test worker] p6spy                                    : #1665380026779 | took 0ms | statement | connection 18| url jdbc:h2:mem:ad3a9e80-f26d-4a3e-9691-17f803db5723
call next value for hibernate_sequence
call next value for hibernate_sequence;
2022-10-10 14:33:46.780  INFO 4460 --- [    Test worker] p6spy                                    : #1665380026780 | took 0ms | statement | connection 18| url jdbc:h2:mem:ad3a9e80-f26d-4a3e-9691-17f803db5723
call next value for hibernate_sequence
call next value for hibernate_sequence;
2022-10-10 14:33:46.780  INFO 4460 --- [    Test worker] p6spy                                    : #1665380026780 | took 0ms | statement | connection 18| url jdbc:h2:mem:ad3a9e80-f26d-4a3e-9691-17f803db5723
call next value for hibernate_sequence
call next value for hibernate_sequence;
2022-10-10 14:33:46.780  INFO 4460 --- [    Test worker] p6spy                                    : #1665380026780 | took 0ms | statement | connection 18| url jdbc:h2:mem:ad3a9e80-f26d-4a3e-9691-17f803db5723
call next value for hibernate_sequence
call next value for hibernate_sequence;
2022-10-10 14:33:46.780  INFO 4460 --- [    Test worker] p6spy                                    : #1665380026780 | took 0ms | statement | connection 18| url jdbc:h2:mem:ad3a9e80-f26d-4a3e-9691-17f803db5723
call next value for hibernate_sequence
call next value for hibernate_sequence;
2022-10-10 14:33:46.780  INFO 4460 --- [    Test worker] p6spy                                    : #1665380026780 | took 0ms | statement | connection 18| url jdbc:h2:mem:ad3a9e80-f26d-4a3e-9691-17f803db5723
call next value for hibernate_sequence
call next value for hibernate_sequence;
2022-10-10 14:33:46.780  INFO 4460 --- [    Test worker] p6spy                                    : #1665380026780 | took 0ms | statement | connection 18| url jdbc:h2:mem:ad3a9e80-f26d-4a3e-9691-17f803db5723
call next value for hibernate_sequence
call next value for hibernate_sequence;
2022-10-10 14:33:46.780  INFO 4460 --- [    Test worker] p6spy                                    : #1665380026780 | took 0ms | statement | connection 18| url jdbc:h2:mem:ad3a9e80-f26d-4a3e-9691-17f803db5723
call next value for hibernate_sequence
call next value for hibernate_sequence;
2022-10-10 14:33:46.780  INFO 4460 --- [    Test worker] p6spy                                    : #1665380026780 | took 0ms | statement | connection 18| url jdbc:h2:mem:ad3a9e80-f26d-4a3e-9691-17f803db5723
call next value for hibernate_sequence
call next value for hibernate_sequence;
2022-10-10 14:33:46.780  INFO 4460 --- [    Test worker] p6spy                                    : #1665380026780 | took 0ms | statement | connection 18| url jdbc:h2:mem:ad3a9e80-f26d-4a3e-9691-17f803db5723
call next value for hibernate_sequence
call next value for hibernate_sequence;
2022-10-10 14:33:46.780  INFO 4460 --- [    Test worker] p6spy                                    : #1665380026780 | took 0ms | statement | connection 18| url jdbc:h2:mem:ad3a9e80-f26d-4a3e-9691-17f803db5723
call next value for hibernate_sequence
call next value for hibernate_sequence;
2022-10-10 14:33:46.780  INFO 4460 --- [    Test worker] p6spy                                    : #1665380026780 | took 0ms | statement | connection 18| url jdbc:h2:mem:ad3a9e80-f26d-4a3e-9691-17f803db5723
call next value for hibernate_sequence
call next value for hibernate_sequence;
2022-10-10 14:33:46.781  INFO 4460 --- [    Test worker] p6spy                                    : #1665380026781 | took 0ms | statement | connection 18| url jdbc:h2:mem:ad3a9e80-f26d-4a3e-9691-17f803db5723
call next value for hibernate_sequence
call next value for hibernate_sequence;
2022-10-10 14:33:46.781  INFO 4460 --- [    Test worker] p6spy                                    : #1665380026781 | took 0ms | statement | connection 18| url jdbc:h2:mem:ad3a9e80-f26d-4a3e-9691-17f803db5723
call next value for hibernate_sequence
call next value for hibernate_sequence;
2022-10-10 14:33:46.781  INFO 4460 --- [    Test worker] p6spy                                    : #1665380026781 | took 0ms | statement | connection 18| url jdbc:h2:mem:ad3a9e80-f26d-4a3e-9691-17f803db5723
call next value for hibernate_sequence
call next value for hibernate_sequence;
2022-10-10 14:33:46.781  INFO 4460 --- [    Test worker] p6spy                                    : #1665380026781 | took 0ms | statement | connection 18| url jdbc:h2:mem:ad3a9e80-f26d-4a3e-9691-17f803db5723
call next value for hibernate_sequence
call next value for hibernate_sequence;
2022-10-10 14:33:46.781  INFO 4460 --- [    Test worker] p6spy                                    : #1665380026781 | took 0ms | statement | connection 18| url jdbc:h2:mem:ad3a9e80-f26d-4a3e-9691-17f803db5723
call next value for hibernate_sequence
call next value for hibernate_sequence;
2022-10-10 14:33:46.781  INFO 4460 --- [    Test worker] p6spy                                    : #1665380026781 | took 0ms | statement | connection 18| url jdbc:h2:mem:ad3a9e80-f26d-4a3e-9691-17f803db5723
call next value for hibernate_sequence
call next value for hibernate_sequence;
2022-10-10 14:33:46.781  INFO 4460 --- [    Test worker] p6spy                                    : #1665380026781 | took 0ms | statement | connection 18| url jdbc:h2:mem:ad3a9e80-f26d-4a3e-9691-17f803db5723
call next value for hibernate_sequence
call next value for hibernate_sequence;
2022-10-10 14:33:46.781  INFO 4460 --- [    Test worker] p6spy                                    : #1665380026781 | took 0ms | statement | connection 18| url jdbc:h2:mem:ad3a9e80-f26d-4a3e-9691-17f803db5723
call next value for hibernate_sequence
call next value for hibernate_sequence;
2022-10-10 14:33:46.781  INFO 4460 --- [    Test worker] p6spy                                    : #1665380026781 | took 0ms | statement | connection 18| url jdbc:h2:mem:ad3a9e80-f26d-4a3e-9691-17f803db5723
call next value for hibernate_sequence
call next value for hibernate_sequence;
2022-10-10 14:33:46.781  INFO 4460 --- [    Test worker] p6spy                                    : #1665380026781 | took 0ms | statement | connection 18| url jdbc:h2:mem:ad3a9e80-f26d-4a3e-9691-17f803db5723
call next value for hibernate_sequence
call next value for hibernate_sequence;
2022-10-10 14:33:46.782  INFO 4460 --- [    Test worker] p6spy                                    : #1665380026782 | took 0ms | statement | connection 18| url jdbc:h2:mem:ad3a9e80-f26d-4a3e-9691-17f803db5723
call next value for hibernate_sequence
call next value for hibernate_sequence;
2022-10-10 14:33:46.782  INFO 4460 --- [    Test worker] p6spy                                    : #1665380026782 | took 0ms | statement | connection 18| url jdbc:h2:mem:ad3a9e80-f26d-4a3e-9691-17f803db5723
call next value for hibernate_sequence
call next value for hibernate_sequence;
2022-10-10 14:33:46.782  INFO 4460 --- [    Test worker] p6spy                                    : #1665380026782 | took 0ms | statement | connection 18| url jdbc:h2:mem:ad3a9e80-f26d-4a3e-9691-17f803db5723
call next value for hibernate_sequence
call next value for hibernate_sequence;
2022-10-10 14:33:46.782  INFO 4460 --- [    Test worker] p6spy                                    : #1665380026782 | took 0ms | statement | connection 18| url jdbc:h2:mem:ad3a9e80-f26d-4a3e-9691-17f803db5723
call next value for hibernate_sequence
call next value for hibernate_sequence;
2022-10-10 14:33:46.782  INFO 4460 --- [    Test worker] p6spy                                    : #1665380026782 | took 0ms | statement | connection 18| url jdbc:h2:mem:ad3a9e80-f26d-4a3e-9691-17f803db5723
call next value for hibernate_sequence
call next value for hibernate_sequence;
2022-10-10 14:33:46.782  INFO 4460 --- [    Test worker] p6spy                                    : #1665380026782 | took 0ms | statement | connection 18| url jdbc:h2:mem:ad3a9e80-f26d-4a3e-9691-17f803db5723
call next value for hibernate_sequence
call next value for hibernate_sequence;
2022-10-10 14:33:46.782  INFO 4460 --- [    Test worker] p6spy                                    : #1665380026782 | took 0ms | statement | connection 18| url jdbc:h2:mem:ad3a9e80-f26d-4a3e-9691-17f803db5723
call next value for hibernate_sequence
call next value for hibernate_sequence;
2022-10-10 14:33:46.782  INFO 4460 --- [    Test worker] p6spy                                    : #1665380026782 | took 0ms | statement | connection 18| url jdbc:h2:mem:ad3a9e80-f26d-4a3e-9691-17f803db5723
call next value for hibernate_sequence
call next value for hibernate_sequence;
2022-10-10 14:33:46.782  INFO 4460 --- [    Test worker] p6spy                                    : #1665380026782 | took 0ms | statement | connection 18| url jdbc:h2:mem:ad3a9e80-f26d-4a3e-9691-17f803db5723
call next value for hibernate_sequence
call next value for hibernate_sequence;
2022-10-10 14:33:46.783  INFO 4460 --- [    Test worker] p6spy                                    : #1665380026783 | took 0ms | statement | connection 18| url jdbc:h2:mem:ad3a9e80-f26d-4a3e-9691-17f803db5723
call next value for hibernate_sequence
call next value for hibernate_sequence;
2022-10-10 14:33:46.783  INFO 4460 --- [    Test worker] p6spy                                    : #1665380026783 | took 0ms | statement | connection 18| url jdbc:h2:mem:ad3a9e80-f26d-4a3e-9691-17f803db5723
call next value for hibernate_sequence
call next value for hibernate_sequence;
2022-10-10 14:33:46.783  INFO 4460 --- [    Test worker] p6spy                                    : #1665380026783 | took 0ms | statement | connection 18| url jdbc:h2:mem:ad3a9e80-f26d-4a3e-9691-17f803db5723
call next value for hibernate_sequence
call next value for hibernate_sequence;
2022-10-10 14:33:46.783  INFO 4460 --- [    Test worker] p6spy                                    : #1665380026783 | took 0ms | statement | connection 18| url jdbc:h2:mem:ad3a9e80-f26d-4a3e-9691-17f803db5723
call next value for hibernate_sequence
call next value for hibernate_sequence;
2022-10-10 14:33:46.783  INFO 4460 --- [    Test worker] p6spy                                    : #1665380026783 | took 0ms | statement | connection 18| url jdbc:h2:mem:ad3a9e80-f26d-4a3e-9691-17f803db5723
call next value for hibernate_sequence
call next value for hibernate_sequence;
2022-10-10 14:33:46.783  INFO 4460 --- [    Test worker] p6spy                                    : #1665380026783 | took 0ms | statement | connection 18| url jdbc:h2:mem:ad3a9e80-f26d-4a3e-9691-17f803db5723
call next value for hibernate_sequence
call next value for hibernate_sequence;
2022-10-10 14:33:46.783  INFO 4460 --- [    Test worker] p6spy                                    : #1665380026783 | took 0ms | statement | connection 18| url jdbc:h2:mem:ad3a9e80-f26d-4a3e-9691-17f803db5723
call next value for hibernate_sequence
call next value for hibernate_sequence;
2022-10-10 14:33:46.783  INFO 4460 --- [    Test worker] p6spy                                    : #1665380026783 | took 0ms | statement | connection 18| url jdbc:h2:mem:ad3a9e80-f26d-4a3e-9691-17f803db5723
call next value for hibernate_sequence
call next value for hibernate_sequence;
2022-10-10 14:33:46.783  INFO 4460 --- [    Test worker] p6spy                                    : #1665380026783 | took 0ms | statement | connection 18| url jdbc:h2:mem:ad3a9e80-f26d-4a3e-9691-17f803db5723
call next value for hibernate_sequence
call next value for hibernate_sequence;
2022-10-10 14:33:46.783  INFO 4460 --- [    Test worker] p6spy                                    : #1665380026783 | took 0ms | statement | connection 18| url jdbc:h2:mem:ad3a9e80-f26d-4a3e-9691-17f803db5723
call next value for hibernate_sequence
call next value for hibernate_sequence;
2022-10-10 14:33:46.783  INFO 4460 --- [    Test worker] p6spy                                    : #1665380026783 | took 0ms | statement | connection 18| url jdbc:h2:mem:ad3a9e80-f26d-4a3e-9691-17f803db5723
call next value for hibernate_sequence
call next value for hibernate_sequence;
2022-10-10 14:33:46.784  INFO 4460 --- [    Test worker] p6spy                                    : #1665380026784 | took 0ms | statement | connection 18| url jdbc:h2:mem:ad3a9e80-f26d-4a3e-9691-17f803db5723
call next value for hibernate_sequence
call next value for hibernate_sequence;
2022-10-10 14:33:46.784  INFO 4460 --- [    Test worker] p6spy                                    : #1665380026784 | took 0ms | statement | connection 18| url jdbc:h2:mem:ad3a9e80-f26d-4a3e-9691-17f803db5723
call next value for hibernate_sequence
call next value for hibernate_sequence;
2022-10-10 14:33:46.784  INFO 4460 --- [    Test worker] p6spy                                    : #1665380026784 | took 0ms | statement | connection 18| url jdbc:h2:mem:ad3a9e80-f26d-4a3e-9691-17f803db5723
call next value for hibernate_sequence
call next value for hibernate_sequence;
2022-10-10 14:33:46.784  INFO 4460 --- [    Test worker] p6spy                                    : #1665380026784 | took 0ms | statement | connection 18| url jdbc:h2:mem:ad3a9e80-f26d-4a3e-9691-17f803db5723
call next value for hibernate_sequence
call next value for hibernate_sequence;
2022-10-10 14:33:46.784  INFO 4460 --- [    Test worker] p6spy                                    : #1665380026784 | took 0ms | statement | connection 18| url jdbc:h2:mem:ad3a9e80-f26d-4a3e-9691-17f803db5723
call next value for hibernate_sequence
call next value for hibernate_sequence;
2022-10-10 14:33:46.784  INFO 4460 --- [    Test worker] p6spy                                    : #1665380026784 | took 0ms | statement | connection 18| url jdbc:h2:mem:ad3a9e80-f26d-4a3e-9691-17f803db5723
call next value for hibernate_sequence
call next value for hibernate_sequence;
2022-10-10 14:33:46.784  INFO 4460 --- [    Test worker] p6spy                                    : #1665380026784 | took 0ms | statement | connection 18| url jdbc:h2:mem:ad3a9e80-f26d-4a3e-9691-17f803db5723
call next value for hibernate_sequence
call next value for hibernate_sequence;
2022-10-10 14:33:46.784  INFO 4460 --- [    Test worker] p6spy                                    : #1665380026784 | took 0ms | statement | connection 18| url jdbc:h2:mem:ad3a9e80-f26d-4a3e-9691-17f803db5723
call next value for hibernate_sequence
call next value for hibernate_sequence;
2022-10-10 14:33:46.784  INFO 4460 --- [    Test worker] p6spy                                    : #1665380026784 | took 0ms | statement | connection 18| url jdbc:h2:mem:ad3a9e80-f26d-4a3e-9691-17f803db5723
call next value for hibernate_sequence
call next value for hibernate_sequence;
2022-10-10 14:33:46.784  INFO 4460 --- [    Test worker] p6spy                                    : #1665380026784 | took 0ms | statement | connection 18| url jdbc:h2:mem:ad3a9e80-f26d-4a3e-9691-17f803db5723
call next value for hibernate_sequence
call next value for hibernate_sequence;
2022-10-10 14:33:46.784  INFO 4460 --- [    Test worker] p6spy                                    : #1665380026784 | took 0ms | statement | connection 18| url jdbc:h2:mem:ad3a9e80-f26d-4a3e-9691-17f803db5723
call next value for hibernate_sequence
call next value for hibernate_sequence;
2022-10-10 14:33:46.784  INFO 4460 --- [    Test worker] p6spy                                    : #1665380026784 | took 0ms | statement | connection 18| url jdbc:h2:mem:ad3a9e80-f26d-4a3e-9691-17f803db5723
call next value for hibernate_sequence
call next value for hibernate_sequence;
2022-10-10 14:33:46.785  INFO 4460 --- [    Test worker] p6spy                                    : #1665380026785 | took 0ms | statement | connection 18| url jdbc:h2:mem:ad3a9e80-f26d-4a3e-9691-17f803db5723
call next value for hibernate_sequence
call next value for hibernate_sequence;
2022-10-10 14:33:46.785  INFO 4460 --- [    Test worker] p6spy                                    : #1665380026785 | took 0ms | statement | connection 18| url jdbc:h2:mem:ad3a9e80-f26d-4a3e-9691-17f803db5723
call next value for hibernate_sequence
call next value for hibernate_sequence;
2022-10-10 14:33:46.785  INFO 4460 --- [    Test worker] p6spy                                    : #1665380026785 | took 0ms | statement | connection 18| url jdbc:h2:mem:ad3a9e80-f26d-4a3e-9691-17f803db5723
call next value for favoritespot_seq
call next value for favoritespot_seq;
2022-10-10 14:33:46.786  INFO 4460 --- [    Test worker] p6spy                                    : #1665380026786 | took 0ms | statement | connection 18| url jdbc:h2:mem:ad3a9e80-f26d-4a3e-9691-17f803db5723
call next value for hibernate_sequence
call next value for hibernate_sequence;
2022-10-10 14:33:46.786  INFO 4460 --- [    Test worker] p6spy                                    : #1665380026786 | took 0ms | statement | connection 18| url jdbc:h2:mem:ad3a9e80-f26d-4a3e-9691-17f803db5723
call next value for hibernate_sequence
call next value for hibernate_sequence;
2022-10-10 14:33:46.786  INFO 4460 --- [    Test worker] p6spy                                    : #1665380026786 | took 0ms | statement | connection 18| url jdbc:h2:mem:ad3a9e80-f26d-4a3e-9691-17f803db5723
call next value for hibernate_sequence
call next value for hibernate_sequence;
2022-10-10 14:33:46.786  INFO 4460 --- [    Test worker] p6spy                                    : #1665380026786 | took 0ms | statement | connection 18| url jdbc:h2:mem:ad3a9e80-f26d-4a3e-9691-17f803db5723
call next value for hibernate_sequence
call next value for hibernate_sequence;
2022-10-10 14:33:46.786  INFO 4460 --- [    Test worker] p6spy                                    : #1665380026786 | took 0ms | statement | connection 18| url jdbc:h2:mem:ad3a9e80-f26d-4a3e-9691-17f803db5723
call next value for hibernate_sequence
call next value for hibernate_sequence;
2022-10-10 14:33:46.786  INFO 4460 --- [    Test worker] p6spy                                    : #1665380026786 | took 0ms | statement | connection 18| url jdbc:h2:mem:ad3a9e80-f26d-4a3e-9691-17f803db5723
call next value for hibernate_sequence
call next value for hibernate_sequence;
2022-10-10 14:33:46.786  INFO 4460 --- [    Test worker] p6spy                                    : #1665380026786 | took 0ms | statement | connection 18| url jdbc:h2:mem:ad3a9e80-f26d-4a3e-9691-17f803db5723
call next value for hibernate_sequence
call next value for hibernate_sequence;
2022-10-10 14:33:46.786  INFO 4460 --- [    Test worker] p6spy                                    : #1665380026786 | took 0ms | statement | connection 18| url jdbc:h2:mem:ad3a9e80-f26d-4a3e-9691-17f803db5723
call next value for spot_seq
call next value for spot_seq;
2022-10-10 14:33:46.786  INFO 4460 --- [    Test worker] p6spy                                    : #1665380026786 | took 0ms | statement | connection 18| url jdbc:h2:mem:ad3a9e80-f26d-4a3e-9691-17f803db5723
call next value for hibernate_sequence
call next value for hibernate_sequence;
2022-10-10 14:33:46.786  INFO 4460 --- [    Test worker] p6spy                                    : #1665380026786 | took 0ms | statement | connection 18| url jdbc:h2:mem:ad3a9e80-f26d-4a3e-9691-17f803db5723
call next value for hibernate_sequence
call next value for hibernate_sequence;
2022-10-10 14:33:46.786  INFO 4460 --- [    Test worker] p6spy                                    : #1665380026786 | took 0ms | statement | connection 18| url jdbc:h2:mem:ad3a9e80-f26d-4a3e-9691-17f803db5723
call next value for hibernate_sequence
call next value for hibernate_sequence;
2022-10-10 14:33:46.786  INFO 4460 --- [    Test worker] p6spy                                    : #1665380026786 | took 0ms | statement | connection 18| url jdbc:h2:mem:ad3a9e80-f26d-4a3e-9691-17f803db5723
call next value for hibernate_sequence
call next value for hibernate_sequence;
2022-10-10 14:33:46.787  INFO 4460 --- [    Test worker] p6spy                                    : #1665380026787 | took 0ms | statement | connection 18| url jdbc:h2:mem:ad3a9e80-f26d-4a3e-9691-17f803db5723
call next value for hibernate_sequence
call next value for hibernate_sequence;
2022-10-10 14:33:46.787  INFO 4460 --- [    Test worker] p6spy                                    : #1665380026787 | took 0ms | statement | connection 18| url jdbc:h2:mem:ad3a9e80-f26d-4a3e-9691-17f803db5723
call next value for hibernate_sequence
call next value for hibernate_sequence;
2022-10-10 14:33:46.787  INFO 4460 --- [    Test worker] p6spy                                    : #1665380026787 | took 0ms | statement | connection 18| url jdbc:h2:mem:ad3a9e80-f26d-4a3e-9691-17f803db5723
call next value for hibernate_sequence
call next value for hibernate_sequence;
2022-10-10 14:33:46.787  INFO 4460 --- [    Test worker] p6spy                                    : #1665380026787 | took 0ms | statement | connection 18| url jdbc:h2:mem:ad3a9e80-f26d-4a3e-9691-17f803db5723
call next value for hibernate_sequence
call next value for hibernate_sequence;
2022-10-10 14:33:46.787  INFO 4460 --- [    Test worker] p6spy                                    : #1665380026787 | took 0ms | statement | connection 18| url jdbc:h2:mem:ad3a9e80-f26d-4a3e-9691-17f803db5723
call next value for hibernate_sequence
call next value for hibernate_sequence;
2022-10-10 14:33:46.787  INFO 4460 --- [    Test worker] p6spy                                    : #1665380026787 | took 0ms | statement | connection 18| url jdbc:h2:mem:ad3a9e80-f26d-4a3e-9691-17f803db5723
call next value for hibernate_sequence
call next value for hibernate_sequence;
2022-10-10 14:33:46.787  INFO 4460 --- [    Test worker] p6spy                                    : #1665380026787 | took 0ms | statement | connection 18| url jdbc:h2:mem:ad3a9e80-f26d-4a3e-9691-17f803db5723
call next value for hibernate_sequence
call next value for hibernate_sequence;
2022-10-10 14:33:46.787  INFO 4460 --- [    Test worker] p6spy                                    : #1665380026787 | took 0ms | statement | connection 18| url jdbc:h2:mem:ad3a9e80-f26d-4a3e-9691-17f803db5723
call next value for hibernate_sequence
call next value for hibernate_sequence;
2022-10-10 14:33:46.787  INFO 4460 --- [    Test worker] p6spy                                    : #1665380026787 | took 0ms | statement | connection 18| url jdbc:h2:mem:ad3a9e80-f26d-4a3e-9691-17f803db5723
call next value for hibernate_sequence
call next value for hibernate_sequence;
2022-10-10 14:33:46.787  INFO 4460 --- [    Test worker] p6spy                                    : #1665380026787 | took 0ms | statement | connection 18| url jdbc:h2:mem:ad3a9e80-f26d-4a3e-9691-17f803db5723
call next value for hibernate_sequence
call next value for hibernate_sequence;
2022-10-10 14:33:46.787  INFO 4460 --- [    Test worker] p6spy                                    : #1665380026787 | took 0ms | statement | connection 18| url jdbc:h2:mem:ad3a9e80-f26d-4a3e-9691-17f803db5723
call next value for hibernate_sequence
call next value for hibernate_sequence;
2022-10-10 14:33:46.788  INFO 4460 --- [    Test worker] p6spy                                    : #1665380026788 | took 0ms | statement | connection 18| url jdbc:h2:mem:ad3a9e80-f26d-4a3e-9691-17f803db5723
call next value for hibernate_sequence
call next value for hibernate_sequence;
2022-10-10 14:33:46.788  INFO 4460 --- [    Test worker] p6spy                                    : #1665380026788 | took 0ms | statement | connection 18| url jdbc:h2:mem:ad3a9e80-f26d-4a3e-9691-17f803db5723
call next value for hibernate_sequence
call next value for hibernate_sequence;
2022-10-10 14:33:46.788  INFO 4460 --- [    Test worker] p6spy                                    : #1665380026788 | took 0ms | statement | connection 18| url jdbc:h2:mem:ad3a9e80-f26d-4a3e-9691-17f803db5723
call next value for hibernate_sequence
call next value for hibernate_sequence;
2022-10-10 14:33:46.788  INFO 4460 --- [    Test worker] p6spy                                    : #1665380026788 | took 0ms | statement | connection 18| url jdbc:h2:mem:ad3a9e80-f26d-4a3e-9691-17f803db5723
call next value for hibernate_sequence
call next value for hibernate_sequence;
2022-10-10 14:33:46.788  INFO 4460 --- [    Test worker] p6spy                                    : #1665380026788 | took 0ms | statement | connection 18| url jdbc:h2:mem:ad3a9e80-f26d-4a3e-9691-17f803db5723
call next value for hibernate_sequence
call next value for hibernate_sequence;
2022-10-10 14:33:46.788  INFO 4460 --- [    Test worker] p6spy                                    : #1665380026788 | took 0ms | statement | connection 18| url jdbc:h2:mem:ad3a9e80-f26d-4a3e-9691-17f803db5723
call next value for hibernate_sequence
call next value for hibernate_sequence;
2022-10-10 14:33:46.788  INFO 4460 --- [    Test worker] p6spy                                    : #1665380026788 | took 0ms | statement | connection 18| url jdbc:h2:mem:ad3a9e80-f26d-4a3e-9691-17f803db5723
call next value for hibernate_sequence
call next value for hibernate_sequence;
2022-10-10 14:33:46.788  INFO 4460 --- [    Test worker] p6spy                                    : #1665380026788 | took 0ms | statement | connection 18| url jdbc:h2:mem:ad3a9e80-f26d-4a3e-9691-17f803db5723
call next value for hibernate_sequence
call next value for hibernate_sequence;
2022-10-10 14:33:46.788  INFO 4460 --- [    Test worker] p6spy                                    : #1665380026788 | took 0ms | statement | connection 18| url jdbc:h2:mem:ad3a9e80-f26d-4a3e-9691-17f803db5723
call next value for hibernate_sequence
call next value for hibernate_sequence;
2022-10-10 14:33:46.788  INFO 4460 --- [    Test worker] p6spy                                    : #1665380026788 | took 0ms | statement | connection 18| url jdbc:h2:mem:ad3a9e80-f26d-4a3e-9691-17f803db5723
call next value for hibernate_sequence
call next value for hibernate_sequence;
2022-10-10 14:33:46.788  INFO 4460 --- [    Test worker] p6spy                                    : #1665380026788 | took 0ms | statement | connection 18| url jdbc:h2:mem:ad3a9e80-f26d-4a3e-9691-17f803db5723
call next value for hibernate_sequence
call next value for hibernate_sequence;
2022-10-10 14:33:46.789  INFO 4460 --- [    Test worker] p6spy                                    : #1665380026789 | took 0ms | statement | connection 18| url jdbc:h2:mem:ad3a9e80-f26d-4a3e-9691-17f803db5723
call next value for hibernate_sequence
call next value for hibernate_sequence;
2022-10-10 14:33:46.789  INFO 4460 --- [    Test worker] p6spy                                    : #1665380026789 | took 0ms | statement | connection 18| url jdbc:h2:mem:ad3a9e80-f26d-4a3e-9691-17f803db5723
call next value for hibernate_sequence
call next value for hibernate_sequence;
2022-10-10 14:33:46.789  INFO 4460 --- [    Test worker] p6spy                                    : #1665380026789 | took 0ms | statement | connection 18| url jdbc:h2:mem:ad3a9e80-f26d-4a3e-9691-17f803db5723
call next value for hibernate_sequence
call next value for hibernate_sequence;
2022-10-10 14:33:46.789  INFO 4460 --- [    Test worker] p6spy                                    : #1665380026789 | took 0ms | statement | connection 18| url jdbc:h2:mem:ad3a9e80-f26d-4a3e-9691-17f803db5723
call next value for hibernate_sequence
call next value for hibernate_sequence;
2022-10-10 14:33:46.789  INFO 4460 --- [    Test worker] p6spy                                    : #1665380026789 | took 0ms | statement | connection 18| url jdbc:h2:mem:ad3a9e80-f26d-4a3e-9691-17f803db5723
call next value for hibernate_sequence
call next value for hibernate_sequence;
2022-10-10 14:33:46.789  INFO 4460 --- [    Test worker] p6spy                                    : #1665380026789 | took 0ms | statement | connection 18| url jdbc:h2:mem:ad3a9e80-f26d-4a3e-9691-17f803db5723
call next value for hibernate_sequence
call next value for hibernate_sequence;
2022-10-10 14:33:46.789  INFO 4460 --- [    Test worker] p6spy                                    : #1665380026789 | took 0ms | statement | connection 18| url jdbc:h2:mem:ad3a9e80-f26d-4a3e-9691-17f803db5723
call next value for hibernate_sequence
call next value for hibernate_sequence;
2022-10-10 14:33:46.789  INFO 4460 --- [    Test worker] p6spy                                    : #1665380026789 | took 0ms | statement | connection 18| url jdbc:h2:mem:ad3a9e80-f26d-4a3e-9691-17f803db5723
call next value for hibernate_sequence
call next value for hibernate_sequence;
2022-10-10 14:33:46.789  INFO 4460 --- [    Test worker] p6spy                                    : #1665380026789 | took 0ms | statement | connection 18| url jdbc:h2:mem:ad3a9e80-f26d-4a3e-9691-17f803db5723
call next value for hibernate_sequence
call next value for hibernate_sequence;
2022-10-10 14:33:46.789  INFO 4460 --- [    Test worker] p6spy                                    : #1665380026789 | took 0ms | statement | connection 18| url jdbc:h2:mem:ad3a9e80-f26d-4a3e-9691-17f803db5723
call next value for hibernate_sequence
call next value for hibernate_sequence;
2022-10-10 14:33:46.789  INFO 4460 --- [    Test worker] p6spy                                    : #1665380026789 | took 0ms | statement | connection 18| url jdbc:h2:mem:ad3a9e80-f26d-4a3e-9691-17f803db5723
call next value for hibernate_sequence
call next value for hibernate_sequence;
2022-10-10 14:33:46.789  INFO 4460 --- [    Test worker] p6spy                                    : #1665380026789 | took 0ms | statement | connection 18| url jdbc:h2:mem:ad3a9e80-f26d-4a3e-9691-17f803db5723
call next value for hibernate_sequence
call next value for hibernate_sequence;
2022-10-10 14:33:46.790  INFO 4460 --- [    Test worker] p6spy                                    : #1665380026790 | took 0ms | statement | connection 18| url jdbc:h2:mem:ad3a9e80-f26d-4a3e-9691-17f803db5723
call next value for hibernate_sequence
call next value for hibernate_sequence;
2022-10-10 14:33:46.790  INFO 4460 --- [    Test worker] p6spy                                    : #1665380026790 | took 0ms | statement | connection 18| url jdbc:h2:mem:ad3a9e80-f26d-4a3e-9691-17f803db5723
call next value for hibernate_sequence
call next value for hibernate_sequence;
2022-10-10 14:33:46.790  INFO 4460 --- [    Test worker] p6spy                                    : #1665380026790 | took 0ms | statement | connection 18| url jdbc:h2:mem:ad3a9e80-f26d-4a3e-9691-17f803db5723
call next value for hibernate_sequence
call next value for hibernate_sequence;
2022-10-10 14:33:46.790  INFO 4460 --- [    Test worker] p6spy                                    : #1665380026790 | took 0ms | statement | connection 18| url jdbc:h2:mem:ad3a9e80-f26d-4a3e-9691-17f803db5723
call next value for hibernate_sequence
call next value for hibernate_sequence;
2022-10-10 14:33:46.790  INFO 4460 --- [    Test worker] p6spy                                    : #1665380026790 | took 0ms | statement | connection 18| url jdbc:h2:mem:ad3a9e80-f26d-4a3e-9691-17f803db5723
call next value for hibernate_sequence
call next value for hibernate_sequence;
2022-10-10 14:33:46.790  INFO 4460 --- [    Test worker] p6spy                                    : #1665380026790 | took 0ms | statement | connection 18| url jdbc:h2:mem:ad3a9e80-f26d-4a3e-9691-17f803db5723
call next value for hibernate_sequence
call next value for hibernate_sequence;
2022-10-10 14:33:46.790  INFO 4460 --- [    Test worker] p6spy                                    : #1665380026790 | took 0ms | statement | connection 18| url jdbc:h2:mem:ad3a9e80-f26d-4a3e-9691-17f803db5723
call next value for hibernate_sequence
call next value for hibernate_sequence;
2022-10-10 14:33:46.790  INFO 4460 --- [    Test worker] p6spy                                    : #1665380026790 | took 0ms | statement | connection 18| url jdbc:h2:mem:ad3a9e80-f26d-4a3e-9691-17f803db5723
call next value for hibernate_sequence
call next value for hibernate_sequence;
2022-10-10 14:33:46.790  INFO 4460 --- [    Test worker] p6spy                                    : #1665380026790 | took 0ms | statement | connection 18| url jdbc:h2:mem:ad3a9e80-f26d-4a3e-9691-17f803db5723
call next value for hibernate_sequence
call next value for hibernate_sequence;
2022-10-10 14:33:46.790  INFO 4460 --- [    Test worker] p6spy                                    : #1665380026790 | took 0ms | statement | connection 18| url jdbc:h2:mem:ad3a9e80-f26d-4a3e-9691-17f803db5723
call next value for hibernate_sequence
call next value for hibernate_sequence;
2022-10-10 14:33:46.790  INFO 4460 --- [    Test worker] p6spy                                    : #1665380026790 | took 0ms | statement | connection 18| url jdbc:h2:mem:ad3a9e80-f26d-4a3e-9691-17f803db5723
call next value for hibernate_sequence
call next value for hibernate_sequence;
2022-10-10 14:33:46.790  INFO 4460 --- [    Test worker] p6spy                                    : #1665380026790 | took 0ms | statement | connection 18| url jdbc:h2:mem:ad3a9e80-f26d-4a3e-9691-17f803db5723
call next value for hibernate_sequence
call next value for hibernate_sequence;
2022-10-10 14:33:46.790  INFO 4460 --- [    Test worker] p6spy                                    : #1665380026790 | took 0ms | statement | connection 18| url jdbc:h2:mem:ad3a9e80-f26d-4a3e-9691-17f803db5723
call next value for hibernate_sequence
call next value for hibernate_sequence;
2022-10-10 14:33:46.790  INFO 4460 --- [    Test worker] p6spy                                    : #1665380026790 | took 0ms | statement | connection 18| url jdbc:h2:mem:ad3a9e80-f26d-4a3e-9691-17f803db5723
call next value for hibernate_sequence
call next value for hibernate_sequence;
2022-10-10 14:33:46.791  INFO 4460 --- [    Test worker] p6spy                                    : #1665380026791 | took 0ms | statement | connection 18| url jdbc:h2:mem:ad3a9e80-f26d-4a3e-9691-17f803db5723
call next value for hibernate_sequence
call next value for hibernate_sequence;
2022-10-10 14:33:46.791  INFO 4460 --- [    Test worker] p6spy                                    : #1665380026791 | took 0ms | statement | connection 18| url jdbc:h2:mem:ad3a9e80-f26d-4a3e-9691-17f803db5723
call next value for hibernate_sequence
call next value for hibernate_sequence;
2022-10-10 14:33:46.791  INFO 4460 --- [    Test worker] p6spy                                    : #1665380026791 | took 0ms | statement | connection 18| url jdbc:h2:mem:ad3a9e80-f26d-4a3e-9691-17f803db5723
call next value for hibernate_sequence
call next value for hibernate_sequence;
2022-10-10 14:33:46.791  INFO 4460 --- [    Test worker] p6spy                                    : #1665380026791 | took 0ms | statement | connection 18| url jdbc:h2:mem:ad3a9e80-f26d-4a3e-9691-17f803db5723
call next value for hibernate_sequence
call next value for hibernate_sequence;
2022-10-10 14:33:46.791  INFO 4460 --- [    Test worker] p6spy                                    : #1665380026791 | took 0ms | statement | connection 18| url jdbc:h2:mem:ad3a9e80-f26d-4a3e-9691-17f803db5723
call next value for hibernate_sequence
call next value for hibernate_sequence;
2022-10-10 14:33:46.791  INFO 4460 --- [    Test worker] p6spy                                    : #1665380026791 | took 0ms | statement | connection 18| url jdbc:h2:mem:ad3a9e80-f26d-4a3e-9691-17f803db5723
call next value for review_seq
call next value for review_seq;
2022-10-10 14:33:46.791  INFO 4460 --- [    Test worker] p6spy                                    : #1665380026791 | took 0ms | statement | connection 18| url jdbc:h2:mem:ad3a9e80-f26d-4a3e-9691-17f803db5723
call next value for hibernate_sequence
call next value for hibernate_sequence;
2022-10-10 14:33:46.791  INFO 4460 --- [    Test worker] p6spy                                    : #1665380026791 | took 0ms | statement | connection 18| url jdbc:h2:mem:ad3a9e80-f26d-4a3e-9691-17f803db5723
call next value for hibernate_sequence
call next value for hibernate_sequence;
2022-10-10 14:33:46.791  INFO 4460 --- [    Test worker] p6spy                                    : #1665380026791 | took 0ms | statement | connection 18| url jdbc:h2:mem:ad3a9e80-f26d-4a3e-9691-17f803db5723
call next value for hibernate_sequence
call next value for hibernate_sequence;
2022-10-10 14:33:46.791  INFO 4460 --- [    Test worker] p6spy                                    : #1665380026791 | took 0ms | statement | connection 18| url jdbc:h2:mem:ad3a9e80-f26d-4a3e-9691-17f803db5723
call next value for hibernate_sequence
call next value for hibernate_sequence;
2022-10-10 14:33:46.792  INFO 4460 --- [    Test worker] p6spy                                    : #1665380026792 | took 0ms | statement | connection 18| url jdbc:h2:mem:ad3a9e80-f26d-4a3e-9691-17f803db5723
call next value for score_seq
call next value for score_seq;
2022-10-10 14:33:46.792  INFO 4460 --- [    Test worker] p6spy                                    : #1665380026792 | took 0ms | statement | connection 18| url jdbc:h2:mem:ad3a9e80-f26d-4a3e-9691-17f803db5723
call next value for hibernate_sequence
call next value for hibernate_sequence;
2022-10-10 14:33:46.792  INFO 4460 --- [    Test worker] p6spy                                    : #1665380026792 | took 0ms | statement | connection 18| url jdbc:h2:mem:ad3a9e80-f26d-4a3e-9691-17f803db5723
call next value for hibernate_sequence
call next value for hibernate_sequence;
2022-10-10 14:33:46.792  INFO 4460 --- [    Test worker] p6spy                                    : #1665380026792 | took 0ms | statement | connection 18| url jdbc:h2:mem:ad3a9e80-f26d-4a3e-9691-17f803db5723
call next value for hibernate_sequence
call next value for hibernate_sequence;
2022-10-10 14:33:46.792  INFO 4460 --- [    Test worker] p6spy                                    : #1665380026792 | took 0ms | statement | connection 18| url jdbc:h2:mem:ad3a9e80-f26d-4a3e-9691-17f803db5723
call next value for hibernate_sequence
call next value for hibernate_sequence;
2022-10-10 14:33:46.792  INFO 4460 --- [    Test worker] p6spy                                    : #1665380026792 | took 0ms | statement | connection 18| url jdbc:h2:mem:ad3a9e80-f26d-4a3e-9691-17f803db5723
call next value for hibernate_sequence
call next value for hibernate_sequence;
2022-10-10 14:33:46.792  INFO 4460 --- [    Test worker] p6spy                                    : #1665380026792 | took 0ms | statement | connection 18| url jdbc:h2:mem:ad3a9e80-f26d-4a3e-9691-17f803db5723
call next value for hibernate_sequence
call next value for hibernate_sequence;
2022-10-10 14:33:46.792  INFO 4460 --- [    Test worker] p6spy                                    : #1665380026792 | took 0ms | statement | connection 18| url jdbc:h2:mem:ad3a9e80-f26d-4a3e-9691-17f803db5723
call next value for hibernate_sequence
call next value for hibernate_sequence;
2022-10-10 14:33:46.792  INFO 4460 --- [    Test worker] p6spy                                    : #1665380026792 | took 0ms | statement | connection 18| url jdbc:h2:mem:ad3a9e80-f26d-4a3e-9691-17f803db5723
call next value for hibernate_sequence
call next value for hibernate_sequence;
2022-10-10 14:33:46.792  INFO 4460 --- [    Test worker] p6spy                                    : #1665380026792 | took 0ms | statement | connection 18| url jdbc:h2:mem:ad3a9e80-f26d-4a3e-9691-17f803db5723
call next value for hibernate_sequence
call next value for hibernate_sequence;
2022-10-10 14:33:46.792  INFO 4460 --- [    Test worker] p6spy                                    : #1665380026792 | took 0ms | statement | connection 18| url jdbc:h2:mem:ad3a9e80-f26d-4a3e-9691-17f803db5723
call next value for hibernate_sequence
call next value for hibernate_sequence;
2022-10-10 14:33:46.792  INFO 4460 --- [    Test worker] p6spy                                    : #1665380026792 | took 0ms | statement | connection 18| url jdbc:h2:mem:ad3a9e80-f26d-4a3e-9691-17f803db5723
call next value for hibernate_sequence
call next value for hibernate_sequence;
2022-10-10 14:33:46.792  INFO 4460 --- [    Test worker] p6spy                                    : #1665380026792 | took 0ms | statement | connection 18| url jdbc:h2:mem:ad3a9e80-f26d-4a3e-9691-17f803db5723
call next value for hibernate_sequence
call next value for hibernate_sequence;
2022-10-10 14:33:46.793  INFO 4460 --- [    Test worker] p6spy                                    : #1665380026793 | took 0ms | statement | connection 18| url jdbc:h2:mem:ad3a9e80-f26d-4a3e-9691-17f803db5723
call next value for hibernate_sequence
call next value for hibernate_sequence;
2022-10-10 14:33:46.793  INFO 4460 --- [    Test worker] p6spy                                    : #1665380026793 | took 0ms | statement | connection 18| url jdbc:h2:mem:ad3a9e80-f26d-4a3e-9691-17f803db5723
call next value for hibernate_sequence
call next value for hibernate_sequence;
2022-10-10 14:33:46.793  INFO 4460 --- [    Test worker] p6spy                                    : #1665380026793 | took 0ms | statement | connection 18| url jdbc:h2:mem:ad3a9e80-f26d-4a3e-9691-17f803db5723
call next value for hibernate_sequence
call next value for hibernate_sequence;
2022-10-10 14:33:46.793  INFO 4460 --- [    Test worker] p6spy                                    : #1665380026793 | took 0ms | statement | connection 18| url jdbc:h2:mem:ad3a9e80-f26d-4a3e-9691-17f803db5723
call next value for hibernate_sequence
call next value for hibernate_sequence;
2022-10-10 14:33:46.793  INFO 4460 --- [    Test worker] p6spy                                    : #1665380026793 | took 0ms | statement | connection 18| url jdbc:h2:mem:ad3a9e80-f26d-4a3e-9691-17f803db5723
call next value for hibernate_sequence
call next value for hibernate_sequence;
2022-10-10 14:33:46.793  INFO 4460 --- [    Test worker] p6spy                                    : #1665380026793 | took 0ms | statement | connection 18| url jdbc:h2:mem:ad3a9e80-f26d-4a3e-9691-17f803db5723
call next value for hibernate_sequence
call next value for hibernate_sequence;
2022-10-10 14:33:46.793  INFO 4460 --- [    Test worker] p6spy                                    : #1665380026793 | took 0ms | statement | connection 18| url jdbc:h2:mem:ad3a9e80-f26d-4a3e-9691-17f803db5723
call next value for hibernate_sequence
call next value for hibernate_sequence;
2022-10-10 14:33:46.793  INFO 4460 --- [    Test worker] p6spy                                    : #1665380026793 | took 0ms | statement | connection 18| url jdbc:h2:mem:ad3a9e80-f26d-4a3e-9691-17f803db5723
call next value for hibernate_sequence
call next value for hibernate_sequence;
2022-10-10 14:33:46.793  INFO 4460 --- [    Test worker] p6spy                                    : #1665380026793 | took 0ms | statement | connection 18| url jdbc:h2:mem:ad3a9e80-f26d-4a3e-9691-17f803db5723
call next value for hibernate_sequence
call next value for hibernate_sequence;
2022-10-10 14:33:46.793  INFO 4460 --- [    Test worker] p6spy                                    : #1665380026793 | took 0ms | statement | connection 18| url jdbc:h2:mem:ad3a9e80-f26d-4a3e-9691-17f803db5723
call next value for hibernate_sequence
call next value for hibernate_sequence;
2022-10-10 14:33:46.793  INFO 4460 --- [    Test worker] p6spy                                    : #1665380026793 | took 0ms | statement | connection 18| url jdbc:h2:mem:ad3a9e80-f26d-4a3e-9691-17f803db5723
call next value for hibernate_sequence
call next value for hibernate_sequence;
2022-10-10 14:33:46.793  INFO 4460 --- [    Test worker] p6spy                                    : #1665380026793 | took 0ms | statement | connection 18| url jdbc:h2:mem:ad3a9e80-f26d-4a3e-9691-17f803db5723
call next value for hibernate_sequence
call next value for hibernate_sequence;
2022-10-10 14:33:46.793  INFO 4460 --- [    Test worker] p6spy                                    : #1665380026793 | took 0ms | statement | connection 18| url jdbc:h2:mem:ad3a9e80-f26d-4a3e-9691-17f803db5723
call next value for hibernate_sequence
call next value for hibernate_sequence;
2022-10-10 14:33:46.793  INFO 4460 --- [    Test worker] p6spy                                    : #1665380026793 | took 0ms | statement | connection 18| url jdbc:h2:mem:ad3a9e80-f26d-4a3e-9691-17f803db5723
call next value for hibernate_sequence
call next value for hibernate_sequence;
2022-10-10 14:33:46.793  INFO 4460 --- [    Test worker] p6spy                                    : #1665380026793 | took 0ms | statement | connection 18| url jdbc:h2:mem:ad3a9e80-f26d-4a3e-9691-17f803db5723
call next value for hibernate_sequence
call next value for hibernate_sequence;
2022-10-10 14:33:46.794  INFO 4460 --- [    Test worker] p6spy                                    : #1665380026794 | took 0ms | statement | connection 18| url jdbc:h2:mem:ad3a9e80-f26d-4a3e-9691-17f803db5723
call next value for hibernate_sequence
call next value for hibernate_sequence;
2022-10-10 14:33:46.794  INFO 4460 --- [    Test worker] p6spy                                    : #1665380026794 | took 0ms | statement | connection 18| url jdbc:h2:mem:ad3a9e80-f26d-4a3e-9691-17f803db5723
call next value for hibernate_sequence
call next value for hibernate_sequence;
2022-10-10 14:33:46.794  INFO 4460 --- [    Test worker] p6spy                                    : #1665380026794 | took 0ms | statement | connection 18| url jdbc:h2:mem:ad3a9e80-f26d-4a3e-9691-17f803db5723
call next value for hibernate_sequence
call next value for hibernate_sequence;
2022-10-10 14:33:46.794  INFO 4460 --- [    Test worker] p6spy                                    : #1665380026794 | took 0ms | statement | connection 18| url jdbc:h2:mem:ad3a9e80-f26d-4a3e-9691-17f803db5723
call next value for hibernate_sequence
call next value for hibernate_sequence;
2022-10-10 14:33:46.794  INFO 4460 --- [    Test worker] p6spy                                    : #1665380026794 | took 0ms | statement | connection 18| url jdbc:h2:mem:ad3a9e80-f26d-4a3e-9691-17f803db5723
call next value for hibernate_sequence
call next value for hibernate_sequence;
2022-10-10 14:33:46.794  INFO 4460 --- [    Test worker] p6spy                                    : #1665380026794 | took 0ms | statement | connection 18| url jdbc:h2:mem:ad3a9e80-f26d-4a3e-9691-17f803db5723
call next value for hibernate_sequence
call next value for hibernate_sequence;
2022-10-10 14:33:46.794  INFO 4460 --- [    Test worker] p6spy                                    : #1665380026794 | took 0ms | statement | connection 18| url jdbc:h2:mem:ad3a9e80-f26d-4a3e-9691-17f803db5723
call next value for hibernate_sequence
call next value for hibernate_sequence;
2022-10-10 14:33:46.794  INFO 4460 --- [    Test worker] p6spy                                    : #1665380026794 | took 0ms | statement | connection 18| url jdbc:h2:mem:ad3a9e80-f26d-4a3e-9691-17f803db5723
call next value for hibernate_sequence
call next value for hibernate_sequence;
2022-10-10 14:33:46.794  INFO 4460 --- [    Test worker] p6spy                                    : #1665380026794 | took 0ms | statement | connection 18| url jdbc:h2:mem:ad3a9e80-f26d-4a3e-9691-17f803db5723
call next value for hibernate_sequence
call next value for hibernate_sequence;
2022-10-10 14:33:46.794  INFO 4460 --- [    Test worker] p6spy                                    : #1665380026794 | took 0ms | statement | connection 18| url jdbc:h2:mem:ad3a9e80-f26d-4a3e-9691-17f803db5723
call next value for hibernate_sequence
call next value for hibernate_sequence;
2022-10-10 14:33:46.794  INFO 4460 --- [    Test worker] p6spy                                    : #1665380026794 | took 0ms | statement | connection 18| url jdbc:h2:mem:ad3a9e80-f26d-4a3e-9691-17f803db5723
call next value for hibernate_sequence
call next value for hibernate_sequence;
2022-10-10 14:33:46.795  INFO 4460 --- [    Test worker] p6spy                                    : #1665380026795 | took 0ms | statement | connection 18| url jdbc:h2:mem:ad3a9e80-f26d-4a3e-9691-17f803db5723
call next value for hibernate_sequence
call next value for hibernate_sequence;
2022-10-10 14:33:46.795  INFO 4460 --- [    Test worker] p6spy                                    : #1665380026795 | took 0ms | statement | connection 18| url jdbc:h2:mem:ad3a9e80-f26d-4a3e-9691-17f803db5723
call next value for hibernate_sequence
call next value for hibernate_sequence;
2022-10-10 14:33:46.795  INFO 4460 --- [    Test worker] p6spy                                    : #1665380026795 | took 0ms | statement | connection 18| url jdbc:h2:mem:ad3a9e80-f26d-4a3e-9691-17f803db5723
call next value for hibernate_sequence
call next value for hibernate_sequence;
2022-10-10 14:33:46.795  INFO 4460 --- [    Test worker] p6spy                                    : #1665380026795 | took 0ms | statement | connection 18| url jdbc:h2:mem:ad3a9e80-f26d-4a3e-9691-17f803db5723
call next value for hibernate_sequence
call next value for hibernate_sequence;
2022-10-10 14:33:46.795  INFO 4460 --- [    Test worker] p6spy                                    : #1665380026795 | took 0ms | statement | connection 18| url jdbc:h2:mem:ad3a9e80-f26d-4a3e-9691-17f803db5723
call next value for hibernate_sequence
call next value for hibernate_sequence;
2022-10-10 14:33:46.795  INFO 4460 --- [    Test worker] p6spy                                    : #1665380026795 | took 0ms | statement | connection 18| url jdbc:h2:mem:ad3a9e80-f26d-4a3e-9691-17f803db5723
call next value for hibernate_sequence
call next value for hibernate_sequence;
2022-10-10 14:33:46.795  INFO 4460 --- [    Test worker] p6spy                                    : #1665380026795 | took 0ms | statement | connection 18| url jdbc:h2:mem:ad3a9e80-f26d-4a3e-9691-17f803db5723
call next value for hibernate_sequence
call next value for hibernate_sequence;
2022-10-10 14:33:46.795  INFO 4460 --- [    Test worker] p6spy                                    : #1665380026795 | took 0ms | statement | connection 18| url jdbc:h2:mem:ad3a9e80-f26d-4a3e-9691-17f803db5723
call next value for hibernate_sequence
call next value for hibernate_sequence;
2022-10-10 14:33:46.795  INFO 4460 --- [    Test worker] p6spy                                    : #1665380026795 | took 0ms | statement | connection 18| url jdbc:h2:mem:ad3a9e80-f26d-4a3e-9691-17f803db5723
call next value for hibernate_sequence
call next value for hibernate_sequence;
2022-10-10 14:33:46.795  INFO 4460 --- [    Test worker] p6spy                                    : #1665380026795 | took 0ms | statement | connection 18| url jdbc:h2:mem:ad3a9e80-f26d-4a3e-9691-17f803db5723
call next value for hibernate_sequence
call next value for hibernate_sequence;
2022-10-10 14:33:46.795  INFO 4460 --- [    Test worker] p6spy                                    : #1665380026795 | took 0ms | statement | connection 18| url jdbc:h2:mem:ad3a9e80-f26d-4a3e-9691-17f803db5723
call next value for hibernate_sequence
call next value for hibernate_sequence;
2022-10-10 14:33:46.795  INFO 4460 --- [    Test worker] p6spy                                    : #1665380026795 | took 0ms | statement | connection 18| url jdbc:h2:mem:ad3a9e80-f26d-4a3e-9691-17f803db5723
call next value for hibernate_sequence
call next value for hibernate_sequence;
2022-10-10 14:33:46.795  INFO 4460 --- [    Test worker] p6spy                                    : #1665380026795 | took 0ms | statement | connection 18| url jdbc:h2:mem:ad3a9e80-f26d-4a3e-9691-17f803db5723
call next value for hibernate_sequence
call next value for hibernate_sequence;
2022-10-10 14:33:46.795  INFO 4460 --- [    Test worker] p6spy                                    : #1665380026795 | took 0ms | statement | connection 18| url jdbc:h2:mem:ad3a9e80-f26d-4a3e-9691-17f803db5723
call next value for hibernate_sequence
call next value for hibernate_sequence;
2022-10-10 14:33:46.796  INFO 4460 --- [    Test worker] p6spy                                    : #1665380026796 | took 0ms | statement | connection 18| url jdbc:h2:mem:ad3a9e80-f26d-4a3e-9691-17f803db5723
call next value for hibernate_sequence
call next value for hibernate_sequence;
2022-10-10 14:33:46.796  INFO 4460 --- [    Test worker] p6spy                                    : #1665380026796 | took 0ms | statement | connection 18| url jdbc:h2:mem:ad3a9e80-f26d-4a3e-9691-17f803db5723
call next value for hibernate_sequence
call next value for hibernate_sequence;
[...]
update picture set spot_id=?, url=? where picture_id=?
update picture set spot_id=161, url='java.io.StringReader@437231f5' where picture_id=435;
2022-10-10 14:33:46.895  INFO 4460 --- [    Test worker] p6spy                                    : #1665380026895 | took 0ms | statement | connection 18| url jdbc:h2:mem:ad3a9e80-f26d-4a3e-9691-17f803db5723
update picture set spot_id=?, url=? where picture_id=?
update picture set spot_id=162, url='java.io.StringReader@2265792c' where picture_id=437;
2022-10-10 14:33:46.895  INFO 4460 --- [    Test worker] p6spy                                    : #1665380026895 | took 0ms | statement | connection 18| url jdbc:h2:mem:ad3a9e80-f26d-4a3e-9691-17f803db5723
update picture set spot_id=?, url=? where picture_id=?
update picture set spot_id=162, url='java.io.StringReader@1d2fd73c' where picture_id=438;
2022-10-10 14:33:46.895  INFO 4460 --- [    Test worker] p6spy                                    : #1665380026895 | took 0ms | statement | connection 18| url jdbc:h2:mem:ad3a9e80-f26d-4a3e-9691-17f803db5723
update picture set spot_id=?, url=? where picture_id=?
update picture set spot_id=162, url='java.io.StringReader@3261b8bf' where picture_id=439;
2022-10-10 14:33:46.895  INFO 4460 --- [    Test worker] p6spy                                    : #1665380026895 | took 0ms | statement | connection 18| url jdbc:h2:mem:ad3a9e80-f26d-4a3e-9691-17f803db5723
update picture set spot_id=?, url=? where picture_id=?
update picture set spot_id=163, url='java.io.StringReader@e64ee56' where picture_id=441;
2022-10-10 14:33:46.895  INFO 4460 --- [    Test worker] p6spy                                    : #1665380026895 | took 0ms | statement | connection 18| url jdbc:h2:mem:ad3a9e80-f26d-4a3e-9691-17f803db5723
update picture set spot_id=?, url=? where picture_id=?
update picture set spot_id=163, url='java.io.StringReader@315f4718' where picture_id=442;
2022-10-10 14:33:46.895  INFO 4460 --- [    Test worker] p6spy                                    : #1665380026895 | took 0ms | statement | connection 18| url jdbc:h2:mem:ad3a9e80-f26d-4a3e-9691-17f803db5723
update picture set spot_id=?, url=? where picture_id=?
update picture set spot_id=163, url='java.io.StringReader@65b75087' where picture_id=443;
2022-10-10 14:33:46.895  INFO 4460 --- [    Test worker] p6spy                                    : #1665380026895 | took 0ms | statement | connection 18| url jdbc:h2:mem:ad3a9e80-f26d-4a3e-9691-17f803db5723
update picture set spot_id=?, url=? where picture_id=?
update picture set spot_id=164, url='java.io.StringReader@136fea21' where picture_id=445;
2022-10-10 14:33:46.895  INFO 4460 --- [    Test worker] p6spy                                    : #1665380026895 | took 0ms | statement | connection 18| url jdbc:h2:mem:ad3a9e80-f26d-4a3e-9691-17f803db5723
update picture set spot_id=?, url=? where picture_id=?
update picture set spot_id=164, url='java.io.StringReader@50242325' where picture_id=446;
2022-10-10 14:33:46.895  INFO 4460 --- [    Test worker] p6spy                                    : #1665380026895 | took 0ms | statement | connection 18| url jdbc:h2:mem:ad3a9e80-f26d-4a3e-9691-17f803db5723
update picture set spot_id=?, url=? where picture_id=?
update picture set spot_id=164, url='java.io.StringReader@2be71a78' where picture_id=447;
2022-10-10 14:33:46.895  INFO 4460 --- [    Test worker] p6spy                                    : #1665380026895 | took 0ms | statement | connection 18| url jdbc:h2:mem:ad3a9e80-f26d-4a3e-9691-17f803db5723
update picture set spot_id=?, url=? where picture_id=?
update picture set spot_id=165, url='java.io.StringReader@7b301349' where picture_id=449;
2022-10-10 14:33:46.896  INFO 4460 --- [    Test worker] p6spy                                    : #1665380026896 | took 0ms | statement | connection 18| url jdbc:h2:mem:ad3a9e80-f26d-4a3e-9691-17f803db5723
update picture set spot_id=?, url=? where picture_id=?
update picture set spot_id=165, url='java.io.StringReader@390e513a' where picture_id=450;
2022-10-10 14:33:46.896  INFO 4460 --- [    Test worker] p6spy                                    : #1665380026896 | took 0ms | statement | connection 18| url jdbc:h2:mem:ad3a9e80-f26d-4a3e-9691-17f803db5723
update picture set spot_id=?, url=? where picture_id=?
update picture set spot_id=165, url='java.io.StringReader@6cf04303' where picture_id=451;
2022-10-10 14:33:46.896  INFO 4460 --- [    Test worker] p6spy                                    : #1665380026896 | took 0ms | statement | connection 18| url jdbc:h2:mem:ad3a9e80-f26d-4a3e-9691-17f803db5723
update picture set spot_id=?, url=? where picture_id=?
update picture set spot_id=166, url='java.io.StringReader@310d05c5' where picture_id=453;
2022-10-10 14:33:46.896  INFO 4460 --- [    Test worker] p6spy                                    : #1665380026896 | took 0ms | statement | connection 18| url jdbc:h2:mem:ad3a9e80-f26d-4a3e-9691-17f803db5723
update picture set spot_id=?, url=? where picture_id=?
update picture set spot_id=166, url='java.io.StringReader@7c81b1e1' where picture_id=454;
2022-10-10 14:33:46.896  INFO 4460 --- [    Test worker] p6spy                                    : #1665380026896 | took 0ms | statement | connection 18| url jdbc:h2:mem:ad3a9e80-f26d-4a3e-9691-17f803db5723
update picture set spot_id=?, url=? where picture_id=?
update picture set spot_id=166, url='java.io.StringReader@445944ea' where picture_id=455;
2022-10-10 14:33:46.896  INFO 4460 --- [    Test worker] p6spy                                    : #1665380026896 | took 0ms | statement | connection 18| url jdbc:h2:mem:ad3a9e80-f26d-4a3e-9691-17f803db5723
update picture set spot_id=?, url=? where picture_id=?
update picture set spot_id=167, url='java.io.StringReader@16e2a7be' where picture_id=457;
2022-10-10 14:33:46.896  INFO 4460 --- [    Test worker] p6spy                                    : #1665380026896 | took 0ms | statement | connection 18| url jdbc:h2:mem:ad3a9e80-f26d-4a3e-9691-17f803db5723
update picture set spot_id=?, url=? where picture_id=?
update picture set spot_id=167, url='java.io.StringReader@79b2b427' where picture_id=458;
2022-10-10 14:33:46.896  INFO 4460 --- [    Test worker] p6spy                                    : #1665380026896 | took 0ms | statement | connection 18| url jdbc:h2:mem:ad3a9e80-f26d-4a3e-9691-17f803db5723
update picture set spot_id=?, url=? where picture_id=?
update picture set spot_id=167, url='java.io.StringReader@7d05e595' where picture_id=459;
2022-10-10 14:33:46.896  INFO 4460 --- [    Test worker] p6spy                                    : #1665380026896 | took 0ms | statement | connection 18| url jdbc:h2:mem:ad3a9e80-f26d-4a3e-9691-17f803db5723
update picture set spot_id=?, url=? where picture_id=?
update picture set spot_id=168, url='java.io.StringReader@4c775b94' where picture_id=461;
2022-10-10 14:33:46.896  INFO 4460 --- [    Test worker] p6spy                                    : #1665380026896 | took 0ms | statement | connection 18| url jdbc:h2:mem:ad3a9e80-f26d-4a3e-9691-17f803db5723
update picture set spot_id=?, url=? where picture_id=?
update picture set spot_id=168, url='java.io.StringReader@25ec2f46' where picture_id=462;
2022-10-10 14:33:46.896  INFO 4460 --- [    Test worker] p6spy                                    : #1665380026896 | took 0ms | statement | connection 18| url jdbc:h2:mem:ad3a9e80-f26d-4a3e-9691-17f803db5723
update picture set spot_id=?, url=? where picture_id=?
update picture set spot_id=168, url='java.io.StringReader@6ee0bfee' where picture_id=463;
2022-10-10 14:33:46.897  INFO 4460 --- [    Test worker] c.j.domain.Service.SpotListServiceTest   : member1 = Member(id=8, username=member1, email=member1@gmail.com, password=1234)
2022-10-10 14:33:46.897  INFO 4460 --- [    Test worker] c.j.domain.Service.SpotListServiceTest   : favorite = Favorite(id=28, name=1일차)
2022-10-10 14:33:46.897  INFO 4460 --- [    Test worker] c.j.domain.Service.SpotListServiceTest   : spots[0] = capstone.jejuTourrecommend.domain.Spot@66a97b79
2022-10-10 14:33:46.897  INFO 4460 --- [    Test worker] c.j.domain.Service.SpotListServiceTest   : favoriteSpots[0] = FavoriteSpot(id=71, count=0)
2022-10-10 14:33:46.898  INFO 4460 --- [    Test worker] p6spy                                    : #1665380026898 | took 0ms | statement | connection 18| url jdbc:h2:mem:ad3a9e80-f26d-4a3e-9691-17f803db5723
select member0_.member_id as member_i1_2_, member0_.created_date as created_2_2_, member0_.last_modified_date as last_mod3_2_, member0_.created_by as created_4_2_, member0_.last_modified_by as last_mod5_2_, member0_.email as email6_2_, member0_.password as password7_2_, member0_.refresh_token as refresh_8_2_, member0_.role as role9_2_, member0_.username as usernam10_2_ from member member0_ where member0_.email=?
select member0_.member_id as member_i1_2_, member0_.created_date as created_2_2_, member0_.last_modified_date as last_mod3_2_, member0_.created_by as created_4_2_, member0_.last_modified_by as last_mod5_2_, member0_.email as email6_2_, member0_.password as password7_2_, member0_.refresh_token as refresh_8_2_, member0_.role as role9_2_, member0_.username as usernam10_2_ from member member0_ where member0_.email='member1@gmail.com';
2022-10-10 14:33:46.901  INFO 4460 --- [    Test worker] c.j.Service.SpotListService              : mainPageLocation = 전체
2022-10-10 14:33:46.901  INFO 4460 --- [    Test worker] c.j.Service.SpotListService              : mainPageCategory = 서비스 
2022-10-10 14:33:46.901  INFO 4460 --- [    Test worker] c.j.Service.SpotListService              : location = [Jeju_si, Aewol_eup, Hallim_eup, Hangyeong_myeon, Jocheon_eup, Gujwa_eup, Daejeong_eup, Andeok_myeon, Seogwipo_si, Namwon_eup, Pyoseon_myeon, Seongsan_eup, Udo_myeon]
2022-10-10 14:33:46.901  INFO 4460 --- [    Test worker] c.j.Service.SpotListService              : category = SURROUND 
2022-10-10 14:33:46.901  INFO 4460 --- [    Test worker] c.j.Service.SpotListService              : UserWeightDto() = null
2022-10-10 14:33:46.904  INFO 4460 --- [    Test worker] c.j.repository.SpotRepositoryImpl        : location = [Jeju_si, Aewol_eup, Hallim_eup, Hangyeong_myeon, Jocheon_eup, Gujwa_eup, Daejeong_eup, Andeok_myeon, Seogwipo_si, Namwon_eup, Pyoseon_myeon, Seongsan_eup, Udo_myeon]
2022-10-10 14:33:46.904  INFO 4460 --- [    Test worker] c.j.repository.SpotRepositoryImpl        : category = SURROUND
2022-10-10 14:33:46.911  INFO 4460 --- [    Test worker] p6spy                                    : #1665380026911 | took 0ms | statement | connection 18| url jdbc:h2:mem:ad3a9e80-f26d-4a3e-9691-17f803db5723
select spot0_.spot_id as col_0_0_, spot0_.name as col_1_0_, spot0_.address as col_2_0_, spot0_.description as col_3_0_ from spot spot0_ left outer join score score1_ on spot0_.score_id=score1_.score_id where spot0_.location in (? , ? , ? , ? , ? , ? , ? , ? , ? , ? , ? , ? , ?) order by score1_.surround_score desc limit ? offset ?
select spot0_.spot_id as col_0_0_, spot0_.name as col_1_0_, spot0_.address as col_2_0_, spot0_.description as col_3_0_ from spot spot0_ left outer join score score1_ on spot0_.score_id=score1_.score_id where spot0_.location in ('Jeju_si' , 'Aewol_eup' , 'Hallim_eup' , 'Hangyeong_myeon' , 'Jocheon_eup' , 'Gujwa_eup' , 'Daejeong_eup' , 'Andeok_myeon' , 'Seogwipo_si' , 'Namwon_eup' , 'Pyoseon_myeon' , 'Seongsan_eup' , 'Udo_myeon') order by score1_.surround_score desc limit 10 offset 20;
2022-10-10 14:33:46.915  INFO 4460 --- [    Test worker] p6spy                                    : #1665380026915 | took 0ms | statement | connection 18| url jdbc:h2:mem:ad3a9e80-f26d-4a3e-9691-17f803db5723
select favoritesp0_.spot_id as col_0_0_ from favorite_spot favoritesp0_ cross join favorite favorite1_ where favoritesp0_.favorite_id=favorite1_.favorite_id and favorite1_.member_id=? and (favoritesp0_.spot_id in (? , ? , ? , ? , ? , ? , ? , ? , ? , ?))
select favoritesp0_.spot_id as col_0_0_ from favorite_spot favoritesp0_ cross join favorite favorite1_ where favoritesp0_.favorite_id=favorite1_.favorite_id and favorite1_.member_id=8 and (favoritesp0_.spot_id in (148 , 147 , 146 , 145 , 144 , 143 , 142 , 141 , 140 , 139));
2022-10-10 14:33:46.918  INFO 4460 --- [    Test worker] p6spy                                    : #1665380026918 | took 0ms | statement | connection 18| url jdbc:h2:mem:ad3a9e80-f26d-4a3e-9691-17f803db5723
select picture0_.picture_id as col_0_0_, picture0_.url as col_1_0_, picture0_.spot_id as col_2_0_ from picture picture0_ inner join spot spot1_ on picture0_.spot_id=spot1_.spot_id where picture0_.spot_id in (? , ? , ? , ? , ? , ? , ? , ? , ? , ?)
select picture0_.picture_id as col_0_0_, picture0_.url as col_1_0_, picture0_.spot_id as col_2_0_ from picture picture0_ inner join spot spot1_ on picture0_.spot_id=spot1_.spot_id where picture0_.spot_id in (148 , 147 , 146 , 145 , 144 , 143 , 142 , 141 , 140 , 139);
2022-10-10 14:33:46.924  INFO 4460 --- [    Test worker] p6spy                                    : #1665380026924 | took 1ms | statement | connection 18| url jdbc:h2:mem:ad3a9e80-f26d-4a3e-9691-17f803db5723
select count(spot0_.spot_id) as col_0_0_ from spot spot0_ where spot0_.location in (? , ? , ? , ? , ? , ? , ? , ? , ? , ? , ? , ? , ?)
select count(spot0_.spot_id) as col_0_0_ from spot spot0_ where spot0_.location in ('Jeju_si' , 'Aewol_eup' , 'Hallim_eup' , 'Hangyeong_myeon' , 'Jocheon_eup' , 'Gujwa_eup' , 'Daejeong_eup' , 'Andeok_myeon' , 'Seogwipo_si' , 'Namwon_eup' , 'Pyoseon_myeon' , 'Seongsan_eup' , 'Udo_myeon');
2022-10-10 14:33:46.925  INFO 4460 --- [    Test worker] c.j.domain.Service.SpotListServiceTest   : result = SpotListDto(spotId=148, spotName=null, spotAddress=null, spotDescription=null, pictureDetailDtoList=[PictureDetailDto(pictureId=381, url=asdf1, spotId=148), PictureDetailDto(pictureId=382, url=asdf1, spotId=148), PictureDetailDto(pictureId=383, url=asdf1, spotId=148)], isFavorite=true)
2022-10-10 14:33:46.929  INFO 4460 --- [    Test worker] c.j.domain.Service.SpotListServiceTest   : result = SpotListDto(spotId=147, spotName=null, spotAddress=null, spotDescription=null, pictureDetailDtoList=[PictureDetailDto(pictureId=377, url=asdf1, spotId=147), PictureDetailDto(pictureId=378, url=asdf1, spotId=147), PictureDetailDto(pictureId=379, url=asdf1, spotId=147)], isFavorite=true)
2022-10-10 14:33:46.929  INFO 4460 --- [    Test worker] c.j.domain.Service.SpotListServiceTest   : result = SpotListDto(spotId=146, spotName=null, spotAddress=null, spotDescription=null, pictureDetailDtoList=[PictureDetailDto(pictureId=373, url=asdf1, spotId=146), PictureDetailDto(pictureId=374, url=asdf1, spotId=146), PictureDetailDto(pictureId=375, url=asdf1, spotId=146)], isFavorite=true)
2022-10-10 14:33:46.929  INFO 4460 --- [    Test worker] c.j.domain.Service.SpotListServiceTest   : result = SpotListDto(spotId=145, spotName=null, spotAddress=null, spotDescription=null, pictureDetailDtoList=[PictureDetailDto(pictureId=369, url=asdf1, spotId=145), PictureDetailDto(pictureId=370, url=asdf1, spotId=145), PictureDetailDto(pictureId=371, url=asdf1, spotId=145)], isFavorite=true)
2022-10-10 14:33:46.929  INFO 4460 --- [    Test worker] c.j.domain.Service.SpotListServiceTest   : result = SpotListDto(spotId=144, spotName=null, spotAddress=null, spotDescription=null, pictureDetailDtoList=[PictureDetailDto(pictureId=365, url=asdf1, spotId=144), PictureDetailDto(pictureId=366, url=asdf1, spotId=144), PictureDetailDto(pictureId=367, url=asdf1, spotId=144)], isFavorite=true)
2022-10-10 14:33:46.929  INFO 4460 --- [    Test worker] c.j.domain.Service.SpotListServiceTest   : result = SpotListDto(spotId=143, spotName=null, spotAddress=null, spotDescription=null, pictureDetailDtoList=[PictureDetailDto(pictureId=361, url=asdf1, spotId=143), PictureDetailDto(pictureId=362, url=asdf1, spotId=143), PictureDetailDto(pictureId=363, url=asdf1, spotId=143)], isFavorite=true)
2022-10-10 14:33:46.929  INFO 4460 --- [    Test worker] c.j.domain.Service.SpotListServiceTest   : result = SpotListDto(spotId=142, spotName=null, spotAddress=null, spotDescription=null, pictureDetailDtoList=[PictureDetailDto(pictureId=357, url=asdf1, spotId=142), PictureDetailDto(pictureId=358, url=asdf1, spotId=142), PictureDetailDto(pictureId=359, url=asdf1, spotId=142)], isFavorite=true)
2022-10-10 14:33:46.929  INFO 4460 --- [    Test worker] c.j.domain.Service.SpotListServiceTest   : result = SpotListDto(spotId=141, spotName=null, spotAddress=null, spotDescription=null, pictureDetailDtoList=[PictureDetailDto(pictureId=353, url=asdf1, spotId=141), PictureDetailDto(pictureId=354, url=asdf1, spotId=141), PictureDetailDto(pictureId=355, url=asdf1, spotId=141)], isFavorite=true)
2022-10-10 14:33:46.929  INFO 4460 --- [    Test worker] c.j.domain.Service.SpotListServiceTest   : result = SpotListDto(spotId=140, spotName=null, spotAddress=null, spotDescription=null, pictureDetailDtoList=[PictureDetailDto(pictureId=349, url=asdf1, spotId=140), PictureDetailDto(pictureId=350, url=asdf1, spotId=140), PictureDetailDto(pictureId=351, url=asdf1, spotId=140)], isFavorite=true)
2022-10-10 14:33:46.929  INFO 4460 --- [    Test worker] c.j.domain.Service.SpotListServiceTest   : result = SpotListDto(spotId=139, spotName=null, spotAddress=null, spotDescription=null, pictureDetailDtoList=[PictureDetailDto(pictureId=345, url=asdf1, spotId=139), PictureDetailDto(pictureId=346, url=asdf1, spotId=139), PictureDetailDto(pictureId=347, url=asdf1, spotId=139)], isFavorite=true)
2022-10-10 14:33:46.938  INFO 4460 --- [    Test worker] p6spy                                    : #1665380026938 | took 6ms | rollback | connection 18| url jdbc:h2:mem:ad3a9e80-f26d-4a3e-9691-17f803db5723

;
2022-10-10 14:33:46.938  INFO 4460 --- [    Test worker] o.s.t.c.transaction.TransactionContext   : Rolled back transaction for test: [DefaultTestContext@5a8a50b8 testClass = SpotListServiceTest, testInstance = capstone.jejuTourrecommend.domain.Service.SpotListServiceTest@5e7026b9, testMethod = postSpotListTest@SpotListServiceTest, testException = [null], mergedContextConfiguration = [WebMergedContextConfiguration@a426150 testClass = SpotListServiceTest, locations = '{}', classes = '{class capstone.jejuTourrecommend.JejuTourRecommendApplication}', contextInitializerClasses = '[]', activeProfiles = '{}', propertySourceLocations = '{}', propertySourceProperties = '{org.springframework.boot.test.context.SpringBootTestContextBootstrapper=true}', contextCustomizers = set[org.springframework.boot.test.autoconfigure.actuate.metrics.MetricsExportContextCustomizerFactory$DisableMetricExportContextCustomizer@749c877b, org.springframework.boot.test.autoconfigure.properties.PropertyMappingContextCustomizer@0, org.springframework.boot.test.autoconfigure.web.servlet.WebDriverContextCustomizerFactory$Customizer@60f7cc1d, org.springframework.boot.test.context.filter.ExcludeFilterContextCustomizer@207ea13, org.springframework.boot.test.json.DuplicateJsonObjectContextCustomizerFactory$DuplicateJsonObjectContextCustomizer@5827af16, org.springframework.boot.test.mock.mockito.MockitoContextCustomizer@0, org.springframework.boot.test.web.client.TestRestTemplateContextCustomizer@50fe837a, org.springframework.boot.test.context.SpringBootTestArgs@1, org.springframework.boot.test.context.SpringBootTestWebEnvironment@51bd8b5c], resourceBasePath = 'src/main/webapp', contextLoader = 'org.springframework.boot.test.context.SpringBootContextLoader', parent = [null]], attributes = map['org.springframework.test.context.web.ServletTestExecutionListener.activateListener' -> true, 'org.springframework.test.context.web.ServletTestExecutionListener.populatedRequestContextHolder' -> true, 'org.springframework.test.context.web.ServletTestExecutionListener.resetRequestContextHolder' -> true, 'org.springframework.test.context.event.ApplicationEventsTestExecutionListener.recordApplicationEvents' -> false]]
]]></system-out>
  <system-err><![CDATA[]]></system-err>
</testsuite>
