<?xml version="1.0" encoding="UTF-8"?>
<testsuite name="capstone.jejuTourrecommend.domain.Service.FavoriteServiceTest" tests="4" skipped="0" failures="0" errors="0" timestamp="2022-10-10T05:33:46" hostname="Heon-MacBookPro.local" time="0.213">
  <properties/>
  <testcase name="deleteFavoriteListTest()" classname="capstone.jejuTourrecommend.domain.Service.FavoriteServiceTest" time="0.105"/>
  <testcase name="newFavoriteListTest()" classname="capstone.jejuTourrecommend.domain.Service.FavoriteServiceTest" time="0.036"/>
  <testcase name="getFavoriteListTest()" classname="capstone.jejuTourrecommend.domain.Service.FavoriteServiceTest" time="0.05"/>
  <testcase name="postFavoriteFormTest()" classname="capstone.jejuTourrecommend.domain.Service.FavoriteServiceTest" time="0.019"/>
  <system-out><![CDATA[2022-10-10 14:33:46.546  INFO 4460 --- [    Test worker] .b.t.c.SpringBootTestContextBootstrapper : Neither @ContextConfiguration nor @ContextHierarchy found for test class [capstone.jejuTourrecommend.domain.Service.FavoriteServiceTest], using SpringBootContextLoader
2022-10-10 14:33:46.547  INFO 4460 --- [    Test worker] o.s.t.c.support.AbstractContextLoader    : Could not detect default resource locations for test class [capstone.jejuTourrecommend.domain.Service.FavoriteServiceTest]: no resource found for suffixes {-context.xml, Context.groovy}.
2022-10-10 14:33:46.547  INFO 4460 --- [    Test worker] t.c.s.AnnotationConfigContextLoaderUtils : Could not detect default configuration classes for test class [capstone.jejuTourrecommend.domain.Service.FavoriteServiceTest]: FavoriteServiceTest does not declare any static, non-private, non-final, nested classes annotated with @Configuration.
2022-10-10 14:33:46.550  INFO 4460 --- [    Test worker] .b.t.c.SpringBootTestContextBootstrapper : Found @SpringBootConfiguration capstone.jejuTourrecommend.JejuTourRecommendApplication for test class capstone.jejuTourrecommend.domain.Service.FavoriteServiceTest
2022-10-10 14:33:46.551  INFO 4460 --- [    Test worker] .b.t.c.SpringBootTestContextBootstrapper : Loaded default TestExecutionListener class names from location [META-INF/spring.factories]: [org.springframework.boot.test.autoconfigure.restdocs.RestDocsTestExecutionListener, org.springframework.boot.test.autoconfigure.web.client.MockRestServiceServerResetTestExecutionListener, org.springframework.boot.test.autoconfigure.web.servlet.MockMvcPrintOnlyOnFailureTestExecutionListener, org.springframework.boot.test.autoconfigure.web.servlet.WebDriverTestExecutionListener, org.springframework.boot.test.autoconfigure.webservices.client.MockWebServiceServerTestExecutionListener, org.springframework.boot.test.mock.mockito.MockitoTestExecutionListener, org.springframework.boot.test.mock.mockito.ResetMocksTestExecutionListener, org.springframework.test.context.web.ServletTestExecutionListener, org.springframework.test.context.support.DirtiesContextBeforeModesTestExecutionListener, org.springframework.test.context.event.ApplicationEventsTestExecutionListener, org.springframework.test.context.support.DependencyInjectionTestExecutionListener, org.springframework.test.context.support.DirtiesContextTestExecutionListener, org.springframework.test.context.transaction.TransactionalTestExecutionListener, org.springframework.test.context.jdbc.SqlScriptsTestExecutionListener, org.springframework.test.context.event.EventPublishingTestExecutionListener]
2022-10-10 14:33:46.551  INFO 4460 --- [    Test worker] .b.t.c.SpringBootTestContextBootstrapper : Using TestExecutionListeners: [org.springframework.test.context.web.ServletTestExecutionListener@2fef413c, org.springframework.test.context.support.DirtiesContextBeforeModesTestExecutionListener@4a0b1701, org.springframework.test.context.event.ApplicationEventsTestExecutionListener@7b9661d4, org.springframework.boot.test.mock.mockito.MockitoTestExecutionListener@20de9df, org.springframework.boot.test.autoconfigure.SpringBootDependencyInjectionTestExecutionListener@57bebe03, org.springframework.test.context.support.DirtiesContextTestExecutionListener@451f08ea, org.springframework.test.context.transaction.TransactionalTestExecutionListener@dcf495c, org.springframework.test.context.jdbc.SqlScriptsTestExecutionListener@60610a2b, org.springframework.test.context.event.EventPublishingTestExecutionListener@420dee82, org.springframework.boot.test.autoconfigure.restdocs.RestDocsTestExecutionListener@7f68e671, org.springframework.boot.test.autoconfigure.web.client.MockRestServiceServerResetTestExecutionListener@81ac569, org.springframework.boot.test.autoconfigure.web.servlet.MockMvcPrintOnlyOnFailureTestExecutionListener@6042b613, org.springframework.boot.test.autoconfigure.web.servlet.WebDriverTestExecutionListener@4d162d67, org.springframework.boot.test.autoconfigure.webservices.client.MockWebServiceServerTestExecutionListener@757501da, org.springframework.boot.test.mock.mockito.ResetMocksTestExecutionListener@2b1aa390]
2022-10-10 14:33:46.553  INFO 4460 --- [    Test worker] o.s.t.c.transaction.TransactionContext   : Began transaction (1) for test context [DefaultTestContext@5c807e6b testClass = FavoriteServiceTest, testInstance = capstone.jejuTourrecommend.domain.Service.FavoriteServiceTest@49bcd90d, testMethod = deleteFavoriteListTest@FavoriteServiceTest, testException = [null], mergedContextConfiguration = [WebMergedContextConfiguration@1bb6bc81 testClass = FavoriteServiceTest, locations = '{}', classes = '{class capstone.jejuTourrecommend.JejuTourRecommendApplication}', contextInitializerClasses = '[]', activeProfiles = '{}', propertySourceLocations = '{}', propertySourceProperties = '{org.springframework.boot.test.context.SpringBootTestContextBootstrapper=true}', contextCustomizers = set[org.springframework.boot.test.autoconfigure.actuate.metrics.MetricsExportContextCustomizerFactory$DisableMetricExportContextCustomizer@749c877b, org.springframework.boot.test.autoconfigure.properties.PropertyMappingContextCustomizer@0, org.springframework.boot.test.autoconfigure.web.servlet.WebDriverContextCustomizerFactory$Customizer@60f7cc1d, org.springframework.boot.test.context.filter.ExcludeFilterContextCustomizer@207ea13, org.springframework.boot.test.json.DuplicateJsonObjectContextCustomizerFactory$DuplicateJsonObjectContextCustomizer@5827af16, org.springframework.boot.test.mock.mockito.MockitoContextCustomizer@0, org.springframework.boot.test.web.client.TestRestTemplateContextCustomizer@50fe837a, org.springframework.boot.test.context.SpringBootTestArgs@1, org.springframework.boot.test.context.SpringBootTestWebEnvironment@51bd8b5c], resourceBasePath = 'src/main/webapp', contextLoader = 'org.springframework.boot.test.context.SpringBootContextLoader', parent = [null]], attributes = map['org.springframework.test.context.web.ServletTestExecutionListener.activateListener' -> true, 'org.springframework.test.context.web.ServletTestExecutionListener.populatedRequestContextHolder' -> true, 'org.springframework.test.context.web.ServletTestExecutionListener.resetRequestContextHolder' -> true, 'org.springframework.test.context.event.ApplicationEventsTestExecutionListener.recordApplicationEvents' -> false]]; transaction manager [org.springframework.orm.jpa.JpaTransactionManager@4545ac62]; rollback [true]
2022-10-10 14:33:46.555  INFO 4460 --- [    Test worker] c.j.domain.Service.FavoriteServiceTest   : favorite1 = Favorite(id=7, name=1일차)
2022-10-10 14:33:46.555  INFO 4460 --- [    Test worker] c.j.domain.Service.FavoriteServiceTest   : favorite5 = Favorite(id=11, name=5일차)
2022-10-10 14:33:46.557  INFO 4460 --- [    Test worker] c.j.domain.Service.FavoriteServiceTest   : spot0 = capstone.jejuTourrecommend.domain.Spot@1ee2e363
2022-10-10 14:33:46.557  INFO 4460 --- [    Test worker] c.j.domain.Service.FavoriteServiceTest   : spot14 = capstone.jejuTourrecommend.domain.Spot@5efb7f82
2022-10-10 14:33:46.557  INFO 4460 --- [    Test worker] p6spy                                    : #1665380026557 | took 0ms | statement | connection 14| url jdbc:h2:mem:ad3a9e80-f26d-4a3e-9691-17f803db5723
call next value for hibernate_sequence
call next value for hibernate_sequence;
2022-10-10 14:33:46.557  INFO 4460 --- [    Test worker] p6spy                                    : #1665380026557 | took 0ms | statement | connection 14| url jdbc:h2:mem:ad3a9e80-f26d-4a3e-9691-17f803db5723
call next value for hibernate_sequence
call next value for hibernate_sequence;
2022-10-10 14:33:46.557  INFO 4460 --- [    Test worker] p6spy                                    : #1665380026557 | took 0ms | statement | connection 14| url jdbc:h2:mem:ad3a9e80-f26d-4a3e-9691-17f803db5723
call next value for hibernate_sequence
call next value for hibernate_sequence;
2022-10-10 14:33:46.558  INFO 4460 --- [    Test worker] p6spy                                    : #1665380026558 | took 0ms | statement | connection 14| url jdbc:h2:mem:ad3a9e80-f26d-4a3e-9691-17f803db5723
call next value for hibernate_sequence
call next value for hibernate_sequence;
2022-10-10 14:33:46.558  INFO 4460 --- [    Test worker] p6spy                                    : #1665380026558 | took 0ms | statement | connection 14| url jdbc:h2:mem:ad3a9e80-f26d-4a3e-9691-17f803db5723
call next value for hibernate_sequence
call next value for hibernate_sequence;
2022-10-10 14:33:46.558  INFO 4460 --- [    Test worker] p6spy                                    : #1665380026558 | took 0ms | statement | connection 14| url jdbc:h2:mem:ad3a9e80-f26d-4a3e-9691-17f803db5723
call next value for hibernate_sequence
call next value for hibernate_sequence;
2022-10-10 14:33:46.558  INFO 4460 --- [    Test worker] p6spy                                    : #1665380026558 | took 0ms | statement | connection 14| url jdbc:h2:mem:ad3a9e80-f26d-4a3e-9691-17f803db5723
call next value for hibernate_sequence
call next value for hibernate_sequence;
2022-10-10 14:33:46.559  INFO 4460 --- [    Test worker] p6spy                                    : #1665380026559 | took 0ms | statement | connection 14| url jdbc:h2:mem:ad3a9e80-f26d-4a3e-9691-17f803db5723
call next value for hibernate_sequence
call next value for hibernate_sequence;
2022-10-10 14:33:46.559  INFO 4460 --- [    Test worker] p6spy                                    : #1665380026559 | took 0ms | statement | connection 14| url jdbc:h2:mem:ad3a9e80-f26d-4a3e-9691-17f803db5723
call next value for hibernate_sequence
call next value for hibernate_sequence;
2022-10-10 14:33:46.559  INFO 4460 --- [    Test worker] p6spy                                    : #1665380026559 | took 0ms | statement | connection 14| url jdbc:h2:mem:ad3a9e80-f26d-4a3e-9691-17f803db5723
call next value for hibernate_sequence
call next value for hibernate_sequence;
2022-10-10 14:33:46.559  INFO 4460 --- [    Test worker] p6spy                                    : #1665380026559 | took 0ms | statement | connection 14| url jdbc:h2:mem:ad3a9e80-f26d-4a3e-9691-17f803db5723
call next value for hibernate_sequence
call next value for hibernate_sequence;
2022-10-10 14:33:46.560  INFO 4460 --- [    Test worker] p6spy                                    : #1665380026560 | took 0ms | statement | connection 14| url jdbc:h2:mem:ad3a9e80-f26d-4a3e-9691-17f803db5723
call next value for hibernate_sequence
call next value for hibernate_sequence;
2022-10-10 14:33:46.560  INFO 4460 --- [    Test worker] p6spy                                    : #1665380026560 | took 0ms | statement | connection 14| url jdbc:h2:mem:ad3a9e80-f26d-4a3e-9691-17f803db5723
call next value for hibernate_sequence
call next value for hibernate_sequence;
2022-10-10 14:33:46.560  INFO 4460 --- [    Test worker] p6spy                                    : #1665380026560 | took 0ms | statement | connection 14| url jdbc:h2:mem:ad3a9e80-f26d-4a3e-9691-17f803db5723
call next value for hibernate_sequence
call next value for hibernate_sequence;
2022-10-10 14:33:46.560  INFO 4460 --- [    Test worker] p6spy                                    : #1665380026560 | took 0ms | statement | connection 14| url jdbc:h2:mem:ad3a9e80-f26d-4a3e-9691-17f803db5723
call next value for hibernate_sequence
call next value for hibernate_sequence;
2022-10-10 14:33:46.572  INFO 4460 --- [    Test worker] p6spy                                    : #1665380026572 | took 0ms | statement | connection 14| url jdbc:h2:mem:ad3a9e80-f26d-4a3e-9691-17f803db5723
insert into member (created_date, last_modified_date, created_by, last_modified_by, email, password, refresh_token, role, username, member_id) values (?, ?, ?, ?, ?, ?, ?, ?, ?, ?)
insert into member (created_date, last_modified_date, created_by, last_modified_by, email, password, refresh_token, role, username, member_id) values ('2022-10-10T14:33:46.555+0900', '2022-10-10T14:33:46.555+0900', '29beb684-b577-4877-bcba-9c514d92c05e', '29beb684-b577-4877-bcba-9c514d92c05e', 'em@naver.com', '1234', NULL, NULL, 'leoJoo', 4);
2022-10-10 14:33:46.572  INFO 4460 --- [    Test worker] p6spy                                    : #1665380026572 | took 0ms | statement | connection 14| url jdbc:h2:mem:ad3a9e80-f26d-4a3e-9691-17f803db5723
insert into favorite (member_id, name, favorite_id) values (?, ?, ?)
insert into favorite (member_id, name, favorite_id) values (4, '1일차', 7);
2022-10-10 14:33:46.572  INFO 4460 --- [    Test worker] p6spy                                    : #1665380026572 | took 0ms | statement | connection 14| url jdbc:h2:mem:ad3a9e80-f26d-4a3e-9691-17f803db5723
insert into favorite (member_id, name, favorite_id) values (?, ?, ?)
insert into favorite (member_id, name, favorite_id) values (4, '2일차', 8);
2022-10-10 14:33:46.573  INFO 4460 --- [    Test worker] p6spy                                    : #1665380026572 | took 0ms | statement | connection 14| url jdbc:h2:mem:ad3a9e80-f26d-4a3e-9691-17f803db5723
insert into favorite (member_id, name, favorite_id) values (?, ?, ?)
insert into favorite (member_id, name, favorite_id) values (4, '3일차', 9);
2022-10-10 14:33:46.573  INFO 4460 --- [    Test worker] p6spy                                    : #1665380026573 | took 0ms | statement | connection 14| url jdbc:h2:mem:ad3a9e80-f26d-4a3e-9691-17f803db5723
insert into favorite (member_id, name, favorite_id) values (?, ?, ?)
insert into favorite (member_id, name, favorite_id) values (4, '4일차', 10);
2022-10-10 14:33:46.573  INFO 4460 --- [    Test worker] p6spy                                    : #1665380026573 | took 0ms | statement | connection 14| url jdbc:h2:mem:ad3a9e80-f26d-4a3e-9691-17f803db5723
insert into favorite (member_id, name, favorite_id) values (?, ?, ?)
insert into favorite (member_id, name, favorite_id) values (4, '5일차', 11);
2022-10-10 14:33:46.573  INFO 4460 --- [    Test worker] p6spy                                    : #1665380026573 | took 0ms | statement | connection 14| url jdbc:h2:mem:ad3a9e80-f26d-4a3e-9691-17f803db5723
insert into spot (address, description, location, name, score_id, spot_id) values (?, ?, ?, ?, ?, ?)
insert into spot (address, description, location, name, score_id, spot_id) values (NULL, NULL, NULL, '관광지 0', NULL, 9);
2022-10-10 14:33:46.573  INFO 4460 --- [    Test worker] p6spy                                    : #1665380026573 | took 0ms | statement | connection 14| url jdbc:h2:mem:ad3a9e80-f26d-4a3e-9691-17f803db5723
insert into spot (address, description, location, name, score_id, spot_id) values (?, ?, ?, ?, ?, ?)
insert into spot (address, description, location, name, score_id, spot_id) values (NULL, NULL, NULL, '관광지 1', NULL, 10);
2022-10-10 14:33:46.574  INFO 4460 --- [    Test worker] p6spy                                    : #1665380026574 | took 0ms | statement | connection 14| url jdbc:h2:mem:ad3a9e80-f26d-4a3e-9691-17f803db5723
insert into spot (address, description, location, name, score_id, spot_id) values (?, ?, ?, ?, ?, ?)
insert into spot (address, description, location, name, score_id, spot_id) values (NULL, NULL, NULL, '관광지 2', NULL, 11);
2022-10-10 14:33:46.574  INFO 4460 --- [    Test worker] p6spy                                    : #1665380026574 | took 0ms | statement | connection 14| url jdbc:h2:mem:ad3a9e80-f26d-4a3e-9691-17f803db5723
insert into spot (address, description, location, name, score_id, spot_id) values (?, ?, ?, ?, ?, ?)
insert into spot (address, description, location, name, score_id, spot_id) values (NULL, NULL, NULL, '관광지 3', NULL, 12);
2022-10-10 14:33:46.574  INFO 4460 --- [    Test worker] p6spy                                    : #1665380026574 | took 0ms | statement | connection 14| url jdbc:h2:mem:ad3a9e80-f26d-4a3e-9691-17f803db5723
insert into spot (address, description, location, name, score_id, spot_id) values (?, ?, ?, ?, ?, ?)
insert into spot (address, description, location, name, score_id, spot_id) values (NULL, NULL, NULL, '관광지 4', NULL, 13);
2022-10-10 14:33:46.574  INFO 4460 --- [    Test worker] p6spy                                    : #1665380026574 | took 0ms | statement | connection 14| url jdbc:h2:mem:ad3a9e80-f26d-4a3e-9691-17f803db5723
insert into spot (address, description, location, name, score_id, spot_id) values (?, ?, ?, ?, ?, ?)
insert into spot (address, description, location, name, score_id, spot_id) values (NULL, NULL, NULL, '관광지 5', NULL, 14);
2022-10-10 14:33:46.575  INFO 4460 --- [    Test worker] p6spy                                    : #1665380026575 | took 0ms | statement | connection 14| url jdbc:h2:mem:ad3a9e80-f26d-4a3e-9691-17f803db5723
insert into spot (address, description, location, name, score_id, spot_id) values (?, ?, ?, ?, ?, ?)
insert into spot (address, description, location, name, score_id, spot_id) values (NULL, NULL, NULL, '관광지 6', NULL, 15);
2022-10-10 14:33:46.575  INFO 4460 --- [    Test worker] p6spy                                    : #1665380026575 | took 0ms | statement | connection 14| url jdbc:h2:mem:ad3a9e80-f26d-4a3e-9691-17f803db5723
insert into spot (address, description, location, name, score_id, spot_id) values (?, ?, ?, ?, ?, ?)
insert into spot (address, description, location, name, score_id, spot_id) values (NULL, NULL, NULL, '관광지 7', NULL, 16);
2022-10-10 14:33:46.575  INFO 4460 --- [    Test worker] p6spy                                    : #1665380026575 | took 0ms | statement | connection 14| url jdbc:h2:mem:ad3a9e80-f26d-4a3e-9691-17f803db5723
insert into spot (address, description, location, name, score_id, spot_id) values (?, ?, ?, ?, ?, ?)
insert into spot (address, description, location, name, score_id, spot_id) values (NULL, NULL, NULL, '관광지 8', NULL, 17);
2022-10-10 14:33:46.575  INFO 4460 --- [    Test worker] p6spy                                    : #1665380026575 | took 0ms | statement | connection 14| url jdbc:h2:mem:ad3a9e80-f26d-4a3e-9691-17f803db5723
insert into spot (address, description, location, name, score_id, spot_id) values (?, ?, ?, ?, ?, ?)
insert into spot (address, description, location, name, score_id, spot_id) values (NULL, NULL, NULL, '관광지 9', NULL, 18);
2022-10-10 14:33:46.576  INFO 4460 --- [    Test worker] p6spy                                    : #1665380026576 | took 0ms | statement | connection 14| url jdbc:h2:mem:ad3a9e80-f26d-4a3e-9691-17f803db5723
insert into spot (address, description, location, name, score_id, spot_id) values (?, ?, ?, ?, ?, ?)
insert into spot (address, description, location, name, score_id, spot_id) values (NULL, NULL, NULL, '관광지 10', NULL, 19);
2022-10-10 14:33:46.576  INFO 4460 --- [    Test worker] p6spy                                    : #1665380026576 | took 0ms | statement | connection 14| url jdbc:h2:mem:ad3a9e80-f26d-4a3e-9691-17f803db5723
insert into spot (address, description, location, name, score_id, spot_id) values (?, ?, ?, ?, ?, ?)
insert into spot (address, description, location, name, score_id, spot_id) values (NULL, NULL, NULL, '관광지 11', NULL, 20);
2022-10-10 14:33:46.576  INFO 4460 --- [    Test worker] p6spy                                    : #1665380026576 | took 0ms | statement | connection 14| url jdbc:h2:mem:ad3a9e80-f26d-4a3e-9691-17f803db5723
insert into spot (address, description, location, name, score_id, spot_id) values (?, ?, ?, ?, ?, ?)
insert into spot (address, description, location, name, score_id, spot_id) values (NULL, NULL, NULL, '관광지 12', NULL, 21);
2022-10-10 14:33:46.576  INFO 4460 --- [    Test worker] p6spy                                    : #1665380026576 | took 0ms | statement | connection 14| url jdbc:h2:mem:ad3a9e80-f26d-4a3e-9691-17f803db5723
insert into spot (address, description, location, name, score_id, spot_id) values (?, ?, ?, ?, ?, ?)
insert into spot (address, description, location, name, score_id, spot_id) values (NULL, NULL, NULL, '관광지 13', NULL, 22);
2022-10-10 14:33:46.576  INFO 4460 --- [    Test worker] p6spy                                    : #1665380026576 | took 0ms | statement | connection 14| url jdbc:h2:mem:ad3a9e80-f26d-4a3e-9691-17f803db5723
insert into spot (address, description, location, name, score_id, spot_id) values (?, ?, ?, ?, ?, ?)
insert into spot (address, description, location, name, score_id, spot_id) values (NULL, NULL, NULL, '관광지 14', NULL, 23);
2022-10-10 14:33:46.577  INFO 4460 --- [    Test worker] p6spy                                    : #1665380026577 | took 0ms | statement | connection 14| url jdbc:h2:mem:ad3a9e80-f26d-4a3e-9691-17f803db5723
insert into favorite_spot (count, favorite_id, spot_id, favorite_spot_id) values (?, ?, ?, ?)
insert into favorite_spot (count, favorite_id, spot_id, favorite_spot_id) values (0, 7, 9, 9);
2022-10-10 14:33:46.577  INFO 4460 --- [    Test worker] p6spy                                    : #1665380026577 | took 0ms | statement | connection 14| url jdbc:h2:mem:ad3a9e80-f26d-4a3e-9691-17f803db5723
insert into picture (spot_id, url, picture_id) values (?, ?, ?)
insert into picture (spot_id, url, picture_id) values (9, 'java.io.StringReader@b917b5e', 5);
2022-10-10 14:33:46.577  INFO 4460 --- [    Test worker] p6spy                                    : #1665380026577 | took 0ms | statement | connection 14| url jdbc:h2:mem:ad3a9e80-f26d-4a3e-9691-17f803db5723
insert into favorite_spot (count, favorite_id, spot_id, favorite_spot_id) values (?, ?, ?, ?)
insert into favorite_spot (count, favorite_id, spot_id, favorite_spot_id) values (0, 7, 10, 10);
2022-10-10 14:33:46.577  INFO 4460 --- [    Test worker] p6spy                                    : #1665380026577 | took 0ms | statement | connection 14| url jdbc:h2:mem:ad3a9e80-f26d-4a3e-9691-17f803db5723
insert into picture (spot_id, url, picture_id) values (?, ?, ?)
insert into picture (spot_id, url, picture_id) values (10, 'java.io.StringReader@3eea7c4b', 6);
2022-10-10 14:33:46.578  INFO 4460 --- [    Test worker] p6spy                                    : #1665380026578 | took 0ms | statement | connection 14| url jdbc:h2:mem:ad3a9e80-f26d-4a3e-9691-17f803db5723
insert into favorite_spot (count, favorite_id, spot_id, favorite_spot_id) values (?, ?, ?, ?)
insert into favorite_spot (count, favorite_id, spot_id, favorite_spot_id) values (0, 7, 11, 11);
2022-10-10 14:33:46.578  INFO 4460 --- [    Test worker] p6spy                                    : #1665380026578 | took 0ms | statement | connection 14| url jdbc:h2:mem:ad3a9e80-f26d-4a3e-9691-17f803db5723
insert into picture (spot_id, url, picture_id) values (?, ?, ?)
insert into picture (spot_id, url, picture_id) values (11, 'java.io.StringReader@59e6fb8a', 7);
2022-10-10 14:33:46.578  INFO 4460 --- [    Test worker] p6spy                                    : #1665380026578 | took 0ms | statement | connection 14| url jdbc:h2:mem:ad3a9e80-f26d-4a3e-9691-17f803db5723
insert into favorite_spot (count, favorite_id, spot_id, favorite_spot_id) values (?, ?, ?, ?)
insert into favorite_spot (count, favorite_id, spot_id, favorite_spot_id) values (0, 7, 12, 12);
2022-10-10 14:33:46.578  INFO 4460 --- [    Test worker] p6spy                                    : #1665380026578 | took 0ms | statement | connection 14| url jdbc:h2:mem:ad3a9e80-f26d-4a3e-9691-17f803db5723
insert into picture (spot_id, url, picture_id) values (?, ?, ?)
insert into picture (spot_id, url, picture_id) values (12, 'java.io.StringReader@22ff53d1', 8);
2022-10-10 14:33:46.578  INFO 4460 --- [    Test worker] p6spy                                    : #1665380026578 | took 0ms | statement | connection 14| url jdbc:h2:mem:ad3a9e80-f26d-4a3e-9691-17f803db5723
insert into favorite_spot (count, favorite_id, spot_id, favorite_spot_id) values (?, ?, ?, ?)
insert into favorite_spot (count, favorite_id, spot_id, favorite_spot_id) values (0, 7, 13, 13);
2022-10-10 14:33:46.579  INFO 4460 --- [    Test worker] p6spy                                    : #1665380026579 | took 0ms | statement | connection 14| url jdbc:h2:mem:ad3a9e80-f26d-4a3e-9691-17f803db5723
insert into picture (spot_id, url, picture_id) values (?, ?, ?)
insert into picture (spot_id, url, picture_id) values (13, 'java.io.StringReader@5f735240', 9);
2022-10-10 14:33:46.579  INFO 4460 --- [    Test worker] p6spy                                    : #1665380026579 | took 0ms | statement | connection 14| url jdbc:h2:mem:ad3a9e80-f26d-4a3e-9691-17f803db5723
insert into favorite_spot (count, favorite_id, spot_id, favorite_spot_id) values (?, ?, ?, ?)
insert into favorite_spot (count, favorite_id, spot_id, favorite_spot_id) values (0, 8, 14, 14);
2022-10-10 14:33:46.579  INFO 4460 --- [    Test worker] p6spy                                    : #1665380026579 | took 0ms | statement | connection 14| url jdbc:h2:mem:ad3a9e80-f26d-4a3e-9691-17f803db5723
insert into picture (spot_id, url, picture_id) values (?, ?, ?)
insert into picture (spot_id, url, picture_id) values (14, 'java.io.StringReader@79ac02a9', 10);
2022-10-10 14:33:46.579  INFO 4460 --- [    Test worker] p6spy                                    : #1665380026579 | took 0ms | statement | connection 14| url jdbc:h2:mem:ad3a9e80-f26d-4a3e-9691-17f803db5723
insert into favorite_spot (count, favorite_id, spot_id, favorite_spot_id) values (?, ?, ?, ?)
insert into favorite_spot (count, favorite_id, spot_id, favorite_spot_id) values (0, 8, 15, 15);
2022-10-10 14:33:46.579  INFO 4460 --- [    Test worker] p6spy                                    : #1665380026579 | took 0ms | statement | connection 14| url jdbc:h2:mem:ad3a9e80-f26d-4a3e-9691-17f803db5723
insert into picture (spot_id, url, picture_id) values (?, ?, ?)
insert into picture (spot_id, url, picture_id) values (15, 'java.io.StringReader@1c38d025', 11);
2022-10-10 14:33:46.580  INFO 4460 --- [    Test worker] p6spy                                    : #1665380026580 | took 0ms | statement | connection 14| url jdbc:h2:mem:ad3a9e80-f26d-4a3e-9691-17f803db5723
insert into favorite_spot (count, favorite_id, spot_id, favorite_spot_id) values (?, ?, ?, ?)
insert into favorite_spot (count, favorite_id, spot_id, favorite_spot_id) values (0, 8, 16, 16);
2022-10-10 14:33:46.580  INFO 4460 --- [    Test worker] p6spy                                    : #1665380026580 | took 0ms | statement | connection 14| url jdbc:h2:mem:ad3a9e80-f26d-4a3e-9691-17f803db5723
insert into picture (spot_id, url, picture_id) values (?, ?, ?)
insert into picture (spot_id, url, picture_id) values (16, 'java.io.StringReader@1643e817', 12);
2022-10-10 14:33:46.580  INFO 4460 --- [    Test worker] p6spy                                    : #1665380026580 | took 0ms | statement | connection 14| url jdbc:h2:mem:ad3a9e80-f26d-4a3e-9691-17f803db5723
insert into favorite_spot (count, favorite_id, spot_id, favorite_spot_id) values (?, ?, ?, ?)
insert into favorite_spot (count, favorite_id, spot_id, favorite_spot_id) values (0, 8, 17, 17);
2022-10-10 14:33:46.580  INFO 4460 --- [    Test worker] p6spy                                    : #1665380026580 | took 0ms | statement | connection 14| url jdbc:h2:mem:ad3a9e80-f26d-4a3e-9691-17f803db5723
insert into picture (spot_id, url, picture_id) values (?, ?, ?)
insert into picture (spot_id, url, picture_id) values (17, 'java.io.StringReader@26c9225a', 13);
2022-10-10 14:33:46.580  INFO 4460 --- [    Test worker] p6spy                                    : #1665380026580 | took 0ms | statement | connection 14| url jdbc:h2:mem:ad3a9e80-f26d-4a3e-9691-17f803db5723
insert into favorite_spot (count, favorite_id, spot_id, favorite_spot_id) values (?, ?, ?, ?)
insert into favorite_spot (count, favorite_id, spot_id, favorite_spot_id) values (0, 8, 18, 18);
2022-10-10 14:33:46.581  INFO 4460 --- [    Test worker] p6spy                                    : #1665380026581 | took 0ms | statement | connection 14| url jdbc:h2:mem:ad3a9e80-f26d-4a3e-9691-17f803db5723
insert into picture (spot_id, url, picture_id) values (?, ?, ?)
insert into picture (spot_id, url, picture_id) values (18, 'java.io.StringReader@38dde7ec', 14);
2022-10-10 14:33:46.581  INFO 4460 --- [    Test worker] p6spy                                    : #1665380026581 | took 0ms | statement | connection 14| url jdbc:h2:mem:ad3a9e80-f26d-4a3e-9691-17f803db5723
insert into favorite_spot (count, favorite_id, spot_id, favorite_spot_id) values (?, ?, ?, ?)
insert into favorite_spot (count, favorite_id, spot_id, favorite_spot_id) values (0, 9, 19, 19);
2022-10-10 14:33:46.581  INFO 4460 --- [    Test worker] p6spy                                    : #1665380026581 | took 0ms | statement | connection 14| url jdbc:h2:mem:ad3a9e80-f26d-4a3e-9691-17f803db5723
insert into picture (spot_id, url, picture_id) values (?, ?, ?)
insert into picture (spot_id, url, picture_id) values (19, 'java.io.StringReader@5af850f1', 15);
2022-10-10 14:33:46.581  INFO 4460 --- [    Test worker] p6spy                                    : #1665380026581 | took 0ms | statement | connection 14| url jdbc:h2:mem:ad3a9e80-f26d-4a3e-9691-17f803db5723
insert into favorite_spot (count, favorite_id, spot_id, favorite_spot_id) values (?, ?, ?, ?)
insert into favorite_spot (count, favorite_id, spot_id, favorite_spot_id) values (0, 9, 20, 20);
2022-10-10 14:33:46.582  INFO 4460 --- [    Test worker] p6spy                                    : #1665380026582 | took 0ms | statement | connection 14| url jdbc:h2:mem:ad3a9e80-f26d-4a3e-9691-17f803db5723
insert into picture (spot_id, url, picture_id) values (?, ?, ?)
insert into picture (spot_id, url, picture_id) values (20, 'java.io.StringReader@1b74a062', 16);
2022-10-10 14:33:46.582  INFO 4460 --- [    Test worker] p6spy                                    : #1665380026582 | took 0ms | statement | connection 14| url jdbc:h2:mem:ad3a9e80-f26d-4a3e-9691-17f803db5723
insert into favorite_spot (count, favorite_id, spot_id, favorite_spot_id) values (?, ?, ?, ?)
insert into favorite_spot (count, favorite_id, spot_id, favorite_spot_id) values (0, 9, 21, 21);
2022-10-10 14:33:46.582  INFO 4460 --- [    Test worker] p6spy                                    : #1665380026582 | took 0ms | statement | connection 14| url jdbc:h2:mem:ad3a9e80-f26d-4a3e-9691-17f803db5723
insert into picture (spot_id, url, picture_id) values (?, ?, ?)
insert into picture (spot_id, url, picture_id) values (21, 'java.io.StringReader@32a37d12', 17);
2022-10-10 14:33:46.583  INFO 4460 --- [    Test worker] p6spy                                    : #1665380026582 | took 0ms | statement | connection 14| url jdbc:h2:mem:ad3a9e80-f26d-4a3e-9691-17f803db5723
insert into favorite_spot (count, favorite_id, spot_id, favorite_spot_id) values (?, ?, ?, ?)
insert into favorite_spot (count, favorite_id, spot_id, favorite_spot_id) values (0, 9, 22, 22);
2022-10-10 14:33:46.583  INFO 4460 --- [    Test worker] p6spy                                    : #1665380026583 | took 0ms | statement | connection 14| url jdbc:h2:mem:ad3a9e80-f26d-4a3e-9691-17f803db5723
insert into picture (spot_id, url, picture_id) values (?, ?, ?)
insert into picture (spot_id, url, picture_id) values (22, 'java.io.StringReader@2ec3b5dd', 18);
2022-10-10 14:33:46.583  INFO 4460 --- [    Test worker] p6spy                                    : #1665380026583 | took 0ms | statement | connection 14| url jdbc:h2:mem:ad3a9e80-f26d-4a3e-9691-17f803db5723
insert into favorite_spot (count, favorite_id, spot_id, favorite_spot_id) values (?, ?, ?, ?)
insert into favorite_spot (count, favorite_id, spot_id, favorite_spot_id) values (0, 9, 23, 23);
2022-10-10 14:33:46.583  INFO 4460 --- [    Test worker] p6spy                                    : #1665380026583 | took 0ms | statement | connection 14| url jdbc:h2:mem:ad3a9e80-f26d-4a3e-9691-17f803db5723
insert into picture (spot_id, url, picture_id) values (?, ?, ?)
insert into picture (spot_id, url, picture_id) values (23, 'java.io.StringReader@67d90687', 19);
2022-10-10 14:33:46.584  INFO 4460 --- [    Test worker] p6spy                                    : #1665380026584 | took 0ms | statement | connection 14| url jdbc:h2:mem:ad3a9e80-f26d-4a3e-9691-17f803db5723
select member0_.member_id as member_i1_2_, member0_.created_date as created_2_2_, member0_.last_modified_date as last_mod3_2_, member0_.created_by as created_4_2_, member0_.last_modified_by as last_mod5_2_, member0_.email as email6_2_, member0_.password as password7_2_, member0_.refresh_token as refresh_8_2_, member0_.role as role9_2_, member0_.username as usernam10_2_ from member member0_ where member0_.email=?
select member0_.member_id as member_i1_2_, member0_.created_date as created_2_2_, member0_.last_modified_date as last_mod3_2_, member0_.created_by as created_4_2_, member0_.last_modified_by as last_mod5_2_, member0_.email as email6_2_, member0_.password as password7_2_, member0_.refresh_token as refresh_8_2_, member0_.role as role9_2_, member0_.username as usernam10_2_ from member member0_ where member0_.email='em@naver.com';
2022-10-10 14:33:46.590  INFO 4460 --- [    Test worker] p6spy                                    : #1665380026590 | took 0ms | statement | connection 14| url jdbc:h2:mem:ad3a9e80-f26d-4a3e-9691-17f803db5723
select favorite0_.favorite_id as favorite1_0_, favorite0_.member_id as member_i3_0_, favorite0_.name as name2_0_ from favorite favorite0_ left outer join member member1_ on favorite0_.member_id=member1_.member_id where favorite0_.name=? and member1_.member_id=?
select favorite0_.favorite_id as favorite1_0_, favorite0_.member_id as member_i3_0_, favorite0_.name as name2_0_ from favorite favorite0_ left outer join member member1_ on favorite0_.member_id=member1_.member_id where favorite0_.name='5일차' and member1_.member_id=4;
2022-10-10 14:33:46.595  INFO 4460 --- [    Test worker] p6spy                                    : #1665380026595 | took 0ms | statement | connection 14| url jdbc:h2:mem:ad3a9e80-f26d-4a3e-9691-17f803db5723
select favorite0_.favorite_id as favorite1_0_, favorite0_.member_id as member_i3_0_, favorite0_.name as name2_0_ from favorite favorite0_ where favorite0_.favorite_id=?
select favorite0_.favorite_id as favorite1_0_, favorite0_.member_id as member_i3_0_, favorite0_.name as name2_0_ from favorite favorite0_ where favorite0_.favorite_id=11;
2022-10-10 14:33:46.646  INFO 4460 --- [    Test worker] p6spy                                    : #1665380026646 | took 0ms | statement | connection 14| url jdbc:h2:mem:ad3a9e80-f26d-4a3e-9691-17f803db5723
delete from favorite_spot where favorite_id=?
delete from favorite_spot where favorite_id=11;
2022-10-10 14:33:46.651  INFO 4460 --- [    Test worker] p6spy                                    : #1665380026651 | took 0ms | statement | connection 14| url jdbc:h2:mem:ad3a9e80-f26d-4a3e-9691-17f803db5723
delete from favorite where favorite_id=?
delete from favorite where favorite_id=11;
2022-10-10 14:33:46.653  INFO 4460 --- [    Test worker] p6spy                                    : #1665380026653 | took 0ms | statement | connection 14| url jdbc:h2:mem:ad3a9e80-f26d-4a3e-9691-17f803db5723
select favorite0_.favorite_id as favorite1_0_, favorite0_.member_id as member_i3_0_, favorite0_.name as name2_0_ from favorite favorite0_ where favorite0_.favorite_id=?
select favorite0_.favorite_id as favorite1_0_, favorite0_.member_id as member_i3_0_, favorite0_.name as name2_0_ from favorite favorite0_ where favorite0_.favorite_id=11;
2022-10-10 14:33:46.656  INFO 4460 --- [    Test worker] p6spy                                    : #1665380026656 | took 0ms | rollback | connection 14| url jdbc:h2:mem:ad3a9e80-f26d-4a3e-9691-17f803db5723

;
2022-10-10 14:33:46.657  INFO 4460 --- [    Test worker] o.s.t.c.transaction.TransactionContext   : Rolled back transaction for test: [DefaultTestContext@5c807e6b testClass = FavoriteServiceTest, testInstance = capstone.jejuTourrecommend.domain.Service.FavoriteServiceTest@49bcd90d, testMethod = deleteFavoriteListTest@FavoriteServiceTest, testException = [null], mergedContextConfiguration = [WebMergedContextConfiguration@1bb6bc81 testClass = FavoriteServiceTest, locations = '{}', classes = '{class capstone.jejuTourrecommend.JejuTourRecommendApplication}', contextInitializerClasses = '[]', activeProfiles = '{}', propertySourceLocations = '{}', propertySourceProperties = '{org.springframework.boot.test.context.SpringBootTestContextBootstrapper=true}', contextCustomizers = set[org.springframework.boot.test.autoconfigure.actuate.metrics.MetricsExportContextCustomizerFactory$DisableMetricExportContextCustomizer@749c877b, org.springframework.boot.test.autoconfigure.properties.PropertyMappingContextCustomizer@0, org.springframework.boot.test.autoconfigure.web.servlet.WebDriverContextCustomizerFactory$Customizer@60f7cc1d, org.springframework.boot.test.context.filter.ExcludeFilterContextCustomizer@207ea13, org.springframework.boot.test.json.DuplicateJsonObjectContextCustomizerFactory$DuplicateJsonObjectContextCustomizer@5827af16, org.springframework.boot.test.mock.mockito.MockitoContextCustomizer@0, org.springframework.boot.test.web.client.TestRestTemplateContextCustomizer@50fe837a, org.springframework.boot.test.context.SpringBootTestArgs@1, org.springframework.boot.test.context.SpringBootTestWebEnvironment@51bd8b5c], resourceBasePath = 'src/main/webapp', contextLoader = 'org.springframework.boot.test.context.SpringBootContextLoader', parent = [null]], attributes = map['org.springframework.test.context.web.ServletTestExecutionListener.activateListener' -> true, 'org.springframework.test.context.web.ServletTestExecutionListener.populatedRequestContextHolder' -> true, 'org.springframework.test.context.web.ServletTestExecutionListener.resetRequestContextHolder' -> true, 'org.springframework.test.context.event.ApplicationEventsTestExecutionListener.recordApplicationEvents' -> false]]
2022-10-10 14:33:46.658  INFO 4460 --- [    Test worker] o.s.t.c.transaction.TransactionContext   : Began transaction (1) for test context [DefaultTestContext@5c807e6b testClass = FavoriteServiceTest, testInstance = capstone.jejuTourrecommend.domain.Service.FavoriteServiceTest@4552f89f, testMethod = newFavoriteListTest@FavoriteServiceTest, testException = [null], mergedContextConfiguration = [WebMergedContextConfiguration@1bb6bc81 testClass = FavoriteServiceTest, locations = '{}', classes = '{class capstone.jejuTourrecommend.JejuTourRecommendApplication}', contextInitializerClasses = '[]', activeProfiles = '{}', propertySourceLocations = '{}', propertySourceProperties = '{org.springframework.boot.test.context.SpringBootTestContextBootstrapper=true}', contextCustomizers = set[org.springframework.boot.test.autoconfigure.actuate.metrics.MetricsExportContextCustomizerFactory$DisableMetricExportContextCustomizer@749c877b, org.springframework.boot.test.autoconfigure.properties.PropertyMappingContextCustomizer@0, org.springframework.boot.test.autoconfigure.web.servlet.WebDriverContextCustomizerFactory$Customizer@60f7cc1d, org.springframework.boot.test.context.filter.ExcludeFilterContextCustomizer@207ea13, org.springframework.boot.test.json.DuplicateJsonObjectContextCustomizerFactory$DuplicateJsonObjectContextCustomizer@5827af16, org.springframework.boot.test.mock.mockito.MockitoContextCustomizer@0, org.springframework.boot.test.web.client.TestRestTemplateContextCustomizer@50fe837a, org.springframework.boot.test.context.SpringBootTestArgs@1, org.springframework.boot.test.context.SpringBootTestWebEnvironment@51bd8b5c], resourceBasePath = 'src/main/webapp', contextLoader = 'org.springframework.boot.test.context.SpringBootContextLoader', parent = [null]], attributes = map['org.springframework.test.context.web.ServletTestExecutionListener.activateListener' -> true, 'org.springframework.test.context.web.ServletTestExecutionListener.populatedRequestContextHolder' -> true, 'org.springframework.test.context.web.ServletTestExecutionListener.resetRequestContextHolder' -> true, 'org.springframework.test.context.event.ApplicationEventsTestExecutionListener.recordApplicationEvents' -> false]]; transaction manager [org.springframework.orm.jpa.JpaTransactionManager@4545ac62]; rollback [true]
2022-10-10 14:33:46.660  INFO 4460 --- [    Test worker] c.j.domain.Service.FavoriteServiceTest   : favorite1 = Favorite(id=12, name=1일차)
2022-10-10 14:33:46.660  INFO 4460 --- [    Test worker] c.j.domain.Service.FavoriteServiceTest   : favorite5 = Favorite(id=16, name=5일차)
2022-10-10 14:33:46.661  INFO 4460 --- [    Test worker] c.j.domain.Service.FavoriteServiceTest   : spot0 = capstone.jejuTourrecommend.domain.Spot@452c8a6c
2022-10-10 14:33:46.661  INFO 4460 --- [    Test worker] c.j.domain.Service.FavoriteServiceTest   : spot14 = capstone.jejuTourrecommend.domain.Spot@54543211
2022-10-10 14:33:46.661  INFO 4460 --- [    Test worker] p6spy                                    : #1665380026661 | took 0ms | statement | connection 15| url jdbc:h2:mem:ad3a9e80-f26d-4a3e-9691-17f803db5723
call next value for hibernate_sequence
call next value for hibernate_sequence;
2022-10-10 14:33:46.661  INFO 4460 --- [    Test worker] p6spy                                    : #1665380026661 | took 0ms | statement | connection 15| url jdbc:h2:mem:ad3a9e80-f26d-4a3e-9691-17f803db5723
call next value for hibernate_sequence
call next value for hibernate_sequence;
2022-10-10 14:33:46.661  INFO 4460 --- [    Test worker] p6spy                                    : #1665380026661 | took 0ms | statement | connection 15| url jdbc:h2:mem:ad3a9e80-f26d-4a3e-9691-17f803db5723
call next value for hibernate_sequence
call next value for hibernate_sequence;
2022-10-10 14:33:46.661  INFO 4460 --- [    Test worker] p6spy                                    : #1665380026661 | took 0ms | statement | connection 15| url jdbc:h2:mem:ad3a9e80-f26d-4a3e-9691-17f803db5723
call next value for hibernate_sequence
call next value for hibernate_sequence;
2022-10-10 14:33:46.662  INFO 4460 --- [    Test worker] p6spy                                    : #1665380026662 | took 0ms | statement | connection 15| url jdbc:h2:mem:ad3a9e80-f26d-4a3e-9691-17f803db5723
call next value for hibernate_sequence
call next value for hibernate_sequence;
2022-10-10 14:33:46.662  INFO 4460 --- [    Test worker] p6spy                                    : #1665380026662 | took 0ms | statement | connection 15| url jdbc:h2:mem:ad3a9e80-f26d-4a3e-9691-17f803db5723
call next value for hibernate_sequence
call next value for hibernate_sequence;
2022-10-10 14:33:46.662  INFO 4460 --- [    Test worker] p6spy                                    : #1665380026662 | took 0ms | statement | connection 15| url jdbc:h2:mem:ad3a9e80-f26d-4a3e-9691-17f803db5723
call next value for hibernate_sequence
call next value for hibernate_sequence;
2022-10-10 14:33:46.662  INFO 4460 --- [    Test worker] p6spy                                    : #1665380026662 | took 0ms | statement | connection 15| url jdbc:h2:mem:ad3a9e80-f26d-4a3e-9691-17f803db5723
call next value for hibernate_sequence
call next value for hibernate_sequence;
2022-10-10 14:33:46.662  INFO 4460 --- [    Test worker] p6spy                                    : #1665380026662 | took 0ms | statement | connection 15| url jdbc:h2:mem:ad3a9e80-f26d-4a3e-9691-17f803db5723
call next value for hibernate_sequence
call next value for hibernate_sequence;
2022-10-10 14:33:46.662  INFO 4460 --- [    Test worker] p6spy                                    : #1665380026662 | took 0ms | statement | connection 15| url jdbc:h2:mem:ad3a9e80-f26d-4a3e-9691-17f803db5723
call next value for hibernate_sequence
call next value for hibernate_sequence;
2022-10-10 14:33:46.663  INFO 4460 --- [    Test worker] p6spy                                    : #1665380026663 | took 0ms | statement | connection 15| url jdbc:h2:mem:ad3a9e80-f26d-4a3e-9691-17f803db5723
call next value for hibernate_sequence
call next value for hibernate_sequence;
2022-10-10 14:33:46.663  INFO 4460 --- [    Test worker] p6spy                                    : #1665380026663 | took 0ms | statement | connection 15| url jdbc:h2:mem:ad3a9e80-f26d-4a3e-9691-17f803db5723
call next value for hibernate_sequence
call next value for hibernate_sequence;
2022-10-10 14:33:46.663  INFO 4460 --- [    Test worker] p6spy                                    : #1665380026663 | took 0ms | statement | connection 15| url jdbc:h2:mem:ad3a9e80-f26d-4a3e-9691-17f803db5723
call next value for hibernate_sequence
call next value for hibernate_sequence;
2022-10-10 14:33:46.663  INFO 4460 --- [    Test worker] p6spy                                    : #1665380026663 | took 0ms | statement | connection 15| url jdbc:h2:mem:ad3a9e80-f26d-4a3e-9691-17f803db5723
call next value for hibernate_sequence
call next value for hibernate_sequence;
2022-10-10 14:33:46.663  INFO 4460 --- [    Test worker] p6spy                                    : #1665380026663 | took 0ms | statement | connection 15| url jdbc:h2:mem:ad3a9e80-f26d-4a3e-9691-17f803db5723
call next value for hibernate_sequence
call next value for hibernate_sequence;
2022-10-10 14:33:46.666  INFO 4460 --- [    Test worker] p6spy                                    : #1665380026666 | took 0ms | statement | connection 15| url jdbc:h2:mem:ad3a9e80-f26d-4a3e-9691-17f803db5723
insert into member (created_date, last_modified_date, created_by, last_modified_by, email, password, refresh_token, role, username, member_id) values (?, ?, ?, ?, ?, ?, ?, ?, ?, ?)
insert into member (created_date, last_modified_date, created_by, last_modified_by, email, password, refresh_token, role, username, member_id) values ('2022-10-10T14:33:46.659+0900', '2022-10-10T14:33:46.659+0900', '6669431b-f0dc-414c-b74f-fa2107f195e8', '6669431b-f0dc-414c-b74f-fa2107f195e8', 'em@naver.com', '1234', NULL, NULL, 'leoJoo', 5);
2022-10-10 14:33:46.666  INFO 4460 --- [    Test worker] p6spy                                    : #1665380026666 | took 0ms | statement | connection 15| url jdbc:h2:mem:ad3a9e80-f26d-4a3e-9691-17f803db5723
insert into favorite (member_id, name, favorite_id) values (?, ?, ?)
insert into favorite (member_id, name, favorite_id) values (5, '1일차', 12);
2022-10-10 14:33:46.667  INFO 4460 --- [    Test worker] p6spy                                    : #1665380026667 | took 0ms | statement | connection 15| url jdbc:h2:mem:ad3a9e80-f26d-4a3e-9691-17f803db5723
insert into favorite (member_id, name, favorite_id) values (?, ?, ?)
insert into favorite (member_id, name, favorite_id) values (5, '2일차', 13);
2022-10-10 14:33:46.667  INFO 4460 --- [    Test worker] p6spy                                    : #1665380026667 | took 0ms | statement | connection 15| url jdbc:h2:mem:ad3a9e80-f26d-4a3e-9691-17f803db5723
insert into favorite (member_id, name, favorite_id) values (?, ?, ?)
insert into favorite (member_id, name, favorite_id) values (5, '3일차', 14);
2022-10-10 14:33:46.667  INFO 4460 --- [    Test worker] p6spy                                    : #1665380026667 | took 0ms | statement | connection 15| url jdbc:h2:mem:ad3a9e80-f26d-4a3e-9691-17f803db5723
insert into favorite (member_id, name, favorite_id) values (?, ?, ?)
insert into favorite (member_id, name, favorite_id) values (5, '4일차', 15);
2022-10-10 14:33:46.667  INFO 4460 --- [    Test worker] p6spy                                    : #1665380026667 | took 0ms | statement | connection 15| url jdbc:h2:mem:ad3a9e80-f26d-4a3e-9691-17f803db5723
insert into favorite (member_id, name, favorite_id) values (?, ?, ?)
insert into favorite (member_id, name, favorite_id) values (5, '5일차', 16);
2022-10-10 14:33:46.668  INFO 4460 --- [    Test worker] p6spy                                    : #1665380026668 | took 0ms | statement | connection 15| url jdbc:h2:mem:ad3a9e80-f26d-4a3e-9691-17f803db5723
insert into spot (address, description, location, name, score_id, spot_id) values (?, ?, ?, ?, ?, ?)
insert into spot (address, description, location, name, score_id, spot_id) values (NULL, NULL, NULL, '관광지 0', NULL, 24);
2022-10-10 14:33:46.668  INFO 4460 --- [    Test worker] p6spy                                    : #1665380026668 | took 0ms | statement | connection 15| url jdbc:h2:mem:ad3a9e80-f26d-4a3e-9691-17f803db5723
insert into spot (address, description, location, name, score_id, spot_id) values (?, ?, ?, ?, ?, ?)
insert into spot (address, description, location, name, score_id, spot_id) values (NULL, NULL, NULL, '관광지 1', NULL, 25);
2022-10-10 14:33:46.668  INFO 4460 --- [    Test worker] p6spy                                    : #1665380026668 | took 0ms | statement | connection 15| url jdbc:h2:mem:ad3a9e80-f26d-4a3e-9691-17f803db5723
insert into spot (address, description, location, name, score_id, spot_id) values (?, ?, ?, ?, ?, ?)
insert into spot (address, description, location, name, score_id, spot_id) values (NULL, NULL, NULL, '관광지 2', NULL, 26);
2022-10-10 14:33:46.668  INFO 4460 --- [    Test worker] p6spy                                    : #1665380026668 | took 0ms | statement | connection 15| url jdbc:h2:mem:ad3a9e80-f26d-4a3e-9691-17f803db5723
insert into spot (address, description, location, name, score_id, spot_id) values (?, ?, ?, ?, ?, ?)
insert into spot (address, description, location, name, score_id, spot_id) values (NULL, NULL, NULL, '관광지 3', NULL, 27);
2022-10-10 14:33:46.668  INFO 4460 --- [    Test worker] p6spy                                    : #1665380026668 | took 0ms | statement | connection 15| url jdbc:h2:mem:ad3a9e80-f26d-4a3e-9691-17f803db5723
insert into spot (address, description, location, name, score_id, spot_id) values (?, ?, ?, ?, ?, ?)
insert into spot (address, description, location, name, score_id, spot_id) values (NULL, NULL, NULL, '관광지 4', NULL, 28);
2022-10-10 14:33:46.669  INFO 4460 --- [    Test worker] p6spy                                    : #1665380026669 | took 0ms | statement | connection 15| url jdbc:h2:mem:ad3a9e80-f26d-4a3e-9691-17f803db5723
insert into spot (address, description, location, name, score_id, spot_id) values (?, ?, ?, ?, ?, ?)
insert into spot (address, description, location, name, score_id, spot_id) values (NULL, NULL, NULL, '관광지 5', NULL, 29);
2022-10-10 14:33:46.669  INFO 4460 --- [    Test worker] p6spy                                    : #1665380026669 | took 0ms | statement | connection 15| url jdbc:h2:mem:ad3a9e80-f26d-4a3e-9691-17f803db5723
insert into spot (address, description, location, name, score_id, spot_id) values (?, ?, ?, ?, ?, ?)
insert into spot (address, description, location, name, score_id, spot_id) values (NULL, NULL, NULL, '관광지 6', NULL, 30);
2022-10-10 14:33:46.669  INFO 4460 --- [    Test worker] p6spy                                    : #1665380026669 | took 0ms | statement | connection 15| url jdbc:h2:mem:ad3a9e80-f26d-4a3e-9691-17f803db5723
insert into spot (address, description, location, name, score_id, spot_id) values (?, ?, ?, ?, ?, ?)
insert into spot (address, description, location, name, score_id, spot_id) values (NULL, NULL, NULL, '관광지 7', NULL, 31);
2022-10-10 14:33:46.669  INFO 4460 --- [    Test worker] p6spy                                    : #1665380026669 | took 0ms | statement | connection 15| url jdbc:h2:mem:ad3a9e80-f26d-4a3e-9691-17f803db5723
insert into spot (address, description, location, name, score_id, spot_id) values (?, ?, ?, ?, ?, ?)
insert into spot (address, description, location, name, score_id, spot_id) values (NULL, NULL, NULL, '관광지 8', NULL, 32);
2022-10-10 14:33:46.669  INFO 4460 --- [    Test worker] p6spy                                    : #1665380026669 | took 0ms | statement | connection 15| url jdbc:h2:mem:ad3a9e80-f26d-4a3e-9691-17f803db5723
insert into spot (address, description, location, name, score_id, spot_id) values (?, ?, ?, ?, ?, ?)
insert into spot (address, description, location, name, score_id, spot_id) values (NULL, NULL, NULL, '관광지 9', NULL, 33);
2022-10-10 14:33:46.669  INFO 4460 --- [    Test worker] p6spy                                    : #1665380026669 | took 0ms | statement | connection 15| url jdbc:h2:mem:ad3a9e80-f26d-4a3e-9691-17f803db5723
insert into spot (address, description, location, name, score_id, spot_id) values (?, ?, ?, ?, ?, ?)
insert into spot (address, description, location, name, score_id, spot_id) values (NULL, NULL, NULL, '관광지 10', NULL, 34);
2022-10-10 14:33:46.670  INFO 4460 --- [    Test worker] p6spy                                    : #1665380026670 | took 0ms | statement | connection 15| url jdbc:h2:mem:ad3a9e80-f26d-4a3e-9691-17f803db5723
insert into spot (address, description, location, name, score_id, spot_id) values (?, ?, ?, ?, ?, ?)
insert into spot (address, description, location, name, score_id, spot_id) values (NULL, NULL, NULL, '관광지 11', NULL, 35);
2022-10-10 14:33:46.670  INFO 4460 --- [    Test worker] p6spy                                    : #1665380026670 | took 0ms | statement | connection 15| url jdbc:h2:mem:ad3a9e80-f26d-4a3e-9691-17f803db5723
insert into spot (address, description, location, name, score_id, spot_id) values (?, ?, ?, ?, ?, ?)
insert into spot (address, description, location, name, score_id, spot_id) values (NULL, NULL, NULL, '관광지 12', NULL, 36);
2022-10-10 14:33:46.670  INFO 4460 --- [    Test worker] p6spy                                    : #1665380026670 | took 0ms | statement | connection 15| url jdbc:h2:mem:ad3a9e80-f26d-4a3e-9691-17f803db5723
insert into spot (address, description, location, name, score_id, spot_id) values (?, ?, ?, ?, ?, ?)
insert into spot (address, description, location, name, score_id, spot_id) values (NULL, NULL, NULL, '관광지 13', NULL, 37);
2022-10-10 14:33:46.670  INFO 4460 --- [    Test worker] p6spy                                    : #1665380026670 | took 0ms | statement | connection 15| url jdbc:h2:mem:ad3a9e80-f26d-4a3e-9691-17f803db5723
insert into spot (address, description, location, name, score_id, spot_id) values (?, ?, ?, ?, ?, ?)
insert into spot (address, description, location, name, score_id, spot_id) values (NULL, NULL, NULL, '관광지 14', NULL, 38);
2022-10-10 14:33:46.670  INFO 4460 --- [    Test worker] p6spy                                    : #1665380026670 | took 0ms | statement | connection 15| url jdbc:h2:mem:ad3a9e80-f26d-4a3e-9691-17f803db5723
insert into favorite_spot (count, favorite_id, spot_id, favorite_spot_id) values (?, ?, ?, ?)
insert into favorite_spot (count, favorite_id, spot_id, favorite_spot_id) values (0, 12, 24, 24);
2022-10-10 14:33:46.671  INFO 4460 --- [    Test worker] p6spy                                    : #1665380026671 | took 0ms | statement | connection 15| url jdbc:h2:mem:ad3a9e80-f26d-4a3e-9691-17f803db5723
insert into picture (spot_id, url, picture_id) values (?, ?, ?)
insert into picture (spot_id, url, picture_id) values (24, 'java.io.StringReader@4a3b0387', 20);
2022-10-10 14:33:46.671  INFO 4460 --- [    Test worker] p6spy                                    : #1665380026671 | took 0ms | statement | connection 15| url jdbc:h2:mem:ad3a9e80-f26d-4a3e-9691-17f803db5723
insert into favorite_spot (count, favorite_id, spot_id, favorite_spot_id) values (?, ?, ?, ?)
insert into favorite_spot (count, favorite_id, spot_id, favorite_spot_id) values (0, 12, 25, 25);
2022-10-10 14:33:46.671  INFO 4460 --- [    Test worker] p6spy                                    : #1665380026671 | took 0ms | statement | connection 15| url jdbc:h2:mem:ad3a9e80-f26d-4a3e-9691-17f803db5723
insert into picture (spot_id, url, picture_id) values (?, ?, ?)
insert into picture (spot_id, url, picture_id) values (25, 'java.io.StringReader@7cb8109', 21);
2022-10-10 14:33:46.671  INFO 4460 --- [    Test worker] p6spy                                    : #1665380026671 | took 0ms | statement | connection 15| url jdbc:h2:mem:ad3a9e80-f26d-4a3e-9691-17f803db5723
insert into favorite_spot (count, favorite_id, spot_id, favorite_spot_id) values (?, ?, ?, ?)
insert into favorite_spot (count, favorite_id, spot_id, favorite_spot_id) values (0, 12, 26, 26);
2022-10-10 14:33:46.671  INFO 4460 --- [    Test worker] p6spy                                    : #1665380026671 | took 0ms | statement | connection 15| url jdbc:h2:mem:ad3a9e80-f26d-4a3e-9691-17f803db5723
insert into picture (spot_id, url, picture_id) values (?, ?, ?)
insert into picture (spot_id, url, picture_id) values (26, 'java.io.StringReader@56c72fff', 22);
2022-10-10 14:33:46.672  INFO 4460 --- [    Test worker] p6spy                                    : #1665380026672 | took 0ms | statement | connection 15| url jdbc:h2:mem:ad3a9e80-f26d-4a3e-9691-17f803db5723
insert into favorite_spot (count, favorite_id, spot_id, favorite_spot_id) values (?, ?, ?, ?)
insert into favorite_spot (count, favorite_id, spot_id, favorite_spot_id) values (0, 12, 27, 27);
2022-10-10 14:33:46.672  INFO 4460 --- [    Test worker] p6spy                                    : #1665380026672 | took 0ms | statement | connection 15| url jdbc:h2:mem:ad3a9e80-f26d-4a3e-9691-17f803db5723
insert into picture (spot_id, url, picture_id) values (?, ?, ?)
insert into picture (spot_id, url, picture_id) values (27, 'java.io.StringReader@721e5f57', 23);
2022-10-10 14:33:46.672  INFO 4460 --- [    Test worker] p6spy                                    : #1665380026672 | took 0ms | statement | connection 15| url jdbc:h2:mem:ad3a9e80-f26d-4a3e-9691-17f803db5723
insert into favorite_spot (count, favorite_id, spot_id, favorite_spot_id) values (?, ?, ?, ?)
insert into favorite_spot (count, favorite_id, spot_id, favorite_spot_id) values (0, 12, 28, 28);
2022-10-10 14:33:46.672  INFO 4460 --- [    Test worker] p6spy                                    : #1665380026672 | took 0ms | statement | connection 15| url jdbc:h2:mem:ad3a9e80-f26d-4a3e-9691-17f803db5723
insert into picture (spot_id, url, picture_id) values (?, ?, ?)
insert into picture (spot_id, url, picture_id) values (28, 'java.io.StringReader@39da0d43', 24);
2022-10-10 14:33:46.672  INFO 4460 --- [    Test worker] p6spy                                    : #1665380026672 | took 0ms | statement | connection 15| url jdbc:h2:mem:ad3a9e80-f26d-4a3e-9691-17f803db5723
insert into favorite_spot (count, favorite_id, spot_id, favorite_spot_id) values (?, ?, ?, ?)
insert into favorite_spot (count, favorite_id, spot_id, favorite_spot_id) values (0, 13, 29, 29);
2022-10-10 14:33:46.673  INFO 4460 --- [    Test worker] p6spy                                    : #1665380026673 | took 0ms | statement | connection 15| url jdbc:h2:mem:ad3a9e80-f26d-4a3e-9691-17f803db5723
insert into picture (spot_id, url, picture_id) values (?, ?, ?)
insert into picture (spot_id, url, picture_id) values (29, 'java.io.StringReader@419df81e', 25);
2022-10-10 14:33:46.673  INFO 4460 --- [    Test worker] p6spy                                    : #1665380026673 | took 0ms | statement | connection 15| url jdbc:h2:mem:ad3a9e80-f26d-4a3e-9691-17f803db5723
insert into favorite_spot (count, favorite_id, spot_id, favorite_spot_id) values (?, ?, ?, ?)
insert into favorite_spot (count, favorite_id, spot_id, favorite_spot_id) values (0, 13, 30, 30);
2022-10-10 14:33:46.673  INFO 4460 --- [    Test worker] p6spy                                    : #1665380026673 | took 0ms | statement | connection 15| url jdbc:h2:mem:ad3a9e80-f26d-4a3e-9691-17f803db5723
insert into picture (spot_id, url, picture_id) values (?, ?, ?)
insert into picture (spot_id, url, picture_id) values (30, 'java.io.StringReader@586be63c', 26);
2022-10-10 14:33:46.673  INFO 4460 --- [    Test worker] p6spy                                    : #1665380026673 | took 0ms | statement | connection 15| url jdbc:h2:mem:ad3a9e80-f26d-4a3e-9691-17f803db5723
insert into favorite_spot (count, favorite_id, spot_id, favorite_spot_id) values (?, ?, ?, ?)
insert into favorite_spot (count, favorite_id, spot_id, favorite_spot_id) values (0, 13, 31, 31);
2022-10-10 14:33:46.673  INFO 4460 --- [    Test worker] p6spy                                    : #1665380026673 | took 0ms | statement | connection 15| url jdbc:h2:mem:ad3a9e80-f26d-4a3e-9691-17f803db5723
insert into picture (spot_id, url, picture_id) values (?, ?, ?)
insert into picture (spot_id, url, picture_id) values (31, 'java.io.StringReader@177d7e98', 27);
2022-10-10 14:33:46.673  INFO 4460 --- [    Test worker] p6spy                                    : #1665380026673 | took 0ms | statement | connection 15| url jdbc:h2:mem:ad3a9e80-f26d-4a3e-9691-17f803db5723
insert into favorite_spot (count, favorite_id, spot_id, favorite_spot_id) values (?, ?, ?, ?)
insert into favorite_spot (count, favorite_id, spot_id, favorite_spot_id) values (0, 13, 32, 32);
2022-10-10 14:33:46.674  INFO 4460 --- [    Test worker] p6spy                                    : #1665380026674 | took 0ms | statement | connection 15| url jdbc:h2:mem:ad3a9e80-f26d-4a3e-9691-17f803db5723
insert into picture (spot_id, url, picture_id) values (?, ?, ?)
insert into picture (spot_id, url, picture_id) values (32, 'java.io.StringReader@7e3ccedb', 28);
2022-10-10 14:33:46.674  INFO 4460 --- [    Test worker] p6spy                                    : #1665380026674 | took 0ms | statement | connection 15| url jdbc:h2:mem:ad3a9e80-f26d-4a3e-9691-17f803db5723
insert into favorite_spot (count, favorite_id, spot_id, favorite_spot_id) values (?, ?, ?, ?)
insert into favorite_spot (count, favorite_id, spot_id, favorite_spot_id) values (0, 13, 33, 33);
2022-10-10 14:33:46.674  INFO 4460 --- [    Test worker] p6spy                                    : #1665380026674 | took 0ms | statement | connection 15| url jdbc:h2:mem:ad3a9e80-f26d-4a3e-9691-17f803db5723
insert into picture (spot_id, url, picture_id) values (?, ?, ?)
insert into picture (spot_id, url, picture_id) values (33, 'java.io.StringReader@40406a3f', 29);
2022-10-10 14:33:46.674  INFO 4460 --- [    Test worker] p6spy                                    : #1665380026674 | took 0ms | statement | connection 15| url jdbc:h2:mem:ad3a9e80-f26d-4a3e-9691-17f803db5723
insert into favorite_spot (count, favorite_id, spot_id, favorite_spot_id) values (?, ?, ?, ?)
insert into favorite_spot (count, favorite_id, spot_id, favorite_spot_id) values (0, 14, 34, 34);
2022-10-10 14:33:46.675  INFO 4460 --- [    Test worker] p6spy                                    : #1665380026675 | took 0ms | statement | connection 15| url jdbc:h2:mem:ad3a9e80-f26d-4a3e-9691-17f803db5723
insert into picture (spot_id, url, picture_id) values (?, ?, ?)
insert into picture (spot_id, url, picture_id) values (34, 'java.io.StringReader@1989a143', 30);
2022-10-10 14:33:46.675  INFO 4460 --- [    Test worker] p6spy                                    : #1665380026675 | took 0ms | statement | connection 15| url jdbc:h2:mem:ad3a9e80-f26d-4a3e-9691-17f803db5723
insert into favorite_spot (count, favorite_id, spot_id, favorite_spot_id) values (?, ?, ?, ?)
insert into favorite_spot (count, favorite_id, spot_id, favorite_spot_id) values (0, 14, 35, 35);
2022-10-10 14:33:46.675  INFO 4460 --- [    Test worker] p6spy                                    : #1665380026675 | took 0ms | statement | connection 15| url jdbc:h2:mem:ad3a9e80-f26d-4a3e-9691-17f803db5723
insert into picture (spot_id, url, picture_id) values (?, ?, ?)
insert into picture (spot_id, url, picture_id) values (35, 'java.io.StringReader@72fb922c', 31);
2022-10-10 14:33:46.675  INFO 4460 --- [    Test worker] p6spy                                    : #1665380026675 | took 0ms | statement | connection 15| url jdbc:h2:mem:ad3a9e80-f26d-4a3e-9691-17f803db5723
insert into favorite_spot (count, favorite_id, spot_id, favorite_spot_id) values (?, ?, ?, ?)
insert into favorite_spot (count, favorite_id, spot_id, favorite_spot_id) values (0, 14, 36, 36);
2022-10-10 14:33:46.675  INFO 4460 --- [    Test worker] p6spy                                    : #1665380026675 | took 0ms | statement | connection 15| url jdbc:h2:mem:ad3a9e80-f26d-4a3e-9691-17f803db5723
insert into picture (spot_id, url, picture_id) values (?, ?, ?)
insert into picture (spot_id, url, picture_id) values (36, 'java.io.StringReader@5168f69d', 32);
2022-10-10 14:33:46.676  INFO 4460 --- [    Test worker] p6spy                                    : #1665380026676 | took 0ms | statement | connection 15| url jdbc:h2:mem:ad3a9e80-f26d-4a3e-9691-17f803db5723
insert into favorite_spot (count, favorite_id, spot_id, favorite_spot_id) values (?, ?, ?, ?)
insert into favorite_spot (count, favorite_id, spot_id, favorite_spot_id) values (0, 14, 37, 37);
2022-10-10 14:33:46.676  INFO 4460 --- [    Test worker] p6spy                                    : #1665380026676 | took 0ms | statement | connection 15| url jdbc:h2:mem:ad3a9e80-f26d-4a3e-9691-17f803db5723
insert into picture (spot_id, url, picture_id) values (?, ?, ?)
insert into picture (spot_id, url, picture_id) values (37, 'java.io.StringReader@85420', 33);
2022-10-10 14:33:46.676  INFO 4460 --- [    Test worker] p6spy                                    : #1665380026676 | took 0ms | statement | connection 15| url jdbc:h2:mem:ad3a9e80-f26d-4a3e-9691-17f803db5723
insert into favorite_spot (count, favorite_id, spot_id, favorite_spot_id) values (?, ?, ?, ?)
insert into favorite_spot (count, favorite_id, spot_id, favorite_spot_id) values (0, 14, 38, 38);
2022-10-10 14:33:46.676  INFO 4460 --- [    Test worker] p6spy                                    : #1665380026676 | took 0ms | statement | connection 15| url jdbc:h2:mem:ad3a9e80-f26d-4a3e-9691-17f803db5723
insert into picture (spot_id, url, picture_id) values (?, ?, ?)
insert into picture (spot_id, url, picture_id) values (38, 'java.io.StringReader@4cef1ea6', 34);
2022-10-10 14:33:46.677  INFO 4460 --- [    Test worker] p6spy                                    : #1665380026677 | took 0ms | statement | connection 15| url jdbc:h2:mem:ad3a9e80-f26d-4a3e-9691-17f803db5723
select spot0_.spot_id as spot_id1_7_, spot0_.address as address2_7_, spot0_.description as descript3_7_, spot0_.location as location4_7_, spot0_.name as name5_7_, spot0_.score_id as score_id6_7_ from spot spot0_ where spot0_.name=?
select spot0_.spot_id as spot_id1_7_, spot0_.address as address2_7_, spot0_.description as descript3_7_, spot0_.location as location4_7_, spot0_.name as name5_7_, spot0_.score_id as score_id6_7_ from spot spot0_ where spot0_.name='관광지 14';
2022-10-10 14:33:46.679  INFO 4460 --- [    Test worker] p6spy                                    : #1665380026679 | took 0ms | statement | connection 15| url jdbc:h2:mem:ad3a9e80-f26d-4a3e-9691-17f803db5723
select member0_.member_id as member_i1_2_, member0_.created_date as created_2_2_, member0_.last_modified_date as last_mod3_2_, member0_.created_by as created_4_2_, member0_.last_modified_by as last_mod5_2_, member0_.email as email6_2_, member0_.password as password7_2_, member0_.refresh_token as refresh_8_2_, member0_.role as role9_2_, member0_.username as usernam10_2_ from member member0_ where member0_.email=?
select member0_.member_id as member_i1_2_, member0_.created_date as created_2_2_, member0_.last_modified_date as last_mod3_2_, member0_.created_by as created_4_2_, member0_.last_modified_by as last_mod5_2_, member0_.email as email6_2_, member0_.password as password7_2_, member0_.refresh_token as refresh_8_2_, member0_.role as role9_2_, member0_.username as usernam10_2_ from member member0_ where member0_.email='em@naver.com';
2022-10-10 14:33:46.680  INFO 4460 --- [    Test worker] p6spy                                    : #1665380026680 | took 0ms | statement | connection 15| url jdbc:h2:mem:ad3a9e80-f26d-4a3e-9691-17f803db5723
select favorite0_.favorite_id as favorite1_0_, favorite0_.member_id as member_i3_0_, favorite0_.name as name2_0_ from favorite favorite0_ left outer join member member1_ on favorite0_.member_id=member1_.member_id where favorite0_.name=? and member1_.member_id=?
select favorite0_.favorite_id as favorite1_0_, favorite0_.member_id as member_i3_0_, favorite0_.name as name2_0_ from favorite favorite0_ left outer join member member1_ on favorite0_.member_id=member1_.member_id where favorite0_.name='새로운 위시리스트1' and member1_.member_id=5;
2022-10-10 14:33:46.682  INFO 4460 --- [    Test worker] p6spy                                    : #1665380026682 | took 0ms | statement | connection 15| url jdbc:h2:mem:ad3a9e80-f26d-4a3e-9691-17f803db5723
select spot0_.spot_id as spot_id1_7_, spot0_.address as address2_7_, spot0_.description as descript3_7_, spot0_.location as location4_7_, spot0_.name as name5_7_, spot0_.score_id as score_id6_7_ from spot spot0_ where spot0_.spot_id=?
select spot0_.spot_id as spot_id1_7_, spot0_.address as address2_7_, spot0_.description as descript3_7_, spot0_.location as location4_7_, spot0_.name as name5_7_, spot0_.score_id as score_id6_7_ from spot spot0_ where spot0_.spot_id=38;
2022-10-10 14:33:46.684  INFO 4460 --- [    Test worker] p6spy                                    : #1665380026684 | took 0ms | statement | connection 15| url jdbc:h2:mem:ad3a9e80-f26d-4a3e-9691-17f803db5723
insert into favorite (member_id, name, favorite_id) values (?, ?, ?)
insert into favorite (member_id, name, favorite_id) values (5, '새로운 위시리스트1', 17);
2022-10-10 14:33:46.684  INFO 4460 --- [    Test worker] p6spy                                    : #1665380026684 | took 0ms | statement | connection 15| url jdbc:h2:mem:ad3a9e80-f26d-4a3e-9691-17f803db5723
insert into favorite_spot (count, favorite_id, spot_id, favorite_spot_id) values (?, ?, ?, ?)
insert into favorite_spot (count, favorite_id, spot_id, favorite_spot_id) values (0, 17, 38, 39);
2022-10-10 14:33:46.686  INFO 4460 --- [    Test worker] p6spy                                    : #1665380026686 | took 0ms | statement | connection 15| url jdbc:h2:mem:ad3a9e80-f26d-4a3e-9691-17f803db5723
select favorite0_.favorite_id as favorite1_0_, favorite0_.member_id as member_i3_0_, favorite0_.name as name2_0_ from favorite favorite0_ left outer join member member1_ on favorite0_.member_id=member1_.member_id where favorite0_.name=? and member1_.member_id=?
select favorite0_.favorite_id as favorite1_0_, favorite0_.member_id as member_i3_0_, favorite0_.name as name2_0_ from favorite favorite0_ left outer join member member1_ on favorite0_.member_id=member1_.member_id where favorite0_.name='새로운 위시리스트1' and member1_.member_id=5;
2022-10-10 14:33:46.687  INFO 4460 --- [    Test worker] p6spy                                    : #1665380026687 | took 0ms | statement | connection 15| url jdbc:h2:mem:ad3a9e80-f26d-4a3e-9691-17f803db5723
select favorite0_.favorite_id as favorite1_0_, favorite0_.member_id as member_i3_0_, favorite0_.name as name2_0_ from favorite favorite0_ left outer join member member1_ on favorite0_.member_id=member1_.member_id where favorite0_.name=? and member1_.member_id=?
select favorite0_.favorite_id as favorite1_0_, favorite0_.member_id as member_i3_0_, favorite0_.name as name2_0_ from favorite favorite0_ left outer join member member1_ on favorite0_.member_id=member1_.member_id where favorite0_.name='새로운 위시리스트1' and member1_.member_id=5;
2022-10-10 14:33:46.692  INFO 4460 --- [    Test worker] p6spy                                    : #1665380026692 | took 0ms | statement | connection 15| url jdbc:h2:mem:ad3a9e80-f26d-4a3e-9691-17f803db5723
select favoritesp0_.favorite_spot_id as favorite1_1_, favoritesp0_.count as count2_1_, favoritesp0_.favorite_id as favorite3_1_, favoritesp0_.spot_id as spot_id4_1_ from favorite_spot favoritesp0_ left outer join spot spot1_ on favoritesp0_.spot_id=spot1_.spot_id left outer join favorite favorite2_ on favoritesp0_.favorite_id=favorite2_.favorite_id where spot1_.spot_id=? and favorite2_.favorite_id=?
select favoritesp0_.favorite_spot_id as favorite1_1_, favoritesp0_.count as count2_1_, favoritesp0_.favorite_id as favorite3_1_, favoritesp0_.spot_id as spot_id4_1_ from favorite_spot favoritesp0_ left outer join spot spot1_ on favoritesp0_.spot_id=spot1_.spot_id left outer join favorite favorite2_ on favoritesp0_.favorite_id=favorite2_.favorite_id where spot1_.spot_id=38 and favorite2_.favorite_id=17;
2022-10-10 14:33:46.692  INFO 4460 --- [    Test worker] c.j.domain.Service.FavoriteServiceTest   : favoriteDto = FavoriteDto(id=17, name=새로운 위시리스트1)
2022-10-10 14:33:46.694  INFO 4460 --- [    Test worker] p6spy                                    : #1665380026694 | took 0ms | rollback | connection 15| url jdbc:h2:mem:ad3a9e80-f26d-4a3e-9691-17f803db5723

;
2022-10-10 14:33:46.695  INFO 4460 --- [    Test worker] o.s.t.c.transaction.TransactionContext   : Rolled back transaction for test: [DefaultTestContext@5c807e6b testClass = FavoriteServiceTest, testInstance = capstone.jejuTourrecommend.domain.Service.FavoriteServiceTest@4552f89f, testMethod = newFavoriteListTest@FavoriteServiceTest, testException = [null], mergedContextConfiguration = [WebMergedContextConfiguration@1bb6bc81 testClass = FavoriteServiceTest, locations = '{}', classes = '{class capstone.jejuTourrecommend.JejuTourRecommendApplication}', contextInitializerClasses = '[]', activeProfiles = '{}', propertySourceLocations = '{}', propertySourceProperties = '{org.springframework.boot.test.context.SpringBootTestContextBootstrapper=true}', contextCustomizers = set[org.springframework.boot.test.autoconfigure.actuate.metrics.MetricsExportContextCustomizerFactory$DisableMetricExportContextCustomizer@749c877b, org.springframework.boot.test.autoconfigure.properties.PropertyMappingContextCustomizer@0, org.springframework.boot.test.autoconfigure.web.servlet.WebDriverContextCustomizerFactory$Customizer@60f7cc1d, org.springframework.boot.test.context.filter.ExcludeFilterContextCustomizer@207ea13, org.springframework.boot.test.json.DuplicateJsonObjectContextCustomizerFactory$DuplicateJsonObjectContextCustomizer@5827af16, org.springframework.boot.test.mock.mockito.MockitoContextCustomizer@0, org.springframework.boot.test.web.client.TestRestTemplateContextCustomizer@50fe837a, org.springframework.boot.test.context.SpringBootTestArgs@1, org.springframework.boot.test.context.SpringBootTestWebEnvironment@51bd8b5c], resourceBasePath = 'src/main/webapp', contextLoader = 'org.springframework.boot.test.context.SpringBootContextLoader', parent = [null]], attributes = map['org.springframework.test.context.web.ServletTestExecutionListener.activateListener' -> true, 'org.springframework.test.context.web.ServletTestExecutionListener.populatedRequestContextHolder' -> true, 'org.springframework.test.context.web.ServletTestExecutionListener.resetRequestContextHolder' -> true, 'org.springframework.test.context.event.ApplicationEventsTestExecutionListener.recordApplicationEvents' -> false]]
2022-10-10 14:33:46.696  INFO 4460 --- [    Test worker] o.s.t.c.transaction.TransactionContext   : Began transaction (1) for test context [DefaultTestContext@5c807e6b testClass = FavoriteServiceTest, testInstance = capstone.jejuTourrecommend.domain.Service.FavoriteServiceTest@179806f3, testMethod = getFavoriteListTest@FavoriteServiceTest, testException = [null], mergedContextConfiguration = [WebMergedContextConfiguration@1bb6bc81 testClass = FavoriteServiceTest, locations = '{}', classes = '{class capstone.jejuTourrecommend.JejuTourRecommendApplication}', contextInitializerClasses = '[]', activeProfiles = '{}', propertySourceLocations = '{}', propertySourceProperties = '{org.springframework.boot.test.context.SpringBootTestContextBootstrapper=true}', contextCustomizers = set[org.springframework.boot.test.autoconfigure.actuate.metrics.MetricsExportContextCustomizerFactory$DisableMetricExportContextCustomizer@749c877b, org.springframework.boot.test.autoconfigure.properties.PropertyMappingContextCustomizer@0, org.springframework.boot.test.autoconfigure.web.servlet.WebDriverContextCustomizerFactory$Customizer@60f7cc1d, org.springframework.boot.test.context.filter.ExcludeFilterContextCustomizer@207ea13, org.springframework.boot.test.json.DuplicateJsonObjectContextCustomizerFactory$DuplicateJsonObjectContextCustomizer@5827af16, org.springframework.boot.test.mock.mockito.MockitoContextCustomizer@0, org.springframework.boot.test.web.client.TestRestTemplateContextCustomizer@50fe837a, org.springframework.boot.test.context.SpringBootTestArgs@1, org.springframework.boot.test.context.SpringBootTestWebEnvironment@51bd8b5c], resourceBasePath = 'src/main/webapp', contextLoader = 'org.springframework.boot.test.context.SpringBootContextLoader', parent = [null]], attributes = map['org.springframework.test.context.web.ServletTestExecutionListener.activateListener' -> true, 'org.springframework.test.context.web.ServletTestExecutionListener.populatedRequestContextHolder' -> true, 'org.springframework.test.context.web.ServletTestExecutionListener.resetRequestContextHolder' -> true, 'org.springframework.test.context.event.ApplicationEventsTestExecutionListener.recordApplicationEvents' -> false]]; transaction manager [org.springframework.orm.jpa.JpaTransactionManager@4545ac62]; rollback [true]
2022-10-10 14:33:46.697  INFO 4460 --- [    Test worker] c.j.domain.Service.FavoriteServiceTest   : favorite1 = Favorite(id=18, name=1일차)
2022-10-10 14:33:46.697  INFO 4460 --- [    Test worker] c.j.domain.Service.FavoriteServiceTest   : favorite5 = Favorite(id=22, name=5일차)
2022-10-10 14:33:46.698  INFO 4460 --- [    Test worker] p6spy                                    : #1665380026698 | took 0ms | statement | connection 16| url jdbc:h2:mem:ad3a9e80-f26d-4a3e-9691-17f803db5723
call next value for spot_seq
call next value for spot_seq;
2022-10-10 14:33:46.698  INFO 4460 --- [    Test worker] c.j.domain.Service.FavoriteServiceTest   : spot0 = capstone.jejuTourrecommend.domain.Spot@48c8c722
2022-10-10 14:33:46.698  INFO 4460 --- [    Test worker] c.j.domain.Service.FavoriteServiceTest   : spot14 = capstone.jejuTourrecommend.domain.Spot@2324e26c
2022-10-10 14:33:46.698  INFO 4460 --- [    Test worker] p6spy                                    : #1665380026698 | took 0ms | statement | connection 16| url jdbc:h2:mem:ad3a9e80-f26d-4a3e-9691-17f803db5723
call next value for hibernate_sequence
call next value for hibernate_sequence;
2022-10-10 14:33:46.698  INFO 4460 --- [    Test worker] p6spy                                    : #1665380026698 | took 0ms | statement | connection 16| url jdbc:h2:mem:ad3a9e80-f26d-4a3e-9691-17f803db5723
call next value for hibernate_sequence
call next value for hibernate_sequence;
2022-10-10 14:33:46.698  INFO 4460 --- [    Test worker] p6spy                                    : #1665380026698 | took 0ms | statement | connection 16| url jdbc:h2:mem:ad3a9e80-f26d-4a3e-9691-17f803db5723
call next value for hibernate_sequence
call next value for hibernate_sequence;
2022-10-10 14:33:46.699  INFO 4460 --- [    Test worker] p6spy                                    : #1665380026699 | took 0ms | statement | connection 16| url jdbc:h2:mem:ad3a9e80-f26d-4a3e-9691-17f803db5723
call next value for hibernate_sequence
call next value for hibernate_sequence;
2022-10-10 14:33:46.699  INFO 4460 --- [    Test worker] p6spy                                    : #1665380026699 | took 0ms | statement | connection 16| url jdbc:h2:mem:ad3a9e80-f26d-4a3e-9691-17f803db5723
call next value for hibernate_sequence
call next value for hibernate_sequence;
[...]
insert into favorite_spot (count, favorite_id, spot_id, favorite_spot_id) values (?, ?, ?, ?)
insert into favorite_spot (count, favorite_id, spot_id, favorite_spot_id) values (0, 23, 54, 55);
2022-10-10 14:33:46.754  INFO 4460 --- [    Test worker] p6spy                                    : #1665380026754 | took 0ms | statement | connection 17| url jdbc:h2:mem:ad3a9e80-f26d-4a3e-9691-17f803db5723
insert into picture (spot_id, url, picture_id) values (?, ?, ?)
insert into picture (spot_id, url, picture_id) values (54, 'java.io.StringReader@26db1100', 50);
2022-10-10 14:33:46.755  INFO 4460 --- [    Test worker] p6spy                                    : #1665380026755 | took 0ms | statement | connection 17| url jdbc:h2:mem:ad3a9e80-f26d-4a3e-9691-17f803db5723
insert into favorite_spot (count, favorite_id, spot_id, favorite_spot_id) values (?, ?, ?, ?)
insert into favorite_spot (count, favorite_id, spot_id, favorite_spot_id) values (0, 23, 55, 56);
2022-10-10 14:33:46.755  INFO 4460 --- [    Test worker] p6spy                                    : #1665380026755 | took 0ms | statement | connection 17| url jdbc:h2:mem:ad3a9e80-f26d-4a3e-9691-17f803db5723
insert into picture (spot_id, url, picture_id) values (?, ?, ?)
insert into picture (spot_id, url, picture_id) values (55, 'java.io.StringReader@1ed28f57', 51);
2022-10-10 14:33:46.755  INFO 4460 --- [    Test worker] p6spy                                    : #1665380026755 | took 0ms | statement | connection 17| url jdbc:h2:mem:ad3a9e80-f26d-4a3e-9691-17f803db5723
insert into favorite_spot (count, favorite_id, spot_id, favorite_spot_id) values (?, ?, ?, ?)
insert into favorite_spot (count, favorite_id, spot_id, favorite_spot_id) values (0, 23, 56, 57);
2022-10-10 14:33:46.755  INFO 4460 --- [    Test worker] p6spy                                    : #1665380026755 | took 0ms | statement | connection 17| url jdbc:h2:mem:ad3a9e80-f26d-4a3e-9691-17f803db5723
insert into picture (spot_id, url, picture_id) values (?, ?, ?)
insert into picture (spot_id, url, picture_id) values (56, 'java.io.StringReader@6068e9d9', 52);
2022-10-10 14:33:46.755  INFO 4460 --- [    Test worker] p6spy                                    : #1665380026755 | took 0ms | statement | connection 17| url jdbc:h2:mem:ad3a9e80-f26d-4a3e-9691-17f803db5723
insert into favorite_spot (count, favorite_id, spot_id, favorite_spot_id) values (?, ?, ?, ?)
insert into favorite_spot (count, favorite_id, spot_id, favorite_spot_id) values (0, 23, 57, 58);
2022-10-10 14:33:46.755  INFO 4460 --- [    Test worker] p6spy                                    : #1665380026755 | took 0ms | statement | connection 17| url jdbc:h2:mem:ad3a9e80-f26d-4a3e-9691-17f803db5723
insert into picture (spot_id, url, picture_id) values (?, ?, ?)
insert into picture (spot_id, url, picture_id) values (57, 'java.io.StringReader@140a2add', 53);
2022-10-10 14:33:46.755  INFO 4460 --- [    Test worker] p6spy                                    : #1665380026755 | took 0ms | statement | connection 17| url jdbc:h2:mem:ad3a9e80-f26d-4a3e-9691-17f803db5723
insert into favorite_spot (count, favorite_id, spot_id, favorite_spot_id) values (?, ?, ?, ?)
insert into favorite_spot (count, favorite_id, spot_id, favorite_spot_id) values (0, 23, 58, 59);
2022-10-10 14:33:46.755  INFO 4460 --- [    Test worker] p6spy                                    : #1665380026755 | took 0ms | statement | connection 17| url jdbc:h2:mem:ad3a9e80-f26d-4a3e-9691-17f803db5723
insert into picture (spot_id, url, picture_id) values (?, ?, ?)
insert into picture (spot_id, url, picture_id) values (58, 'java.io.StringReader@467310c6', 54);
2022-10-10 14:33:46.756  INFO 4460 --- [    Test worker] p6spy                                    : #1665380026756 | took 0ms | statement | connection 17| url jdbc:h2:mem:ad3a9e80-f26d-4a3e-9691-17f803db5723
insert into favorite_spot (count, favorite_id, spot_id, favorite_spot_id) values (?, ?, ?, ?)
insert into favorite_spot (count, favorite_id, spot_id, favorite_spot_id) values (0, 24, 59, 60);
2022-10-10 14:33:46.756  INFO 4460 --- [    Test worker] p6spy                                    : #1665380026756 | took 0ms | statement | connection 17| url jdbc:h2:mem:ad3a9e80-f26d-4a3e-9691-17f803db5723
insert into picture (spot_id, url, picture_id) values (?, ?, ?)
insert into picture (spot_id, url, picture_id) values (59, 'java.io.StringReader@2857dbe3', 55);
2022-10-10 14:33:46.756  INFO 4460 --- [    Test worker] p6spy                                    : #1665380026756 | took 0ms | statement | connection 17| url jdbc:h2:mem:ad3a9e80-f26d-4a3e-9691-17f803db5723
insert into favorite_spot (count, favorite_id, spot_id, favorite_spot_id) values (?, ?, ?, ?)
insert into favorite_spot (count, favorite_id, spot_id, favorite_spot_id) values (0, 24, 60, 61);
2022-10-10 14:33:46.756  INFO 4460 --- [    Test worker] p6spy                                    : #1665380026756 | took 0ms | statement | connection 17| url jdbc:h2:mem:ad3a9e80-f26d-4a3e-9691-17f803db5723
insert into picture (spot_id, url, picture_id) values (?, ?, ?)
insert into picture (spot_id, url, picture_id) values (60, 'java.io.StringReader@6f8f0c59', 56);
2022-10-10 14:33:46.756  INFO 4460 --- [    Test worker] p6spy                                    : #1665380026756 | took 0ms | statement | connection 17| url jdbc:h2:mem:ad3a9e80-f26d-4a3e-9691-17f803db5723
insert into favorite_spot (count, favorite_id, spot_id, favorite_spot_id) values (?, ?, ?, ?)
insert into favorite_spot (count, favorite_id, spot_id, favorite_spot_id) values (0, 24, 61, 62);
2022-10-10 14:33:46.756  INFO 4460 --- [    Test worker] p6spy                                    : #1665380026756 | took 0ms | statement | connection 17| url jdbc:h2:mem:ad3a9e80-f26d-4a3e-9691-17f803db5723
insert into picture (spot_id, url, picture_id) values (?, ?, ?)
insert into picture (spot_id, url, picture_id) values (61, 'java.io.StringReader@496203da', 57);
2022-10-10 14:33:46.756  INFO 4460 --- [    Test worker] p6spy                                    : #1665380026756 | took 0ms | statement | connection 17| url jdbc:h2:mem:ad3a9e80-f26d-4a3e-9691-17f803db5723
insert into favorite_spot (count, favorite_id, spot_id, favorite_spot_id) values (?, ?, ?, ?)
insert into favorite_spot (count, favorite_id, spot_id, favorite_spot_id) values (0, 24, 62, 63);
2022-10-10 14:33:46.757  INFO 4460 --- [    Test worker] p6spy                                    : #1665380026757 | took 0ms | statement | connection 17| url jdbc:h2:mem:ad3a9e80-f26d-4a3e-9691-17f803db5723
insert into picture (spot_id, url, picture_id) values (?, ?, ?)
insert into picture (spot_id, url, picture_id) values (62, 'java.io.StringReader@3c3b7825', 58);
2022-10-10 14:33:46.757  INFO 4460 --- [    Test worker] p6spy                                    : #1665380026757 | took 0ms | statement | connection 17| url jdbc:h2:mem:ad3a9e80-f26d-4a3e-9691-17f803db5723
insert into favorite_spot (count, favorite_id, spot_id, favorite_spot_id) values (?, ?, ?, ?)
insert into favorite_spot (count, favorite_id, spot_id, favorite_spot_id) values (0, 24, 63, 64);
2022-10-10 14:33:46.757  INFO 4460 --- [    Test worker] p6spy                                    : #1665380026757 | took 0ms | statement | connection 17| url jdbc:h2:mem:ad3a9e80-f26d-4a3e-9691-17f803db5723
insert into picture (spot_id, url, picture_id) values (?, ?, ?)
insert into picture (spot_id, url, picture_id) values (63, 'java.io.StringReader@5192abb4', 59);
2022-10-10 14:33:46.757  INFO 4460 --- [    Test worker] p6spy                                    : #1665380026757 | took 0ms | statement | connection 17| url jdbc:h2:mem:ad3a9e80-f26d-4a3e-9691-17f803db5723
insert into favorite_spot (count, favorite_id, spot_id, favorite_spot_id) values (?, ?, ?, ?)
insert into favorite_spot (count, favorite_id, spot_id, favorite_spot_id) values (0, 25, 64, 65);
2022-10-10 14:33:46.757  INFO 4460 --- [    Test worker] p6spy                                    : #1665380026757 | took 0ms | statement | connection 17| url jdbc:h2:mem:ad3a9e80-f26d-4a3e-9691-17f803db5723
insert into picture (spot_id, url, picture_id) values (?, ?, ?)
insert into picture (spot_id, url, picture_id) values (64, 'java.io.StringReader@2be41d90', 60);
2022-10-10 14:33:46.757  INFO 4460 --- [    Test worker] p6spy                                    : #1665380026757 | took 0ms | statement | connection 17| url jdbc:h2:mem:ad3a9e80-f26d-4a3e-9691-17f803db5723
insert into favorite_spot (count, favorite_id, spot_id, favorite_spot_id) values (?, ?, ?, ?)
insert into favorite_spot (count, favorite_id, spot_id, favorite_spot_id) values (0, 25, 65, 66);
2022-10-10 14:33:46.757  INFO 4460 --- [    Test worker] p6spy                                    : #1665380026757 | took 0ms | statement | connection 17| url jdbc:h2:mem:ad3a9e80-f26d-4a3e-9691-17f803db5723
insert into picture (spot_id, url, picture_id) values (?, ?, ?)
insert into picture (spot_id, url, picture_id) values (65, 'java.io.StringReader@762f5d34', 61);
2022-10-10 14:33:46.757  INFO 4460 --- [    Test worker] p6spy                                    : #1665380026757 | took 0ms | statement | connection 17| url jdbc:h2:mem:ad3a9e80-f26d-4a3e-9691-17f803db5723
insert into favorite_spot (count, favorite_id, spot_id, favorite_spot_id) values (?, ?, ?, ?)
insert into favorite_spot (count, favorite_id, spot_id, favorite_spot_id) values (0, 25, 66, 67);
2022-10-10 14:33:46.758  INFO 4460 --- [    Test worker] p6spy                                    : #1665380026758 | took 0ms | statement | connection 17| url jdbc:h2:mem:ad3a9e80-f26d-4a3e-9691-17f803db5723
insert into picture (spot_id, url, picture_id) values (?, ?, ?)
insert into picture (spot_id, url, picture_id) values (66, 'java.io.StringReader@427937c1', 62);
2022-10-10 14:33:46.758  INFO 4460 --- [    Test worker] p6spy                                    : #1665380026758 | took 0ms | statement | connection 17| url jdbc:h2:mem:ad3a9e80-f26d-4a3e-9691-17f803db5723
insert into favorite_spot (count, favorite_id, spot_id, favorite_spot_id) values (?, ?, ?, ?)
insert into favorite_spot (count, favorite_id, spot_id, favorite_spot_id) values (0, 25, 67, 68);
2022-10-10 14:33:46.758  INFO 4460 --- [    Test worker] p6spy                                    : #1665380026758 | took 0ms | statement | connection 17| url jdbc:h2:mem:ad3a9e80-f26d-4a3e-9691-17f803db5723
insert into picture (spot_id, url, picture_id) values (?, ?, ?)
insert into picture (spot_id, url, picture_id) values (67, 'java.io.StringReader@2c952e6', 63);
2022-10-10 14:33:46.758  INFO 4460 --- [    Test worker] p6spy                                    : #1665380026758 | took 0ms | statement | connection 17| url jdbc:h2:mem:ad3a9e80-f26d-4a3e-9691-17f803db5723
insert into favorite_spot (count, favorite_id, spot_id, favorite_spot_id) values (?, ?, ?, ?)
insert into favorite_spot (count, favorite_id, spot_id, favorite_spot_id) values (0, 25, 68, 69);
2022-10-10 14:33:46.758  INFO 4460 --- [    Test worker] p6spy                                    : #1665380026758 | took 0ms | statement | connection 17| url jdbc:h2:mem:ad3a9e80-f26d-4a3e-9691-17f803db5723
insert into picture (spot_id, url, picture_id) values (?, ?, ?)
insert into picture (spot_id, url, picture_id) values (68, 'java.io.StringReader@2f087301', 64);
2022-10-10 14:33:46.759  INFO 4460 --- [    Test worker] p6spy                                    : #1665380026759 | took 0ms | statement | connection 17| url jdbc:h2:mem:ad3a9e80-f26d-4a3e-9691-17f803db5723
select spot0_.spot_id as spot_id1_7_, spot0_.address as address2_7_, spot0_.description as descript3_7_, spot0_.location as location4_7_, spot0_.name as name5_7_, spot0_.score_id as score_id6_7_ from spot spot0_ where spot0_.name=?
select spot0_.spot_id as spot_id1_7_, spot0_.address as address2_7_, spot0_.description as descript3_7_, spot0_.location as location4_7_, spot0_.name as name5_7_, spot0_.score_id as score_id6_7_ from spot spot0_ where spot0_.name='관광지 0';
2022-10-10 14:33:46.759  INFO 4460 --- [    Test worker] p6spy                                    : #1665380026759 | took 0ms | statement | connection 17| url jdbc:h2:mem:ad3a9e80-f26d-4a3e-9691-17f803db5723
select member0_.member_id as member_i1_2_, member0_.created_date as created_2_2_, member0_.last_modified_date as last_mod3_2_, member0_.created_by as created_4_2_, member0_.last_modified_by as last_mod5_2_, member0_.email as email6_2_, member0_.password as password7_2_, member0_.refresh_token as refresh_8_2_, member0_.role as role9_2_, member0_.username as usernam10_2_ from member member0_ where member0_.email=?
select member0_.member_id as member_i1_2_, member0_.created_date as created_2_2_, member0_.last_modified_date as last_mod3_2_, member0_.created_by as created_4_2_, member0_.last_modified_by as last_mod5_2_, member0_.email as email6_2_, member0_.password as password7_2_, member0_.refresh_token as refresh_8_2_, member0_.role as role9_2_, member0_.username as usernam10_2_ from member member0_ where member0_.email='em@naver.com';
2022-10-10 14:33:46.760  INFO 4460 --- [    Test worker] p6spy                                    : #1665380026760 | took 0ms | statement | connection 17| url jdbc:h2:mem:ad3a9e80-f26d-4a3e-9691-17f803db5723
select favorite0_.favorite_id as favorite1_0_, favorite0_.member_id as member_i3_0_, favorite0_.name as name2_0_ from favorite favorite0_ left outer join member member1_ on favorite0_.member_id=member1_.member_id where favorite0_.name=? and member1_.member_id=?
select favorite0_.favorite_id as favorite1_0_, favorite0_.member_id as member_i3_0_, favorite0_.name as name2_0_ from favorite favorite0_ left outer join member member1_ on favorite0_.member_id=member1_.member_id where favorite0_.name='5일차' and member1_.member_id=7;
2022-10-10 14:33:46.761  INFO 4460 --- [    Test worker] p6spy                                    : #1665380026761 | took 0ms | statement | connection 17| url jdbc:h2:mem:ad3a9e80-f26d-4a3e-9691-17f803db5723
select spot0_.spot_id as spot_id1_7_, spot0_.address as address2_7_, spot0_.description as descript3_7_, spot0_.location as location4_7_, spot0_.name as name5_7_, spot0_.score_id as score_id6_7_ from spot spot0_ where spot0_.spot_id=?
select spot0_.spot_id as spot_id1_7_, spot0_.address as address2_7_, spot0_.description as descript3_7_, spot0_.location as location4_7_, spot0_.name as name5_7_, spot0_.score_id as score_id6_7_ from spot spot0_ where spot0_.spot_id=54;
2022-10-10 14:33:46.762  INFO 4460 --- [    Test worker] p6spy                                    : #1665380026762 | took 0ms | statement | connection 17| url jdbc:h2:mem:ad3a9e80-f26d-4a3e-9691-17f803db5723
select favorite0_.favorite_id as favorite1_0_, favorite0_.member_id as member_i3_0_, favorite0_.name as name2_0_ from favorite favorite0_ where favorite0_.favorite_id=?
select favorite0_.favorite_id as favorite1_0_, favorite0_.member_id as member_i3_0_, favorite0_.name as name2_0_ from favorite favorite0_ where favorite0_.favorite_id=27;
2022-10-10 14:33:46.763  INFO 4460 --- [    Test worker] p6spy                                    : #1665380026763 | took 0ms | statement | connection 17| url jdbc:h2:mem:ad3a9e80-f26d-4a3e-9691-17f803db5723
select favoritesp0_.favorite_spot_id as favorite1_1_, favoritesp0_.count as count2_1_, favoritesp0_.favorite_id as favorite3_1_, favoritesp0_.spot_id as spot_id4_1_ from favorite_spot favoritesp0_ left outer join spot spot1_ on favoritesp0_.spot_id=spot1_.spot_id left outer join favorite favorite2_ on favoritesp0_.favorite_id=favorite2_.favorite_id where spot1_.spot_id=? and favorite2_.favorite_id=?
select favoritesp0_.favorite_spot_id as favorite1_1_, favoritesp0_.count as count2_1_, favoritesp0_.favorite_id as favorite3_1_, favoritesp0_.spot_id as spot_id4_1_ from favorite_spot favoritesp0_ left outer join spot spot1_ on favoritesp0_.spot_id=spot1_.spot_id left outer join favorite favorite2_ on favoritesp0_.favorite_id=favorite2_.favorite_id where spot1_.spot_id=54 and favorite2_.favorite_id=27;
2022-10-10 14:33:46.763  INFO 4460 --- [    Test worker] p6spy                                    : #1665380026763 | took 0ms | statement | connection 17| url jdbc:h2:mem:ad3a9e80-f26d-4a3e-9691-17f803db5723
insert into favorite_spot (count, favorite_id, spot_id, favorite_spot_id) values (?, ?, ?, ?)
insert into favorite_spot (count, favorite_id, spot_id, favorite_spot_id) values (0, 27, 54, 70);
2022-10-10 14:33:46.764  INFO 4460 --- [    Test worker] p6spy                                    : #1665380026764 | took 0ms | statement | connection 17| url jdbc:h2:mem:ad3a9e80-f26d-4a3e-9691-17f803db5723
select favoritesp0_.favorite_spot_id as favorite1_1_, favoritesp0_.count as count2_1_, favoritesp0_.favorite_id as favorite3_1_, favoritesp0_.spot_id as spot_id4_1_ from favorite_spot favoritesp0_ left outer join spot spot1_ on favoritesp0_.spot_id=spot1_.spot_id left outer join favorite favorite2_ on favoritesp0_.favorite_id=favorite2_.favorite_id where spot1_.spot_id=? and favorite2_.favorite_id=?
select favoritesp0_.favorite_spot_id as favorite1_1_, favoritesp0_.count as count2_1_, favoritesp0_.favorite_id as favorite3_1_, favoritesp0_.spot_id as spot_id4_1_ from favorite_spot favoritesp0_ left outer join spot spot1_ on favoritesp0_.spot_id=spot1_.spot_id left outer join favorite favorite2_ on favoritesp0_.favorite_id=favorite2_.favorite_id where spot1_.spot_id=54 and favorite2_.favorite_id=27;
2022-10-10 14:33:46.765  INFO 4460 --- [    Test worker] p6spy                                    : #1665380026765 | took 0ms | rollback | connection 17| url jdbc:h2:mem:ad3a9e80-f26d-4a3e-9691-17f803db5723

;
2022-10-10 14:33:46.765  INFO 4460 --- [    Test worker] o.s.t.c.transaction.TransactionContext   : Rolled back transaction for test: [DefaultTestContext@5c807e6b testClass = FavoriteServiceTest, testInstance = capstone.jejuTourrecommend.domain.Service.FavoriteServiceTest@1c1e971c, testMethod = postFavoriteFormTest@FavoriteServiceTest, testException = [null], mergedContextConfiguration = [WebMergedContextConfiguration@1bb6bc81 testClass = FavoriteServiceTest, locations = '{}', classes = '{class capstone.jejuTourrecommend.JejuTourRecommendApplication}', contextInitializerClasses = '[]', activeProfiles = '{}', propertySourceLocations = '{}', propertySourceProperties = '{org.springframework.boot.test.context.SpringBootTestContextBootstrapper=true}', contextCustomizers = set[org.springframework.boot.test.autoconfigure.actuate.metrics.MetricsExportContextCustomizerFactory$DisableMetricExportContextCustomizer@749c877b, org.springframework.boot.test.autoconfigure.properties.PropertyMappingContextCustomizer@0, org.springframework.boot.test.autoconfigure.web.servlet.WebDriverContextCustomizerFactory$Customizer@60f7cc1d, org.springframework.boot.test.context.filter.ExcludeFilterContextCustomizer@207ea13, org.springframework.boot.test.json.DuplicateJsonObjectContextCustomizerFactory$DuplicateJsonObjectContextCustomizer@5827af16, org.springframework.boot.test.mock.mockito.MockitoContextCustomizer@0, org.springframework.boot.test.web.client.TestRestTemplateContextCustomizer@50fe837a, org.springframework.boot.test.context.SpringBootTestArgs@1, org.springframework.boot.test.context.SpringBootTestWebEnvironment@51bd8b5c], resourceBasePath = 'src/main/webapp', contextLoader = 'org.springframework.boot.test.context.SpringBootContextLoader', parent = [null]], attributes = map['org.springframework.test.context.web.ServletTestExecutionListener.activateListener' -> true, 'org.springframework.test.context.web.ServletTestExecutionListener.populatedRequestContextHolder' -> true, 'org.springframework.test.context.web.ServletTestExecutionListener.resetRequestContextHolder' -> true, 'org.springframework.test.context.event.ApplicationEventsTestExecutionListener.recordApplicationEvents' -> false]]
]]></system-out>
  <system-err><![CDATA[]]></system-err>
</testsuite>
